{"numTotalTestSuites":274,"numPassedTestSuites":272,"numFailedTestSuites":2,"numPendingTestSuites":0,"numTotalTests":1328,"numPassedTests":1326,"numFailedTests":1,"numPendingTests":1,"numTodoTests":0,"snapshot":{"added":0,"failure":false,"filesAdded":0,"filesRemoved":0,"filesRemovedList":[],"filesUnmatched":0,"filesUpdated":0,"matched":0,"total":0,"unchecked":0,"uncheckedKeysByFile":[],"unmatched":0,"updated":0,"didUpdate":false},"startTime":1789285796965,"success":false,"testResults":[{"assertionResults":[{"ancestorTitles":["mobile application shell"],"fullName":"mobile application shell keeps the four daily destinations in the bottom navigation","status":"passed","title":"keeps the four daily destinations in the bottom navigation","duration":5.581900000000019,"failureMessages":[],"meta":{}},{"ancestorTitles":["mobile application shell"],"fullName":"mobile application shell keeps secondary destinations available from the mobile menu","status":"passed","title":"keeps secondary destinations available from the mobile menu","duration":0.4068999999999505,"failureMessages":[],"meta":{}},{"ancestorTitles":["mobile application shell"],"fullName":"mobile application shell does not duplicate destinations across the mobile navigation layers","status":"passed","title":"does not duplicate destinations across the mobile navigation layers","duration":1.237100000000055,"failureMessages":[],"meta":{}}],"startTime":1789285804492,"endTime":1789285804500.237,"status":"passed","message":"","name":"C:/Users/Winner/student-affairs-multimodal-exp/src/mobileLayout.test.ts"},{"assertionResults":[{"ancestorTitles":["RCO-5-009 B9 pure evaluation"],"fullName":"RCO-5-009 B9 pure evaluation passes exact candidate identity, issue, revision, OOV and condition invariants","status":"passed","title":"passes exact candidate identity, issue, revision, OOV and condition invariants","duration":8.617099999999937,"failureMessages":[],"meta":{}},{"ancestorTitles":["RCO-5-009 B9 pure evaluation"],"fullName":"RCO-5-009 B9 pure evaluation fails an altered occurrence span and object ownership without text-based recovery","status":"passed","title":"fails an altered occurrence span and object ownership without text-based recovery","duration":3.276499999999942,"failureMessages":[],"meta":{}},{"ancestorTitles":["RCO-5-009 B9 pure evaluation"],"fullName":"RCO-5-009 B9 pure evaluation recomputes source identity and the frozen candidate policy instead of trusting self-reported values","status":"passed","title":"recomputes source identity and the frozen candidate policy instead of trusting self-reported values","duration":1.9101000000000568,"failureMessages":[],"meta":{}},{"ancestorTitles":["RCO-5-009 B9 pure evaluation"],"fullName":"RCO-5-009 B9 pure evaluation keeps shared object spans owned by each current candidate","status":"passed","title":"keeps shared object spans owned by each current candidate","duration":1.749300000000062,"failureMessages":[],"meta":{}},{"ancestorTitles":["RCO-5-009 B9 pure evaluation"],"fullName":"RCO-5-009 B9 pure evaluation scores expected issue codes and the positive revision relation exactly","status":"passed","title":"scores expected issue codes and the positive revision relation exactly","duration":1.4925000000000637,"failureMessages":[],"meta":{}},{"ancestorTitles":["RCO-5-009 B9 pure evaluation"],"fullName":"RCO-5-009 B9 pure evaluation derives the OOV unresolved scope and condition no-match requirements from tags","status":"passed","title":"derives the OOV unresolved scope and condition no-match requirements from tags","duration":1.2744000000000142,"failureMessages":[],"meta":{}},{"ancestorTitles":["RCO-5-009 B9 pure evaluation"],"fullName":"RCO-5-009 B9 pure evaluation rejects an extra default selection even when it is otherwise a valid task","status":"passed","title":"rejects an extra default selection even when it is otherwise a valid task","duration":1.303700000000049,"failureMessages":[],"meta":{}},{"ancestorTitles":["RCO-5-009 B9 pure evaluation"],"fullName":"RCO-5-009 B9 pure evaluation keeps the one-shot runner on the direct candidate path and free of external dispatch hooks","status":"passed","title":"keeps the one-shot runner on the direct candidate path and free of external dispatch hooks","duration":6.642800000000079,"failureMessages":[],"meta":{}}],"startTime":1789285802989,"endTime":1789285803015.6428,"status":"passed","message":"","name":"C:/Users/Winner/student-affairs-multimodal-exp/scripts/rco-5-009-b9-evaluation.test.ts"},{"assertionResults":[{"ancestorTitles":["calendar summaries"],"fullName":"calendar summaries builds a stable six-week Monday-first month grid","status":"passed","title":"builds a stable six-week Monday-first month grid","duration":38.077600000000075,"failureMessages":[],"meta":{}},{"ancestorTitles":["calendar summaries"],"fullName":"calendar summaries groups tasks by full local date instead of mixing the same day across months","status":"passed","title":"groups tasks by full local date instead of mixing the same day across months","duration":0.9565999999999804,"failureMessages":[],"meta":{}},{"ancestorTitles":["calendar summaries"],"fullName":"calendar summaries compresses a busy day into one action-led headline and counts risks","status":"passed","title":"compresses a busy day into one action-led headline and counts risks","duration":2.1059000000000196,"failureMessages":[],"meta":{}},{"ancestorTitles":["calendar summaries"],"fullName":"calendar summaries keeps a readable compact action label for narrow calendar cells","status":"passed","title":"keeps a readable compact action label for narrow calendar cells","duration":0.3692999999999529,"failureMessages":[],"meta":{}},{"ancestorTitles":["calendar summaries"],"fullName":"calendar summaries uses local date keys without UTC day drift","status":"passed","title":"uses local date keys without UTC day drift","duration":0.8511000000000877,"failureMessages":[],"meta":{}},{"ancestorTitles":["calendar summaries"],"fullName":"calendar summaries groups canonical events and includes them in day summaries","status":"passed","title":"groups canonical events and includes them in day summaries","duration":1.2726000000000113,"failureMessages":[],"meta":{}},{"ancestorTitles":["calendar summaries"],"fullName":"calendar summaries returns the complete upcoming task and event timeline without truncation","status":"passed","title":"returns the complete upcoming task and event timeline without truncation","duration":1.0068999999999733,"failureMessages":[],"meta":{}},{"ancestorTitles":["calendar summaries"],"fullName":"calendar summaries keeps null and invalid event times in an explicit undated queue","status":"passed","title":"keeps null and invalid event times in an explicit undated queue","duration":0.44439999999997326,"failureMessages":[],"meta":{}}],"startTime":1789285802185,"endTime":1789285802230.4443,"status":"passed","message":"","name":"C:/Users/Winner/student-affairs-multimodal-exp/src/lib/calendar.test.ts"},{"assertionResults":[{"ancestorTitles":["mobile calendar exports"],"fullName":"mobile calendar exports creates a calendar event with a real display alarm","status":"passed","title":"creates a calendar event with a real display alarm","duration":36.436300000000074,"failureMessages":[],"meta":{}},{"ancestorTitles":["mobile calendar exports"],"fullName":"mobile calendar exports creates standards-based VTODO records and skips completed tasks","status":"passed","title":"creates standards-based VTODO records and skips completed tasks","duration":2.8677000000000135,"failureMessages":[],"meta":{}},{"ancestorTitles":["mobile calendar exports"],"fullName":"mobile calendar exports exports date-only deadlines as all-day calendar values","status":"passed","title":"exports date-only deadlines as all-day calendar values","duration":0.6147999999999456,"failureMessages":[],"meta":{}},{"ancestorTitles":["mobile calendar exports"],"fullName":"mobile calendar exports preserves an explicit reminder for an all-day task","status":"passed","title":"preserves an explicit reminder for an all-day task","duration":1.6205999999999676,"failureMessages":[],"meta":{}}],"startTime":1789285802503,"endTime":1789285802544.6206,"status":"passed","message":"","name":"C:/Users/Winner/student-affairs-multimodal-exp/src/lib/calendarExport.test.ts"},{"assertionResults":[{"ancestorTitles":["smart intake"],"fullName":"smart intake uses DeepSeek suggestions while keeping the source locally traceable","status":"passed","title":"uses DeepSeek suggestions while keeping the source locally traceable","duration":46.69979999999998,"failureMessages":[],"meta":{}},{"ancestorTitles":["smart intake"],"fullName":"smart intake falls back to local rules without losing the source when the proxy is unavailable","status":"passed","title":"falls back to local rules without losing the source when the proxy is unavailable","duration":2.4764000000000124,"failureMessages":[],"meta":{}},{"ancestorTitles":["smart intake"],"fullName":"smart intake does not send a bare link to DeepSeek as if it were webpage content","status":"passed","title":"does not send a bare link to DeepSeek as if it were webpage content","duration":1.6178999999999633,"failureMessages":[],"meta":{}},{"ancestorTitles":["smart intake"],"fullName":"smart intake sends only server-extracted link text to DeepSeek","status":"passed","title":"sends only server-extracted link text to DeepSeek","duration":2.338200000000029,"failureMessages":[],"meta":{}},{"ancestorTitles":["smart intake"],"fullName":"smart intake deduplicates identical in-flight requests and caches by prompt version","status":"passed","title":"deduplicates identical in-flight requests and caches by prompt version","duration":21.453300000000013,"failureMessages":[],"meta":{}},{"ancestorTitles":["smart intake"],"fullName":"smart intake uses the isolated multimodal endpoint only for an explicit ephemeral image payload","status":"passed","title":"uses the isolated multimodal endpoint only for an explicit ephemeral image payload","duration":8.137099999999919,"failureMessages":[],"meta":{}}],"startTime":1789285801983,"endTime":1789285802066.1372,"status":"passed","message":"","name":"C:/Users/Winner/student-affairs-multimodal-exp/src/lib/deepseekExtraction.test.ts"},{"assertionResults":[{"ancestorTitles":["canonical workspace entities"],"fullName":"canonical workspace entities materializes traceable time points, materials, and safe reminder states","status":"passed","title":"materializes traceable time points, materials, and safe reminder states","duration":33.31110000000001,"failureMessages":[],"meta":{}},{"ancestorTitles":["canonical workspace entities"],"fullName":"canonical workspace entities preserves an explicit six-state material workflow","status":"passed","title":"preserves an explicit six-state material workflow","duration":0.9209999999999354,"failureMessages":[],"meta":{}},{"ancestorTitles":["canonical workspace entities"],"fullName":"canonical workspace entities preserves exact reminder delivery state without inventing sent timestamps","status":"passed","title":"preserves exact reminder delivery state without inventing sent timestamps","duration":0.9757999999999356,"failureMessages":[],"meta":{}}],"startTime":1789285802652,"endTime":1789285802686.9758,"status":"passed","message":"","name":"C:/Users/Winner/student-affairs-multimodal-exp/src/lib/domainEntities.test.ts"},{"assertionResults":[{"ancestorTitles":["HttpEmailClient"],"fullName":"HttpEmailClient keeps service token in the authorization header","status":"passed","title":"keeps service token in the authorization header","duration":7.349100000000021,"failureMessages":[],"meta":{}},{"ancestorTitles":["HttpEmailClient"],"fullName":"HttpEmailClient does not describe blocked jobs as sent","status":"passed","title":"does not describe blocked jobs as sent","duration":0.4048999999999978,"failureMessages":[],"meta":{}}],"startTime":1789285803674,"endTime":1789285803682.4048,"status":"passed","message":"","name":"C:/Users/Winner/student-affairs-multimodal-exp/src/lib/emailClient.test.ts"},{"assertionResults":[{"ancestorTitles":["classifyFile"],"fullName":"classifyFile 识别文本、PDF 和图片","status":"passed","title":"识别文本、PDF 和图片","duration":2.1014999999999873,"failureMessages":[],"meta":{}},{"ancestorTitles":["classifyFile"],"fullName":"classifyFile 识别本机安全解析的 DOCX","status":"passed","title":"识别本机安全解析的 DOCX","duration":0.36039999999979955,"failureMessages":[],"meta":{}},{"ancestorTitles":["text decoding and structure"],"fullName":"text decoding and structure distinguishes UTF-8 BOM and GB18030 bytes","status":"passed","title":"distinguishes UTF-8 BOM and GB18030 bytes","duration":3.251500000000078,"failureMessages":[],"meta":{}},{"ancestorTitles":["text decoding and structure"],"fullName":"text decoding and structure preserves Markdown headings, lists, tables, quotes and code fences","status":"passed","title":"preserves Markdown headings, lists, tables, quotes and code fences","duration":7.319099999999935,"failureMessages":[],"meta":{}},{"ancestorTitles":["text decoding and structure"],"fullName":"text decoding and structure fails closed instead of passing undecodable mojibake","status":"passed","title":"fails closed instead of passing undecodable mojibake","duration":1.1158999999997832,"failureMessages":[],"meta":{}},{"ancestorTitles":["normalizeExtractedText"],"fullName":"normalizeExtractedText 清理空字符和过多空行，同时保留段落","status":"passed","title":"清理空字符和过多空行，同时保留段落","duration":0.2335000000000491,"failureMessages":[],"meta":{}},{"ancestorTitles":["normalizeExtractedText"],"fullName":"normalizeExtractedText fails closed above the safety ceiling instead of silently keeping only the head","status":"passed","title":"fails closed above the safety ceiling instead of silently keeping only the head","duration":65.25869999999986,"failureMessages":[],"meta":{}},{"ancestorTitles":["normalizeExtractedText"],"fullName":"normalizeExtractedText keeps long content complete in ordered overlapping hashed chunks","status":"passed","title":"keeps long content complete in ordered overlapping hashed chunks","duration":28.049299999999903,"failureMessages":[],"meta":{}},{"ancestorTitles":["DOCX safety and structure"],"fullName":"DOCX safety and structure preserves headings, numbered paragraphs and table cells in document order","status":"passed","title":"preserves headings, numbered paragraphs and table cells in document order","duration":24.916100000000142,"failureMessages":[],"meta":{}},{"ancestorTitles":["DOCX safety and structure"],"fullName":"DOCX safety and structure rejects external relationships before parsing content","status":"passed","title":"rejects external relationships before parsing content","duration":28.03300000000013,"failureMessages":[],"meta":{}},{"ancestorTitles":["file safety limits"],"fullName":"file safety limits rejects oversized files before parsing","status":"passed","title":"rejects oversized files before parsing","duration":16.503400000000056,"failureMessages":[],"meta":{}},{"ancestorTitles":["file safety limits"],"fullName":"file safety limits runs image OCR locally and returns editable text","status":"passed","title":"runs image OCR locally and returns editable text","duration":8.093200000000024,"failureMessages":[],"meta":{}},{"ancestorTitles":["file safety limits"],"fullName":"file safety limits does not clamp invalid OCR confidence 101 into a plausible value","status":"passed","title":"does not clamp invalid OCR confidence 101 into a plausible value","duration":11.697799999999916,"failureMessages":[],"meta":{}},{"ancestorTitles":["file safety limits"],"fullName":"file safety limits does not clamp invalid OCR confidence -1 into a plausible value","status":"passed","title":"does not clamp invalid OCR confidence -1 into a plausible value","duration":15.163299999999936,"failureMessages":[],"meta":{}},{"ancestorTitles":["file safety limits"],"fullName":"file safety limits does not clamp invalid OCR confidence NaN into a plausible value","status":"passed","title":"does not clamp invalid OCR confidence NaN into a plausible value","duration":6.186300000000074,"failureMessages":[],"meta":{}},{"ancestorTitles":["file safety limits"],"fullName":"file safety limits does not clamp invalid OCR confidence Infinity into a plausible value","status":"passed","title":"does not clamp invalid OCR confidence Infinity into a plausible value","duration":1.6372000000001208,"failureMessages":[],"meta":{}},{"ancestorTitles":["file safety limits"],"fullName":"file safety limits keeps valid OCR boundary confidence 0 as 0","status":"passed","title":"keeps valid OCR boundary confidence 0 as 0","duration":2.6114000000000033,"failureMessages":[],"meta":{}},{"ancestorTitles":["file safety limits"],"fullName":"file safety limits keeps valid OCR boundary confidence 100 as 1","status":"passed","title":"keeps valid OCR boundary confidence 100 as 1","duration":16.067599999999857,"failureMessages":[],"meta":{}},{"ancestorTitles":["file safety limits"],"fullName":"file safety limits marks a mixed PDF with empty text-layer pages as partial evidence","status":"passed","title":"marks a mixed PDF with empty text-layer pages as partial evidence","duration":15.173800000000028,"failureMessages":[],"meta":{}},{"ancestorTitles":["file safety limits"],"fullName":"file safety limits marks scanned PDF OCR page limits instead of presenting the result as complete","status":"passed","title":"marks scanned PDF OCR page limits instead of presenting the result as complete","duration":11.56939999999986,"failureMessages":[],"meta":{}},{"ancestorTitles":["file safety limits"],"fullName":"file safety limits drops a stale generation before its extraction result can be returned","status":"passed","title":"drops a stale generation before its extraction result can be returned","duration":0.7000000000000455,"failureMessages":[],"meta":{}},{"ancestorTitles":["file safety limits"],"fullName":"file safety limits suppresses progress emitted by a stale OCR generation","status":"passed","title":"suppresses progress emitted by a stale OCR generation","duration":58.08540000000016,"failureMessages":[],"meta":{}},{"ancestorTitles":["file safety limits"],"fullName":"file safety limits drops a stale generation while its hash is still pending","status":"passed","title":"drops a stale generation while its hash is still pending","duration":0.5300999999999476,"failureMessages":[],"meta":{}}],"startTime":1789285798541,"endTime":1789285798866.53,"status":"passed","message":"","name":"C:/Users/Winner/student-affairs-multimodal-exp/src/lib/fileExtraction.test.ts"},{"assertionResults":[{"ancestorTitles":["intake submission gate"],"fullName":"intake submission gate allows saving a titled HTTPS link without pretending its body was read","status":"passed","title":"allows saving a titled HTTPS link without pretending its body was read","duration":3.0166000000000395,"failureMessages":[],"meta":{}},{"ancestorTitles":["intake submission gate"],"fullName":"intake submission gate allows an OCR error after the user supplies non-empty source text","status":"passed","title":"allows an OCR error after the user supplies non-empty source text","duration":0.36850000000004,"failureMessages":[],"meta":{}},{"ancestorTitles":["intake submission gate"],"fullName":"intake submission gate allows a scanned or damaged PDF error after the user supplies non-empty source text","status":"passed","title":"allows a scanned or damaged PDF error after the user supplies non-empty source text","duration":0.323099999999954,"failureMessages":[],"meta":{}},{"ancestorTitles":["intake submission gate"],"fullName":"intake submission gate keeps extraction errors blocked while the manual source text is empty","status":"passed","title":"keeps extraction errors blocked while the manual source text is empty","duration":0.2238999999999578,"failureMessages":[],"meta":{}},{"ancestorTitles":["intake submission gate"],"fullName":"intake submission gate keeps submission blocked while local extraction is still reading","status":"passed","title":"keeps submission blocked while local extraction is still reading","duration":0.19319999999993342,"failureMessages":[],"meta":{}},{"ancestorTitles":["intake result"],"fullName":"intake result carries extraction partiality and quality flags into source review metadata","status":"passed","title":"carries extraction partiality and quality flags into source review metadata","duration":1.0031999999999925,"failureMessages":[],"meta":{}},{"ancestorTitles":["intake result"],"fullName":"intake result creates one traceable source and multiple independent suggestions","status":"passed","title":"creates one traceable source and multiple independent suggestions","duration":48.63549999999998,"failureMessages":[],"meta":{}},{"ancestorTitles":["intake result"],"fullName":"intake result keeps non-binary file metadata for duplicate checks and traceability","status":"passed","title":"keeps non-binary file metadata for duplicate checks and traceability","duration":2.3654999999999973,"failureMessages":[],"meta":{}},{"ancestorTitles":["intake result"],"fullName":"intake result keeps an authorized link and its extracted text as separate traceable fields","status":"passed","title":"keeps an authorized link and its extracted text as separate traceable fields","duration":1.942299999999932,"failureMessages":[],"meta":{}}],"startTime":1789285801939,"endTime":1789285801997.9424,"status":"passed","message":"","name":"C:/Users/Winner/student-affairs-multimodal-exp/src/lib/intake.test.ts"},{"assertionResults":[{"ancestorTitles":["integration connection readiness"],"fullName":"integration connection readiness records reviewed prerequisites without pretending to connect WeChat","status":"passed","title":"records reviewed prerequisites without pretending to connect WeChat","duration":2.3448999999999387,"failureMessages":[],"meta":{}},{"ancestorTitles":["integration connection readiness"],"fullName":"integration connection readiness keeps cross-device sync blocked until account infrastructure exists","status":"passed","title":"keeps cross-device sync blocked until account infrastructure exists","duration":2.231800000000021,"failureMessages":[],"meta":{}}],"startTime":1789285804170,"endTime":1789285804174.2317,"status":"passed","message":"","name":"C:/Users/Winner/student-affairs-multimodal-exp/src/lib/integrationConnections.test.ts"},{"assertionResults":[{"ancestorTitles":["local knowledge retrieval"],"fullName":"local knowledge retrieval returns citations from saved task and source records","status":"passed","title":"returns citations from saved task and source records","duration":36.3057,"failureMessages":[],"meta":{}},{"ancestorTitles":["local knowledge retrieval"],"fullName":"local knowledge retrieval indexes a saved source even before a task references it","status":"passed","title":"indexes a saved source even before a task references it","duration":2.7707000000000335,"failureMessages":[],"meta":{}},{"ancestorTitles":["local knowledge retrieval"],"fullName":"local knowledge retrieval does not invent an answer when no authorized record matches","status":"passed","title":"does not invent an answer when no authorized record matches","duration":2.0493999999999915,"failureMessages":[],"meta":{}}],"startTime":1789285802386,"endTime":1789285802427.0493,"status":"passed","message":"","name":"C:/Users/Winner/student-affairs-multimodal-exp/src/lib/knowledge.test.ts"},{"assertionResults":[{"ancestorTitles":["fetchAuthorizedLinkText"],"fullName":"fetchAuthorizedLinkText returns bounded server-extracted text","status":"passed","title":"returns bounded server-extracted text","duration":8.862900000000081,"failureMessages":[],"meta":{}},{"ancestorTitles":["fetchAuthorizedLinkText"],"fullName":"fetchAuthorizedLinkText shows a clear error for targets outside the public HTTPS boundary","status":"passed","title":"shows a clear error for targets outside the public HTTPS boundary","duration":2.532000000000039,"failureMessages":[],"meta":{}}],"startTime":1789285803509,"endTime":1789285803520.532,"status":"passed","message":"","name":"C:/Users/Winner/student-affairs-multimodal-exp/src/lib/linkExtraction.test.ts"},{"assertionResults":[{"ancestorTitles":["multimodal consent helpers"],"fullName":"multimodal consent helpers parses bounded page lists and ranges deterministically","status":"passed","title":"parses bounded page lists and ranges deterministically","duration":3.683899999999994,"failureMessages":[],"meta":{}},{"ancestorTitles":["multimodal consent helpers"],"fullName":"multimodal consent helpers rejects missing, out-of-range, malformed, and oversized page selections","status":"passed","title":"rejects missing, out-of-range, malformed, and oversized page selections","duration":0.814899999999966,"failureMessages":[],"meta":{}},{"ancestorTitles":["multimodal consent helpers"],"fullName":"multimodal consent helpers accepts only image formats supported by the upstream vision API","status":"passed","title":"accepts only image formats supported by the upstream vision API","duration":1.562599999999975,"failureMessages":[],"meta":{}}],"startTime":1789285804139,"endTime":1789285804144.5625,"status":"passed","message":"","name":"C:/Users/Winner/student-affairs-multimodal-exp/src/lib/multimodal.test.ts"},{"assertionResults":[{"ancestorTitles":["buildBrowserReminderJobs"],"fullName":"buildBrowserReminderJobs 只为已启用的浏览器提醒生成计划","status":"passed","title":"只为已启用的浏览器提醒生成计划","duration":32.35530000000006,"failureMessages":[],"meta":{}},{"ancestorTitles":["buildBrowserReminderJobs"],"fullName":"buildBrowserReminderJobs 跳过很早已错过和超出浏览器定时范围的提醒","status":"passed","title":"跳过很早已错过和超出浏览器定时范围的提醒","duration":0.44020000000000437,"failureMessages":[],"meta":{}},{"ancestorTitles":["toDateTimeLocalValue"],"fullName":"toDateTimeLocalValue 不使用 UTC 偏移改写本地表单时间","status":"passed","title":"不使用 UTC 偏移改写本地表单时间","duration":0.3928000000000793,"failureMessages":[],"meta":{}}],"startTime":1789285802492,"endTime":1789285802525.3928,"status":"passed","message":"","name":"C:/Users/Winner/student-affairs-multimodal-exp/src/lib/notifications.test.ts"},{"assertionResults":[{"ancestorTitles":["Obsidian export"],"fullName":"Obsidian export exports stable unique notes with links, materials, and history","status":"passed","title":"exports stable unique notes with links, materials, and history","duration":3.320899999999938,"failureMessages":[],"meta":{}},{"ancestorTitles":["Obsidian export"],"fullName":"Obsidian export creates a standard ZIP archive for browser download","status":"passed","title":"creates a standard ZIP archive for browser download","duration":1.5759999999999081,"failureMessages":[],"meta":{}},{"ancestorTitles":["Obsidian export"],"fullName":"Obsidian export exports a spreadsheet index for knowledge entities","status":"passed","title":"exports a spreadsheet index for knowledge entities","duration":0.7108999999999241,"failureMessages":[],"meta":{}}],"startTime":1789285804138,"endTime":1789285804143.711,"status":"passed","message":"","name":"C:/Users/Winner/student-affairs-multimodal-exp/src/lib/obsidian.test.ts"},{"assertionResults":[{"ancestorTitles":["live local Tesseract component evidence"],"fullName":"live local Tesseract component evidence runs the fixed SEEN_DIAGNOSTIC media fixtures and reports auditable metrics","status":"skipped","title":"runs the fixed SEEN_DIAGNOSTIC media fixtures and reports auditable metrics","failureMessages":[],"meta":{}}],"startTime":1789285796965,"endTime":1789285796965,"status":"passed","message":"","name":"C:/Users/Winner/student-affairs-multimodal-exp/src/lib/ocrLiveComponent.test.ts"},{"assertionResults":[{"ancestorTitles":["media-specific OCR preprocessing"],"fullName":"media-specific OCR preprocessing selects bounded profiles for screenshot, photo and scan","status":"passed","title":"selects bounded profiles for screenshot, photo and scan","duration":56.568700000000035,"failureMessages":[],"meta":{}},{"ancestorTitles":["media-specific OCR preprocessing"],"fullName":"media-specific OCR preprocessing raises low contrast while keeping opaque grayscale pixels","status":"passed","title":"raises low contrast while keeping opaque grayscale pixels","duration":0.7871999999999844,"failureMessages":[],"meta":{}},{"ancestorTitles":["media-specific OCR preprocessing"],"fullName":"media-specific OCR preprocessing routes bad pixels to retake even when OCR self-confidence is high","status":"passed","title":"routes bad pixels to retake even when OCR self-confidence is high","duration":8.89689999999996,"failureMessages":[],"meta":{}},{"ancestorTitles":["media-specific OCR preprocessing"],"fullName":"media-specific OCR preprocessing uses confidence only as one review signal, never as the sole pass gate","status":"passed","title":"uses confidence only as one review signal, never as the sole pass gate","duration":0.6889999999999645,"failureMessages":[],"meta":{}},{"ancestorTitles":["component metric implementation"],"fullName":"component metric implementation uses the preregistered Type-7 quantile","status":"passed","title":"uses the preregistered Type-7 quantile","duration":1.5166000000000395,"failureMessages":[],"meta":{}},{"ancestorTitles":["component metric implementation"],"fullName":"component metric implementation scores CER, date digits, task evidence and deterministic time independently","status":"passed","title":"scores CER, date digits, task evidence and deterministic time independently","duration":48.6472,"failureMessages":[],"meta":{}}],"startTime":1789285799766,"endTime":1789285799883.6472,"status":"passed","message":"","name":"C:/Users/Winner/student-affairs-multimodal-exp/src/lib/ocrPreprocessing.test.ts"},{"assertionResults":[{"ancestorTitles":["onboarding preference"],"fullName":"onboarding preference shows once and can be reopened explicitly by the app","status":"passed","title":"shows once and can be reopened explicitly by the app","duration":1.9277000000000726,"failureMessages":[],"meta":{}}],"startTime":1789285804294,"endTime":1789285804295.9277,"status":"passed","message":"","name":"C:/Users/Winner/student-affairs-multimodal-exp/src/lib/onboarding.test.ts"},{"assertionResults":[{"ancestorTitles":["demo parser"],"fullName":"demo parser infers a competition category and listed materials","status":"passed","title":"infers a competition category and listed materials","duration":28.557900000000018,"failureMessages":[],"meta":{}},{"ancestorTitles":["demo parser"],"fullName":"demo parser keeps file-only parsing transparent","status":"passed","title":"keeps file-only parsing transparent","duration":1.7992000000001553,"failureMessages":[],"meta":{}},{"ancestorTitles":["demo parser"],"fullName":"demo parser splits multiple dates into independent suggestions with local evidence","status":"passed","title":"splits multiple dates into independent suggestions with local evidence","duration":4.235999999999876,"failureMessages":[],"meta":{}},{"ancestorTitles":["demo parser"],"fullName":"demo parser carries the date across multiple times on the same day","status":"passed","title":"carries the date across multiple times on the same day","duration":2.6880999999998494,"failureMessages":[],"meta":{}},{"ancestorTitles":["demo parser"],"fullName":"demo parser splits consecutive time points even without punctuation","status":"passed","title":"splits consecutive time points even without punctuation","duration":2.15930000000003,"failureMessages":[],"meta":{}},{"ancestorTitles":["demo parser"],"fullName":"demo parser removes connector noise while preserving six independent events","status":"passed","title":"removes connector noise while preserving six independent events","duration":4.796600000000126,"failureMessages":[],"meta":{}},{"ancestorTitles":["demo parser"],"fullName":"demo parser creates separate tasks for bullet items under one date heading","status":"passed","title":"creates separate tasks for bullet items under one date heading","duration":1.7244000000000597,"failureMessages":[],"meta":{}},{"ancestorTitles":["demo parser"],"fullName":"demo parser does not split a time range into duplicate tasks","status":"passed","title":"does not split a time range into duplicate tasks","duration":1.5830000000000837,"failureMessages":[],"meta":{}},{"ancestorTitles":["demo parser"],"fullName":"demo parser understands relative dates with a deterministic reference time","status":"passed","title":"understands relative dates with a deterministic reference time","duration":2.161299999999983,"failureMessages":[],"meta":{}},{"ancestorTitles":["demo parser"],"fullName":"demo parser removes greetings, reported speech, emphasis and polite endings from titles","status":"passed","title":"removes greetings, reported speech, emphasis and polite endings from titles","duration":2.426400000000058,"failureMessages":[],"meta":{}},{"ancestorTitles":["demo parser"],"fullName":"demo parser turns object-first chat instructions into concise action titles","status":"passed","title":"turns object-first chat instructions into concise action titles","duration":2.0771000000002005,"failureMessages":[],"meta":{}},{"ancestorTitles":["demo parser"],"fullName":"demo parser uses the actionable clause instead of surrounding conversational filler","status":"passed","title":"uses the actionable clause instead of surrounding conversational filler","duration":0.7329999999999472,"failureMessages":[],"meta":{}},{"ancestorTitles":["demo parser"],"fullName":"demo parser removes attention prompts and trailing softeners from same-day multi-task messages","status":"passed","title":"removes attention prompts and trailing softeners from same-day multi-task messages","duration":2.149400000000014,"failureMessages":[],"meta":{}},{"ancestorTitles":["demo parser"],"fullName":"demo parser removes a conversational lead-in and keeps each listed material","status":"passed","title":"removes a conversational lead-in and keeps each listed material","duration":2.1481999999998607,"failureMessages":[],"meta":{}},{"ancestorTitles":["demo parser"],"fullName":"demo parser distinguishes Chinese day periods and half-hour expressions","status":"passed","title":"distinguishes Chinese day periods and half-hour expressions","duration":4.5306000000000495,"failureMessages":[],"meta":{}},{"ancestorTitles":["demo parser"],"fullName":"demo parser treats 上午十二点 as midnight and 下午十二点 as noon","status":"passed","title":"treats 上午十二点 as midnight and 下午十二点 as noon","duration":4.648400000000038,"failureMessages":[],"meta":{}}],"startTime":1789285798393,"endTime":1789285798461.6484,"status":"passed","message":"","name":"C:/Users/Winner/student-affairs-multimodal-exp/src/lib/parser.test.ts"},{"assertionResults":[{"ancestorTitles":["activity reports"],"fullName":"activity reports uses Monday to Sunday for weekly reports","status":"passed","title":"uses Monday to Sunday for weekly reports","duration":3.4302000000000135,"failureMessages":[],"meta":{}},{"ancestorTitles":["activity reports"],"fullName":"activity reports builds exportable local markdown and CSV without source bodies","status":"passed","title":"builds exportable local markdown and CSV without source bodies","duration":18.65809999999999,"failureMessages":[],"meta":{}}],"startTime":1789285802932,"endTime":1789285802954.6582,"status":"passed","message":"","name":"C:/Users/Winner/student-affairs-multimodal-exp/src/lib/reports.test.ts"},{"assertionResults":[{"ancestorTitles":["normalizeWorkspaceData"],"fullName":"normalizeWorkspaceData 安全迁移 P0 数据并保留原实体","status":"passed","title":"安全迁移 P0 数据并保留原实体","duration":37.21640000000002,"failureMessages":[],"meta":{}},{"ancestorTitles":["normalizeWorkspaceData"],"fullName":"normalizeWorkspaceData preserves local knowledge authorization during hydration","status":"passed","title":"preserves local knowledge authorization during hydration","duration":0.646199999999908,"failureMessages":[],"meta":{}},{"ancestorTitles":["normalizeWorkspaceData"],"fullName":"normalizeWorkspaceData preserves exact reminder delivery evidence during legacy normalization","status":"passed","title":"preserves exact reminder delivery evidence during legacy normalization","duration":1.0639999999998508,"failureMessages":[],"meta":{}},{"ancestorTitles":["normalizeWorkspaceData"],"fullName":"normalizeWorkspaceData 拒绝缺少核心实体数组的导入","status":"passed","title":"拒绝缺少核心实体数组的导入","duration":0.2322999999998956,"failureMessages":[],"meta":{}},{"ancestorTitles":["normalizeWorkspaceData"],"fullName":"normalizeWorkspaceData exports and imports schema v7 with hierarchical recognition entities","status":"passed","title":"exports and imports schema v7 with hierarchical recognition entities","duration":8.26520000000005,"failureMessages":[],"meta":{}},{"ancestorTitles":["normalizeWorkspaceData"],"fullName":"normalizeWorkspaceData rejects malformed JSON, incompatible versions, unsafe keys, and oversized files","status":"passed","title":"rejects malformed JSON, incompatible versions, unsafe keys, and oversized files","duration":18.742500000000064,"failureMessages":[],"meta":{}},{"ancestorTitles":["normalizeWorkspaceData"],"fullName":"normalizeWorkspaceData strictly rejects incomplete or invalid current-schema backups","status":"passed","title":"strictly rejects incomplete or invalid current-schema backups","duration":2.366700000000037,"failureMessages":[],"meta":{}},{"ancestorTitles":["normalizeWorkspaceData"],"fullName":"normalizeWorkspaceData rejects dangling references and circular task dependencies","status":"passed","title":"rejects dangling references and circular task dependencies","duration":6.203399999999874,"failureMessages":[],"meta":{}},{"ancestorTitles":["normalizeWorkspaceData"],"fullName":"normalizeWorkspaceData keeps HTML-looking source text inert as ordinary imported text","status":"passed","title":"keeps HTML-looking source text inert as ordinary imported text","duration":2.98700000000008,"failureMessages":[],"meta":{}},{"ancestorTitles":["normalizeWorkspaceData"],"fullName":"normalizeWorkspaceData persists new compatibility milestone, reminder, and history records across a canonical reload","status":"passed","title":"persists new compatibility milestone, reminder, and history records across a canonical reload","duration":118.16989999999987,"failureMessages":[],"meta":{}},{"ancestorTitles":["normalizeWorkspaceData"],"fullName":"normalizeWorkspaceData fails closed and preserves a corrupt v8 record when a compatibility save runs","status":"passed","title":"fails closed and preserves a corrupt v8 record when a compatibility save runs","duration":2.2282000000000153,"failureMessages":[],"meta":{}},{"ancestorTitles":["Workspace v8 recovery facade"],"fullName":"Workspace v8 recovery facade exposes recovery_required with its backup id and recovers only after an explicit request","status":"passed","title":"exposes recovery_required with its backup id and recovers only after an explicit request","duration":53.72320000000036,"failureMessages":[],"meta":{}},{"ancestorTitles":["Workspace v8 recovery facade"],"fullName":"Workspace v8 recovery facade returns ordinary already_v8 and backup_available workspaces without recovery","status":"passed","title":"returns ordinary already_v8 and backup_available workspaces without recovery","duration":25.57459999999992,"failureMessages":[],"meta":{}},{"ancestorTitles":["Workspace v8 recovery facade"],"fullName":"Workspace v8 recovery facade fails closed when the requested backup or migration lineage was tampered with","status":"passed","title":"fails closed when the requested backup or migration lineage was tampered with","duration":26.81179999999995,"failureMessages":[],"meta":{}}],"startTime":1789285799074,"endTime":1789285799379.8118,"status":"passed","message":"","name":"C:/Users/Winner/student-affairs-multimodal-exp/src/lib/repository.test.ts"},{"assertionResults":[{"ancestorTitles":["findSuggestedWorkSlot"],"fullName":"findSuggestedWorkSlot 避开同一天的课程时间","status":"passed","title":"避开同一天的课程时间","duration":36.66160000000002,"failureMessages":[],"meta":{}},{"ancestorTitles":["findSuggestedWorkSlot"],"fullName":"findSuggestedWorkSlot 已逾期任务不生成虚假的开工建议","status":"passed","title":"已逾期任务不生成虚假的开工建议","duration":0.47900000000004184,"failureMessages":[],"meta":{}}],"startTime":1789285802658,"endTime":1789285802694.6616,"status":"passed","message":"","name":"C:/Users/Winner/student-affairs-multimodal-exp/src/lib/scheduling.test.ts"},{"assertionResults":[{"ancestorTitles":["workspace schema v7 migration"],"fullName":"workspace schema v7 migration preserves schema v6 entities and records uncertain legacy hierarchy","status":"passed","title":"preserves schema v6 entities and records uncertain legacy hierarchy","duration":3.9973999999999705,"failureMessages":[],"meta":{}}],"startTime":1789285804378,"endTime":1789285804381.9973,"status":"passed","message":"","name":"C:/Users/Winner/student-affairs-multimodal-exp/src/lib/schemaMigration.test.ts"},{"assertionResults":[{"ancestorTitles":["findDuplicateSources"],"fullName":"findDuplicateSources 提示标题和正文高度相似的来源","status":"passed","title":"提示标题和正文高度相似的来源","duration":3.9646000000000186,"failureMessages":[],"meta":{}},{"ancestorTitles":["findDuplicateSources"],"fullName":"findDuplicateSources 不把普通相似词误判为重复来源","status":"passed","title":"不把普通相似词误判为重复来源","duration":0.6930000000000973,"failureMessages":[],"meta":{}},{"ancestorTitles":["findDuplicateSources"],"fullName":"findDuplicateSources 优先识别完全相同的文件指纹和规范化链接","status":"passed","title":"优先识别完全相同的文件指纹和规范化链接","duration":1.3256000000000085,"failureMessages":[],"meta":{}}],"startTime":1789285803980,"endTime":1789285803986.3257,"status":"passed","message":"","name":"C:/Users/Winner/student-affairs-multimodal-exp/src/lib/sourceDuplicates.test.ts"},{"assertionResults":[{"ancestorTitles":["source workflow mapping"],"fullName":"source workflow mapping keeps unprocessed, processing, failed, needs_review, confirmed, archived and info-only states explicit","status":"passed","title":"keeps unprocessed, processing, failed, needs_review, confirmed, archived and info-only states explicit","duration":54.232399999999984,"failureMessages":[],"meta":{}},{"ancestorTitles":["source workflow mapping"],"fullName":"source workflow mapping uses the latest draft and does not invent an error message","status":"passed","title":"uses the latest draft and does not invent an error message","duration":3.1900000000000546,"failureMessages":[],"meta":{}},{"ancestorTitles":["source workflow mapping"],"fullName":"source workflow mapping uses only the current SourceVersion draft and one pending selector for badges and queues","status":"passed","title":"uses only the current SourceVersion draft and one pending selector for badges and queues","duration":10.332100000000082,"failureMessages":[],"meta":{}}],"startTime":1789285801943,"endTime":1789285802011.332,"status":"passed","message":"","name":"C:/Users/Winner/student-affairs-multimodal-exp/src/lib/sourceWorkflow.test.ts"},{"assertionResults":[{"ancestorTitles":["workspace persistence"],"fullName":"workspace persistence persists confirmed tasks, edits, materials, history and reminders","status":"passed","title":"persists confirmed tasks, edits, materials, history and reminders","duration":6.050399999999968,"failureMessages":[],"meta":{}},{"ancestorTitles":["workspace persistence"],"fullName":"workspace persistence migrates the previous split keys without losing user data","status":"passed","title":"migrates the previous split keys without losing user data","duration":1.9893999999999323,"failureMessages":[],"meta":{}},{"ancestorTitles":["workspace persistence"],"fullName":"workspace persistence falls back safely when stored JSON is corrupted","status":"passed","title":"falls back safely when stored JSON is corrupted","duration":0.4873999999999796,"failureMessages":[],"meta":{}}],"startTime":1789285803702,"endTime":1789285803710.4873,"status":"passed","message":"","name":"C:/Users/Winner/student-affairs-multimodal-exp/src/lib/storage.test.ts"},{"assertionResults":[{"ancestorTitles":["HttpSyncClient"],"fullName":"HttpSyncClient never places the token in the URL or payload","status":"passed","title":"never places the token in the URL or payload","duration":8.516300000000001,"failureMessages":[],"meta":{}},{"ancestorTitles":["HttpSyncClient"],"fullName":"HttpSyncClient maps server conflict state to an explicit client error","status":"passed","title":"maps server conflict state to an explicit client error","duration":0.43010000000003856,"failureMessages":[],"meta":{}}],"startTime":1789285803494,"endTime":1789285803502.5164,"status":"passed","message":"","name":"C:/Users/Winner/student-affairs-multimodal-exp/src/lib/syncClient.test.ts"},{"assertionResults":[{"ancestorTitles":["task prioritization"],"fullName":"task prioritization keeps the focus list to at most three active tasks","status":"passed","title":"keeps the focus list to at most three active tasks","duration":4.272699999999986,"failureMessages":[],"meta":{}},{"ancestorTitles":["task prioritization"],"fullName":"task prioritization raises the score of urgent tasks","status":"passed","title":"raises the score of urgent tasks","duration":0.4353999999999587,"failureMessages":[],"meta":{}},{"ancestorTitles":["task prioritization"],"fullName":"task prioritization explains material, dependency, pin, and snooze decisions","status":"passed","title":"explains material, dependency, pin, and snooze decisions","duration":1.1964000000000397,"failureMessages":[],"meta":{}},{"ancestorTitles":["task prioritization"],"fullName":"task prioritization keeps waiting tasks out of focus even when pinned","status":"passed","title":"keeps waiting tasks out of focus even when pinned","duration":27.013900000000035,"failureMessages":[],"meta":{}},{"ancestorTitles":["task prioritization"],"fullName":"task prioritization spreads focus across projects and does not lead with blocked work when ready work exists","status":"passed","title":"spreads focus across projects and does not lead with blocked work when ready work exists","duration":1.212699999999927,"failureMessages":[],"meta":{}},{"ancestorTitles":["task prioritization"],"fullName":"task prioritization does not backfill blocked tasks when every active task is blocked","status":"passed","title":"does not backfill blocked tasks when every active task is blocked","duration":0.5575000000000045,"failureMessages":[],"meta":{}},{"ancestorTitles":["task prioritization"],"fullName":"task prioritization keeps blocked and waiting work in a separate explainable queue","status":"passed","title":"keeps blocked and waiting work in a separate explainable queue","duration":0.8818999999999733,"failureMessages":[],"meta":{}},{"ancestorTitles":["task prioritization"],"fullName":"task prioritization uses canonical dependency ids without stale legacy text after completion","status":"passed","title":"uses canonical dependency ids without stale legacy text after completion","duration":0.663599999999974,"failureMessages":[],"meta":{}},{"ancestorTitles":["task prioritization"],"fullName":"task prioritization fails closed for missing canonical dependencies and only falls back to text without ids","status":"passed","title":"fails closed for missing canonical dependencies and only falls back to text without ids","duration":0.4697999999999638,"failureMessages":[],"meta":{}},{"ancestorTitles":["task prioritization"],"fullName":"task prioritization excludes both blocked and not-yet-due snoozed tasks from executable work","status":"passed","title":"excludes both blocked and not-yet-due snoozed tasks from executable work","duration":0.5582000000000562,"failureMessages":[],"meta":{}},{"ancestorTitles":["task presentation helpers"],"fullName":"task presentation helpers formats minutes in human language","status":"passed","title":"formats minutes in human language","duration":0.19389999999998508,"failureMessages":[],"meta":{}},{"ancestorTitles":["task presentation helpers"],"fullName":"task presentation helpers calculates material completion","status":"passed","title":"calculates material completion","duration":0.27090000000009695,"failureMessages":[],"meta":{}},{"ancestorTitles":["task presentation helpers"],"fullName":"task presentation helpers deduplicates canonical project materials and includes project-level material updates","status":"passed","title":"deduplicates canonical project materials and includes project-level material updates","duration":0.5182000000000926,"failureMessages":[],"meta":{}}],"startTime":1789285802366,"endTime":1789285802405.5183,"status":"passed","message":"","name":"C:/Users/Winner/student-affairs-multimodal-exp/src/lib/taskLogic.test.ts"},{"assertionResults":[{"ancestorTitles":["task updates"],"fullName":"task updates records each changed field with before and after values","status":"passed","title":"records each changed field with before and after values","duration":4.170000000000073,"failureMessages":[],"meta":{}},{"ancestorTitles":["task updates"],"fullName":"task updates does not add history when nothing changes","status":"passed","title":"does not add history when nothing changes","duration":2.3664999999999736,"failureMessages":[],"meta":{}},{"ancestorTitles":["task updates"],"fullName":"task updates records a material status transition against the material entity","status":"passed","title":"records a material status transition against the material entity","duration":0.5707999999999629,"failureMessages":[],"meta":{}}],"startTime":1789285803788,"endTime":1789285803794.5708,"status":"passed","message":"","name":"C:/Users/Winner/student-affairs-multimodal-exp/src/lib/taskUpdates.test.ts"},{"assertionResults":[{"ancestorTitles":["explicit student-affairs time semantics"],"fullName":"explicit student-affairs time semantics keeps date-only values as calendar dates instead of UTC instants","status":"passed","title":"keeps date-only values as calendar dates instead of UTC instants","duration":2.151299999999992,"failureMessages":[],"meta":{}},{"ancestorTitles":["explicit student-affairs time semantics"],"fullName":"explicit student-affairs time semantics interprets a local datetime in its declared timezone","status":"passed","title":"interprets a local datetime in its declared timezone","duration":27.47420000000011,"failureMessages":[],"meta":{}},{"ancestorTitles":["explicit student-affairs time semantics"],"fullName":"explicit student-affairs time semantics preserves an explicit offset without applying the workspace timezone twice","status":"passed","title":"preserves an explicit offset without applying the workspace timezone twice","duration":0.30559999999991305,"failureMessages":[],"meta":{}},{"ancestorTitles":["explicit student-affairs time semantics"],"fullName":"explicit student-affairs time semantics rejects impossible wall-clock dates","status":"passed","title":"rejects impossible wall-clock dates","duration":0.15109999999981483,"failureMessages":[],"meta":{}},{"ancestorTitles":["RCO-2 unique Chinese time AST"],"fullName":"RCO-2 unique Chinese time AST normalizes 2026年8月10日早上八点半 deterministically","status":"passed","title":"normalizes 2026年8月10日早上八点半 deterministically","duration":2.9248999999999796,"failureMessages":[],"meta":{}},{"ancestorTitles":["RCO-2 unique Chinese time AST"],"fullName":"RCO-2 unique Chinese time AST normalizes 2026年8月10日中午十二点 deterministically","status":"passed","title":"normalizes 2026年8月10日中午十二点 deterministically","duration":0.6332000000002154,"failureMessages":[],"meta":{}},{"ancestorTitles":["RCO-2 unique Chinese time AST"],"fullName":"RCO-2 unique Chinese time AST normalizes 2026年8月10日傍晚六点半 deterministically","status":"passed","title":"normalizes 2026年8月10日傍晚六点半 deterministically","duration":0.34849999999983083,"failureMessages":[],"meta":{}},{"ancestorTitles":["RCO-2 unique Chinese time AST"],"fullName":"RCO-2 unique Chinese time AST normalizes 2026年8月10日夜里十二点 deterministically","status":"passed","title":"normalizes 2026年8月10日夜里十二点 deterministically","duration":0.4479999999998654,"failureMessages":[],"meta":{}},{"ancestorTitles":["RCO-2 unique Chinese time AST"],"fullName":"RCO-2 unique Chinese time AST normalizes 明天上午九点 deterministically","status":"passed","title":"normalizes 明天上午九点 deterministically","duration":0.3656999999998334,"failureMessages":[],"meta":{}},{"ancestorTitles":["RCO-2 unique Chinese time AST"],"fullName":"RCO-2 unique Chinese time AST normalizes 下周一下午三点 deterministically","status":"passed","title":"normalizes 下周一下午三点 deterministically","duration":0.40069999999991524,"failureMessages":[],"meta":{}},{"ancestorTitles":["RCO-2 unique Chinese time AST"],"fullName":"RCO-2 unique Chinese time AST normalizes 2 0 2 6 年 8 月 1 0 日 1 8 ： 3 0 deterministically","status":"passed","title":"normalizes 2 0 2 6 年 8 月 1 0 日 1 8 ： 3 0 deterministically","duration":0.5592999999998938,"failureMessages":[],"meta":{}},{"ancestorTitles":["RCO-2 unique Chinese time AST"],"fullName":"RCO-2 unique Chinese time AST keeps date-only input date-only instead of inventing 18:00","status":"passed","title":"keeps date-only input date-only instead of inventing 18:00","duration":0.40190000000006876,"failureMessages":[],"meta":{}},{"ancestorTitles":["RCO-2 unique Chinese time AST"],"fullName":"RCO-2 unique Chinese time AST fails closed when date, day period, calendar value, or reference is unreliable","status":"passed","title":"fails closed when date, day period, calendar value, or reference is unreliable","duration":1.8888999999999214,"failureMessages":[],"meta":{}},{"ancestorTitles":["RCO-2 unique Chinese time AST"],"fullName":"RCO-2 unique Chinese time AST handles corrections, ranges, cross-midnight, cross-year, and leap years","status":"passed","title":"handles corrections, ranges, cross-midnight, cross-year, and leap years","duration":1.5485000000001037,"failureMessages":[],"meta":{}},{"ancestorTitles":["RCO-2 unique Chinese time AST"],"fullName":"RCO-2 unique Chinese time AST produces the same wall-clock result regardless of host timezone","status":"passed","title":"produces the same wall-clock result regardless of host timezone","duration":0.7605000000000928,"failureMessages":[],"meta":{}},{"ancestorTitles":["RCO-2 unique Chinese time AST"],"fullName":"RCO-2 unique Chinese time AST round-trips valid calendar days and rejects each month overflow","status":"passed","title":"round-trips valid calendar days and rejects each month overflow","duration":216.80759999999987,"failureMessages":[],"meta":{}}],"startTime":1789285798386,"endTime":1789285798643.8076,"status":"passed","message":"","name":"C:/Users/Winner/student-affairs-multimodal-exp/src/lib/timeSemantics.test.ts"},{"assertionResults":[{"ancestorTitles":["HttpWebMonitorClient"],"fullName":"HttpWebMonitorClient sends only the authorized URL and in-memory service token","status":"passed","title":"sends only the authorized URL and in-memory service token","duration":10.1644,"failureMessages":[],"meta":{}},{"ancestorTitles":["HttpWebMonitorClient"],"fullName":"HttpWebMonitorClient explains the disabled server state","status":"passed","title":"explains the disabled server state","duration":2.86080000000004,"failureMessages":[],"meta":{}}],"startTime":1789285803414,"endTime":1789285803427.8608,"status":"passed","message":"","name":"C:/Users/Winner/student-affairs-multimodal-exp/src/lib/webMonitorClient.test.ts"},{"assertionResults":[{"ancestorTitles":["web monitoring rules"],"fullName":"web monitoring rules normalizes harmless spacing before comparison","status":"passed","title":"normalizes harmless spacing before comparison","duration":1.940900000000056,"failureMessages":[],"meta":{}},{"ancestorTitles":["web monitoring rules"],"fullName":"web monitoring rules explains added and removed lines","status":"passed","title":"explains added and removed lines","duration":2.7102000000001,"failureMessages":[],"meta":{}},{"ancestorTitles":["web monitoring rules"],"fullName":"web monitoring rules updates the baseline only through an explicit check","status":"passed","title":"updates the baseline only through an explicit check","duration":0.5065999999999349,"failureMessages":[],"meta":{}},{"ancestorTitles":["web monitoring rules"],"fullName":"web monitoring rules rejects non-HTTPS monitoring URLs","status":"passed","title":"rejects non-HTTPS monitoring URLs","duration":0.3649000000000342,"failureMessages":[],"meta":{}}],"startTime":1789285803984,"endTime":1789285803989.5066,"status":"passed","message":"","name":"C:/Users/Winner/student-affairs-multimodal-exp/src/lib/webMonitoring.test.ts"},{"assertionResults":[{"ancestorTitles":["P0 workspace rules"],"fullName":"P0 workspace rules keeps draft items independent for partial confirmation and rejection","status":"passed","title":"keeps draft items independent for partial confirmation and rejection","duration":6.269200000000069,"failureMessages":[],"meta":{}},{"ancestorTitles":["P0 workspace rules"],"fullName":"P0 workspace rules explains deadline and material risks without mutating the task","status":"passed","title":"explains deadline and material risks without mutating the task","duration":1.9897999999999456,"failureMessages":[],"meta":{}},{"ancestorTitles":["P0 workspace rules"],"fullName":"P0 workspace rules uses source evidence when creating a draft","status":"passed","title":"uses source evidence when creating a draft","duration":1.0295999999999594,"failureMessages":[],"meta":{}},{"ancestorTitles":["P0 workspace rules"],"fullName":"P0 workspace rules keeps a task-backed milestone in sync with confirmed task changes","status":"passed","title":"keeps a task-backed milestone in sync with confirmed task changes","duration":0.45449999999993906,"failureMessages":[],"meta":{}},{"ancestorTitles":["P0 workspace rules"],"fullName":"P0 workspace rules creates a project only when one or more draft items are confirmed","status":"passed","title":"creates a project only when one or more draft items are confirmed","duration":1.9782999999999902,"failureMessages":[],"meta":{}},{"ancestorTitles":["P0 workspace rules"],"fullName":"P0 workspace rules stores draft rejection and reopening history","status":"passed","title":"stores draft rejection and reopening history","duration":0.6752999999999929,"failureMessages":[],"meta":{}},{"ancestorTitles":["P0 workspace rules"],"fullName":"P0 workspace rules keeps inferred recognition tasks visible but unselected by default","status":"passed","title":"keeps inferred recognition tasks visible but unselected by default","duration":39.16279999999995,"failureMessages":[],"meta":{}}],"startTime":1789285802168,"endTime":1789285802220.1628,"status":"passed","message":"","name":"C:/Users/Winner/student-affairs-multimodal-exp/src/lib/workspace.test.ts"},{"assertionResults":[{"ancestorTitles":["workspace recovery UI guards"],"fullName":"workspace recovery UI guards treats savedAt-only hydration changes as the same persistence revision","status":"passed","title":"treats savedAt-only hydration changes as the same persistence revision","duration":5.581400000000031,"failureMessages":[],"meta":{}},{"ancestorTitles":["workspace recovery UI guards"],"fullName":"workspace recovery UI guards requires backup export and a separate confirmation step before recovery","status":"passed","title":"requires backup export and a separate confirmation step before recovery","duration":0.4755999999999858,"failureMessages":[],"meta":{}},{"ancestorTitles":["workspace recovery UI guards"],"fullName":"workspace recovery UI guards only exposes bounded machine-readable recovery errors","status":"passed","title":"only exposes bounded machine-readable recovery errors","duration":0.7551999999999452,"failureMessages":[],"meta":{}}],"startTime":1789285803860,"endTime":1789285803866.7551,"status":"passed","message":"","name":"C:/Users/Winner/student-affairs-multimodal-exp/src/lib/workspaceRecoveryUi.test.ts"},{"assertionResults":[{"ancestorTitles":["RCO-5-009 seen B8 zero-call candidate regression"],"fullName":"RCO-5-009 seen B8 zero-call candidate regression enumerates all twenty expected actions and exactly two explicit non-task decoys","status":"passed","title":"enumerates all twenty expected actions and exactly two explicit non-task decoys","duration":25.223700000000008,"failureMessages":[],"meta":{}},{"ancestorTitles":["RCO-5-009 seen B8 zero-call candidate regression"],"fullName":"RCO-5-009 seen B8 zero-call candidate regression has a perfect Expected-derived local ceiling without exposing Expected to a future request","status":"passed","title":"has a perfect Expected-derived local ceiling without exposing Expected to a future request","duration":45.391200000000026,"failureMessages":[],"meta":{}},{"ancestorTitles":["RCO-5-009 seen B8 zero-call candidate regression"],"fullName":"RCO-5-009 seen B8 zero-call candidate regression salvages legal siblings from frozen legacy raw while reporting rather than hiding model misses","status":"passed","title":"salvages legal siblings from frozen legacy raw while reporting rather than hiding model misses","duration":22.662000000000035,"failureMessages":[],"meta":{}}],"startTime":1789285798884,"endTime":1789285798977.662,"status":"passed","message":"","name":"C:/Users/Winner/student-affairs-multimodal-exp/src/recognition/actionCandidateB8Regression.test.ts"},{"assertionResults":[{"ancestorTitles":["RCO-5-009-B9 frozen data structure"],"fullName":"RCO-5-009-B9 frozen data structure has the preregistered identity, versions and exact closed structure","status":"passed","title":"has the preregistered identity, versions and exact closed structure","duration":15.600299999999947,"failureMessages":[],"meta":{}},{"ancestorTitles":["RCO-5-009-B9 frozen data structure"],"fullName":"RCO-5-009-B9 frozen data structure freezes all aggregate counts and the tri-state actionability vector","status":"passed","title":"freezes all aggregate counts and the tri-state actionability vector","duration":1.078899999999976,"failureMessages":[],"meta":{}},{"ancestorTitles":["RCO-5-009-B9 frozen data structure"],"fullName":"RCO-5-009-B9 frozen data structure keeps candidate keys, response ownership and task bindings internally closed","status":"passed","title":"keeps candidate keys, response ownership and task bindings internally closed","duration":2.0792999999999893,"failureMessages":[],"meta":{}},{"ancestorTitles":["RCO-5-009-B9 frozen data structure"],"fullName":"RCO-5-009-B9 frozen data structure freezes each decisive expected edge case without running the implementation","status":"passed","title":"freezes each decisive expected edge case without running the implementation","duration":3.524099999999976,"failureMessages":[],"meta":{}},{"ancestorTitles":["RCO-5-009-B9 frozen data structure"],"fullName":"RCO-5-009-B9 frozen data structure does not reuse B0-B8 source text or semantic families and stays below the frozen similarity limit","status":"passed","title":"does not reuse B0-B8 source text or semantic families and stays below the frozen similarity limit","duration":52.88670000000002,"failureMessages":[],"meta":{}},{"ancestorTitles":["RCO-5-009-B9 frozen data structure"],"fullName":"RCO-5-009-B9 frozen data structure contains no obvious personal identifier, credential or API secret","status":"passed","title":"contains no obvious personal identifier, credential or API secret","duration":0.9878999999999678,"failureMessages":[],"meta":{}}],"startTime":1789285801872,"endTime":1789285801947.9878,"status":"passed","message":"","name":"C:/Users/Winner/student-affairs-multimodal-exp/src/recognition/actionCandidateB9DataFreeze.test.ts"},{"assertionResults":[{"ancestorTitles":["strict action candidate classification contract"],"fullName":"strict action candidate classification contract accepts an exact full-ledger response and permits no model-authored action or safety fields","status":"passed","title":"accepts an exact full-ledger response and permits no model-authored action or safety fields","duration":44.56320000000005,"failureMessages":[],"meta":{}},{"ancestorTitles":["strict action candidate classification contract"],"fullName":"strict action candidate classification contract uses const empty classifications for a zero-candidate catalog","status":"passed","title":"uses const empty classifications for a zero-candidate catalog","duration":1.7176000000000613,"failureMessages":[],"meta":{}},{"ancestorTitles":["strict action candidate classification contract"],"fullName":"strict action candidate classification contract keeps legal siblings usable when one classification is missing or duplicated","status":"passed","title":"keeps legal siblings usable when one classification is missing or duplicated","duration":3.52780000000007,"failureMessages":[],"meta":{}},{"ancestorTitles":["strict action candidate classification contract"],"fullName":"strict action candidate classification contract isolates unknown IDs, cross-candidate objects and injected candidate fields","status":"passed","title":"isolates unknown IDs, cross-candidate objects and injected candidate fields","duration":3.4021999999999935,"failureMessages":[],"meta":{}},{"ancestorTitles":["strict action candidate classification contract"],"fullName":"strict action candidate classification contract rejects root replay or tampering globally and never exposes partial classifications","status":"passed","title":"rejects root replay or tampering globally and never exposes partial classifications","duration":1.4492999999999938,"failureMessages":[],"meta":{}},{"ancestorTitles":["strict action candidate classification contract"],"fullName":"strict action candidate classification contract is independent of classification array order","status":"passed","title":"is independent of classification array order","duration":1.3556999999999562,"failureMessages":[],"meta":{}}],"startTime":1789285802965,"endTime":1789285803021.3557,"status":"passed","message":"","name":"C:/Users/Winner/student-affairs-multimodal-exp/src/recognition/actionCandidateClassificationContract.test.ts"},{"assertionResults":[{"ancestorTitles":["candidate-level local composer and quarantine"],"fullName":"candidate-level local composer and quarantine does not let the model delete local propositions or promote local non-tasks","status":"passed","title":"does not let the model delete local propositions or promote local non-tasks","duration":16.278699999999958,"failureMessages":[],"meta":{}},{"ancestorTitles":["candidate-level local composer and quarantine"],"fullName":"candidate-level local composer and quarantine quarantines only a broken needs-model candidate and preserves sibling output byte-for-byte","status":"passed","title":"quarantines only a broken needs-model candidate and preserves sibling output byte-for-byte","duration":3.5652000000000044,"failureMessages":[],"meta":{}},{"ancestorTitles":["candidate-level local composer and quarantine"],"fullName":"candidate-level local composer and quarantine blocks cross-candidate object borrowing without collateral loss","status":"passed","title":"blocks cross-candidate object borrowing without collateral loss","duration":1.5339999999999918,"failureMessages":[],"meta":{}},{"ancestorTitles":["candidate-level local composer and quarantine"],"fullName":"candidate-level local composer and quarantine keeps unknown injected IDs out while all known siblings survive","status":"passed","title":"keeps unknown injected IDs out while all known siblings survive","duration":1.6131000000000313,"failureMessages":[],"meta":{}},{"ancestorTitles":["candidate-level local composer and quarantine"],"fullName":"candidate-level local composer and quarantine reports unknown requiresAction when unresolved coverage remains","status":"passed","title":"reports unknown requiresAction when unresolved coverage remains","duration":6.175000000000068,"failureMessages":[],"meta":{}},{"ancestorTitles":["candidate-level local composer and quarantine"],"fullName":"candidate-level local composer and quarantine keeps revision signals out of the action lane and lets P4 resolve the relation locally","status":"passed","title":"keeps revision signals out of the action lane and lets P4 resolve the relation locally","duration":5.251500000000078,"failureMessages":[],"meta":{}},{"ancestorTitles":["candidate-level local composer and quarantine"],"fullName":"candidate-level local composer and quarantine globally rejects a mismatched source binding or mutated local catalog","status":"passed","title":"globally rejects a mismatched source binding or mutated local catalog","duration":4.354600000000005,"failureMessages":[],"meta":{}}],"startTime":1789285802460,"endTime":1789285802499.3545,"status":"passed","message":"","name":"C:/Users/Winner/student-affairs-multimodal-exp/src/recognition/actionCandidateComposer.test.ts"},{"assertionResults":[{"ancestorTitles":["candidate-level local composer v2 and quarantine"],"fullName":"candidate-level local composer v2 and quarantine does not let the model delete local propositions or promote local non-tasks","status":"passed","title":"does not let the model delete local propositions or promote local non-tasks","duration":22.301199999999994,"failureMessages":[],"meta":{}},{"ancestorTitles":["candidate-level local composer v2 and quarantine"],"fullName":"candidate-level local composer v2 and quarantine quarantines only a broken needs-model candidate and preserves sibling output byte-for-byte","status":"passed","title":"quarantines only a broken needs-model candidate and preserves sibling output byte-for-byte","duration":4.121700000000033,"failureMessages":[],"meta":{}},{"ancestorTitles":["candidate-level local composer v2 and quarantine"],"fullName":"candidate-level local composer v2 and quarantine blocks cross-candidate object borrowing without collateral loss","status":"passed","title":"blocks cross-candidate object borrowing without collateral loss","duration":1.2747000000000526,"failureMessages":[],"meta":{}},{"ancestorTitles":["candidate-level local composer v2 and quarantine"],"fullName":"candidate-level local composer v2 and quarantine keeps unknown injected IDs out while all known siblings survive","status":"passed","title":"keeps unknown injected IDs out while all known siblings survive","duration":1.5326000000000022,"failureMessages":[],"meta":{}},{"ancestorTitles":["candidate-level local composer v2 and quarantine"],"fullName":"candidate-level local composer v2 and quarantine reports unknown requiresAction when unresolved coverage remains","status":"passed","title":"reports unknown requiresAction when unresolved coverage remains","duration":4.329600000000028,"failureMessages":[],"meta":{}},{"ancestorTitles":["candidate-level local composer v2 and quarantine"],"fullName":"candidate-level local composer v2 and quarantine keeps revision signals out of the action lane and lets P4 resolve the relation locally","status":"passed","title":"keeps revision signals out of the action lane and lets P4 resolve the relation locally","duration":4.3378999999999905,"failureMessages":[],"meta":{}},{"ancestorTitles":["candidate-level local composer v2 and quarantine"],"fullName":"candidate-level local composer v2 and quarantine globally rejects a mismatched source binding or mutated local catalog","status":"passed","title":"globally rejects a mismatched source binding or mutated local catalog","duration":2.2168000000000347,"failureMessages":[],"meta":{}}],"startTime":1789285802432,"endTime":1789285802473.2168,"status":"passed","message":"","name":"C:/Users/Winner/student-affairs-multimodal-exp/src/recognition/actionCandidateComposerV2.test.ts"},{"assertionResults":[{"ancestorTitles":["RCO-5-009 fresh adversarial candidate boundaries"],"fullName":"RCO-5-009 fresh adversarial candidate boundaries does not let an interface decoy in the same scope erase a real directive","status":"passed","title":"does not let an interface decoy in the same scope erase a real directive","duration":12.237199999999973,"failureMessages":[],"meta":{}},{"ancestorTitles":["RCO-5-009 fresh adversarial candidate boundaries"],"fullName":"RCO-5-009 fresh adversarial candidate boundaries keeps an action inside a relative object clause out of the task lane","status":"passed","title":"keeps an action inside a relative object clause out of the task lane","duration":2.598799999999983,"failureMessages":[],"meta":{}},{"ancestorTitles":["RCO-5-009 fresh adversarial candidate boundaries"],"fullName":"RCO-5-009 fresh adversarial candidate boundaries does not attach a distant condition fact across an unrelated scope","status":"passed","title":"does not attach a distant condition fact across an unrelated scope","duration":2.4904000000000224,"failureMessages":[],"meta":{}},{"ancestorTitles":["RCO-5-009 fresh adversarial candidate boundaries"],"fullName":"RCO-5-009 fresh adversarial candidate boundaries still accepts an explicitly authoritative quotation while rejecting an example quotation","status":"passed","title":"still accepts an explicitly authoritative quotation while rejecting an example quotation","duration":2.0656000000000176,"failureMessages":[],"meta":{}},{"ancestorTitles":["RCO-5-009 fresh adversarial candidate boundaries"],"fullName":"RCO-5-009 fresh adversarial candidate boundaries rejects an unquoted example even when the example itself contains a request word","status":"passed","title":"rejects an unquoted example even when the example itself contains a request word","duration":0.9594000000000733,"failureMessages":[],"meta":{}},{"ancestorTitles":["RCO-5-009 fresh adversarial candidate boundaries"],"fullName":"RCO-5-009 fresh adversarial candidate boundaries lets an explicit trailing disclaimer override request-looking wording","status":"passed","title":"lets an explicit trailing disclaimer override request-looking wording","duration":0.9406000000000176,"failureMessages":[],"meta":{}},{"ancestorTitles":["RCO-5-009 fresh adversarial candidate boundaries"],"fullName":"RCO-5-009 fresh adversarial candidate boundaries separates a forwarded quotation from a current request","status":"passed","title":"separates a forwarded quotation from a current request","duration":0.9605999999999995,"failureMessages":[],"meta":{}},{"ancestorTitles":["RCO-5-009 fresh adversarial candidate boundaries"],"fullName":"RCO-5-009 fresh adversarial candidate boundaries keeps out-of-lexicon actions unresolved and separates cancellation commands from revision state","status":"passed","title":"keeps out-of-lexicon actions unresolved and separates cancellation commands from revision state","duration":2.706099999999992,"failureMessages":[],"meta":{}},{"ancestorTitles":["RCO-5-009 fresh adversarial candidate boundaries"],"fullName":"RCO-5-009 fresh adversarial candidate boundaries propagates one adjacent condition fact to every coordinated action","status":"passed","title":"propagates one adjacent condition fact to every coordinated action","duration":2.1649999999999636,"failureMessages":[],"meta":{}},{"ancestorTitles":["RCO-5-009 fresh adversarial candidate boundaries"],"fullName":"RCO-5-009 fresh adversarial candidate boundaries does not delete adjacent verbs without explicit relative-clause evidence","status":"passed","title":"does not delete adjacent verbs without explicit relative-clause evidence","duration":4.74369999999999,"failureMessages":[],"meta":{}},{"ancestorTitles":["RCO-5-009 fresh adversarial candidate boundaries"],"fullName":"RCO-5-009 fresh adversarial candidate boundaries keeps sequence, time-prefix and cross-scope objects bounded","status":"passed","title":"keeps sequence, time-prefix and cross-scope objects bounded","duration":4.4301999999999,"failureMessages":[],"meta":{}},{"ancestorTitles":["RCO-5-009 fresh adversarial candidate boundaries"],"fullName":"RCO-5-009 fresh adversarial candidate boundaries marks a conditional antecedent as evidence rather than a task candidate","status":"passed","title":"marks a conditional antecedent as evidence rather than a task candidate","duration":1.0439000000000078,"failureMessages":[],"meta":{}},{"ancestorTitles":["RCO-5-009 fresh adversarial candidate boundaries"],"fullName":"RCO-5-009 fresh adversarial candidate boundaries binds a same-scope condition to the immediately adjacent fact","status":"passed","title":"binds a same-scope condition to the immediately adjacent fact","duration":1.1031000000000404,"failureMessages":[],"meta":{}},{"ancestorTitles":["RCO-5-009 fresh adversarial candidate boundaries"],"fullName":"RCO-5-009 fresh adversarial candidate boundaries gives repeated action occurrences separate identities and owned objects","status":"passed","title":"gives repeated action occurrences separate identities and owned objects","duration":1.1406000000000631,"failureMessages":[],"meta":{}}],"startTime":1789285802005,"endTime":1789285802045.1406,"status":"passed","message":"","name":"C:/Users/Winner/student-affairs-multimodal-exp/src/recognition/actionCandidateFreshAdversarial.test.ts"},{"assertionResults":[{"ancestorTitles":["RCO-5-009A V2 seen B8 zero-call candidate regression"],"fullName":"RCO-5-009A V2 seen B8 zero-call candidate regression enumerates all twenty expected actions and exactly two explicit non-task decoys","status":"passed","title":"enumerates all twenty expected actions and exactly two explicit non-task decoys","duration":27.167799999999943,"failureMessages":[],"meta":{}},{"ancestorTitles":["RCO-5-009A V2 seen B8 zero-call candidate regression"],"fullName":"RCO-5-009A V2 seen B8 zero-call candidate regression keeps the frozen B8 structure perfect and isolates the historical-label conflict","status":"passed","title":"keeps the frozen B8 structure perfect and isolates the historical-label conflict","duration":38.99919999999997,"failureMessages":[],"meta":{}},{"ancestorTitles":["RCO-5-009A V2 seen B8 zero-call candidate regression"],"fullName":"RCO-5-009A V2 seen B8 zero-call candidate regression salvages legal siblings from frozen legacy raw while reporting rather than hiding model misses","status":"passed","title":"salvages legal siblings from frozen legacy raw while reporting rather than hiding model misses","duration":21.039199999999937,"failureMessages":[],"meta":{}}],"startTime":1789285801992,"endTime":1789285802079.0393,"status":"passed","message":"","name":"C:/Users/Winner/student-affairs-multimodal-exp/src/recognition/actionCandidateV2B8Regression.test.ts"},{"assertionResults":[{"ancestorTitles":["candidate-bound independent semantic and safety policy"],"fullName":"candidate-bound independent semantic and safety policy does not select a completed fact or a system-owned action as the user task","status":"passed","title":"does not select a completed fact or a system-owned action as the user task","duration":32.59770000000003,"failureMessages":[],"meta":{}},{"ancestorTitles":["candidate-bound independent semantic and safety policy"],"fullName":"candidate-bound independent semantic and safety policy keeps forwarded and cross-scope code examples outside the task lane","status":"passed","title":"keeps forwarded and cross-scope code examples outside the task lane","duration":5.938800000000015,"failureMessages":[],"meta":{}},{"ancestorTitles":["candidate-bound independent semantic and safety policy"],"fullName":"candidate-bound independent semantic and safety policy reports unknown rather than false when an action is outside the controlled vocabulary","status":"passed","title":"reports unknown rather than false when an action is outside the controlled vocabulary","duration":5.201600000000099,"failureMessages":[],"meta":{}},{"ancestorTitles":["candidate-bound independent semantic and safety policy"],"fullName":"candidate-bound independent semantic and safety policy applies a false condition to every coordinated action","status":"passed","title":"applies a false condition to every coordinated action","duration":4.273299999999949,"failureMessages":[],"meta":{}},{"ancestorTitles":["candidate-bound independent semantic and safety policy"],"fullName":"candidate-bound independent semantic and safety policy still selects a locally safe task when its adjacent condition is p
[...]
nds the clock and source context before asynchronous verification starts","duration":1.7436999999999898,"failureMessages":[],"meta":{}}],"startTime":1789285800250,"endTime":1789285800492.7437,"status":"passed","message":"","name":"C:/Users/Winner/student-affairs-multimodal-exp/src/experiments/realInput01/modelWire.test.ts"},{"assertionResults":[{"ancestorTitles":["real-input isolated canonical connection, seen responses not model accuracy"],"fullName":"real-input isolated canonical connection, seen responses not model accuracy exact original A02 enters existing source atomically, provenance stays live, duplicate replay preserves confirmed data","status":"passed","title":"exact original A02 enters existing source atomically, provenance stays live, duplicate replay preserves confirmed data","duration":3812.1076999999996,"failureMessages":[],"meta":{}},{"ancestorTitles":["real-input isolated canonical connection, seen responses not model accuracy"],"fullName":"real-input isolated canonical connection, seen responses not model accuracy record corruption/identity substitution rejects before writes; original pending source retained on transaction failure","status":"passed","title":"record corruption/identity substitution rejects before writes; original pending source retained on transaction failure","duration":718.5534000000007,"failureMessages":[],"meta":{}},{"ancestorTitles":["real-input isolated canonical connection, seen responses not model accuracy"],"fullName":"real-input isolated canonical connection, seen responses not model accuracy material edits invalidate their observation; shared confirmed entity cannot be rewritten","status":"passed","title":"material edits invalidate their observation; shared confirmed entity cannot be rewritten","duration":1243.8550999999989,"failureMessages":[],"meta":{}},{"ancestorTitles":["real-input isolated canonical connection, seen responses not model accuracy"],"fullName":"real-input isolated canonical connection, seen responses not model accuracy explicit material review separates requirement and availability: ready","status":"passed","title":"explicit material review separates requirement and availability: ready","duration":776.3133999999991,"failureMessages":[],"meta":{}},{"ancestorTitles":["real-input isolated canonical connection, seen responses not model accuracy"],"fullName":"real-input isolated canonical connection, seen responses not model accuracy explicit material review separates requirement and availability: missing","status":"passed","title":"explicit material review separates requirement and availability: missing","duration":641.2958999999992,"failureMessages":[],"meta":{}},{"ancestorTitles":["real-input isolated canonical connection, seen responses not model accuracy"],"fullName":"real-input isolated canonical connection, seen responses not model accuracy explicit material review separates requirement and availability: not_required","status":"passed","title":"explicit material review separates requirement and availability: not_required","duration":698.0452000000005,"failureMessages":[],"meta":{}},{"ancestorTitles":["real-input isolated canonical connection, seen responses not model accuracy"],"fullName":"real-input isolated canonical connection, seen responses not model accuracy material review save failure is atomic, stale choices refuse, independent sibling can confirm","status":"passed","title":"material review save failure is atomic, stale choices refuse, independent sibling can confirm","duration":505.79119999999966,"failureMessages":[],"meta":{}},{"ancestorTitles":["real-input isolated canonical connection, seen responses not model accuracy"],"fullName":"real-input isolated canonical connection, seen responses not model accuracy engineering preparation resumes the same persisted request after partial failure without repeat consent or writes","status":"passed","title":"engineering preparation resumes the same persisted request after partial failure without repeat consent or writes","duration":55.32809999999881,"failureMessages":[],"meta":{}},{"ancestorTitles":["real-input isolated canonical connection, seen responses not model accuracy"],"fullName":"real-input isolated canonical connection, seen responses not model accuracy changed saved reading refuses recovery of a prepared request, retaining the original pending evidence","status":"passed","title":"changed saved reading refuses recovery of a prepared request, retaining the original pending evidence","duration":22.75510000000031,"failureMessages":[],"meta":{}},{"ancestorTitles":["real-input isolated canonical connection, seen responses not model accuracy"],"fullName":"real-input isolated canonical connection, seen responses not model accuracy saved source correction immediately expires old suggestions, prior review=false","status":"passed","title":"saved source correction immediately expires old suggestions, prior review=false","duration":71.32270000000062,"failureMessages":[],"meta":{}},{"ancestorTitles":["real-input isolated canonical connection, seen responses not model accuracy"],"fullName":"real-input isolated canonical connection, seen responses not model accuracy saved source correction immediately expires old suggestions, prior review=true","status":"passed","title":"saved source correction immediately expires old suggestions, prior review=true","duration":114.91679999999906,"failureMessages":[],"meta":{}},{"ancestorTitles":["real-input isolated canonical connection, seen responses not model accuracy"],"fullName":"real-input isolated canonical connection, seen responses not model accuracy saved correction preserves a previously confirmed task and independent source confirmation","status":"passed","title":"saved correction preserves a previously confirmed task and independent source confirmation","duration":955.220299999999,"failureMessages":[],"meta":{}},{"ancestorTitles":["real-input isolated canonical connection, seen responses not model accuracy"],"fullName":"real-input isolated canonical connection, seen responses not model accuracy object correction keeps the current default title consistent and preserves explicit user title=false","status":"passed","title":"object correction keeps the current default title consistent and preserves explicit user title=false","duration":466.95260000000053,"failureMessages":[],"meta":{}},{"ancestorTitles":["real-input isolated canonical connection, seen responses not model accuracy"],"fullName":"real-input isolated canonical connection, seen responses not model accuracy object correction keeps the current default title consistent and preserves explicit user title=true","status":"passed","title":"object correction keeps the current default title consistent and preserves explicit user title=true","duration":507.3070000000007,"failureMessages":[],"meta":{}},{"ancestorTitles":["real-input isolated canonical connection, seen responses not model accuracy"],"fullName":"real-input isolated canonical connection, seen responses not model accuracy failed reading correction leaves old input usable; saving then restoring still requires a new suggestion","status":"passed","title":"failed reading correction leaves old input usable; saving then restoring still requires a new suggestion","duration":126.72499999999854,"failureMessages":[],"meta":{}},{"ancestorTitles":["real-input isolated canonical connection, seen responses not model accuracy"],"fullName":"real-input isolated canonical connection, seen responses not model accuracy an unsent page correction preserves the explicitly selected page and can confirm normally","status":"passed","title":"an unsent page correction preserves the explicitly selected page and can confirm normally","duration":118.71520000000055,"failureMessages":[],"meta":{}},{"ancestorTitles":["real-input isolated canonical connection, seen responses not model accuracy"],"fullName":"real-input isolated canonical connection, seen responses not model accuracy late response for a corrected in-flight input fails cleanly and preserves the response as failure evidence","status":"passed","title":"late response for a corrected in-flight input fails cleanly and preserves the response as failure evidence","duration":24.551300000000992,"failureMessages":[],"meta":{}},{"ancestorTitles":["real-input isolated canonical connection, seen responses not model accuracy"],"fullName":"real-input isolated canonical connection, seen responses not model accuracy derived long title requires an explicit short user title without truncating the corrected object","status":"passed","title":"derived long title requires an explicit short user title without truncating the corrected object","duration":211.65270000000055,"failureMessages":[],"meta":{}},{"ancestorTitles":["real-input isolated canonical connection, seen responses not model accuracy"],"fullName":"real-input isolated canonical connection, seen responses not model accuracy saves real source and pending run before response; unchanged content does not create a second version","status":"passed","title":"saves real source and pending run before response; unchanged content does not create a second version","duration":31.966300000000047,"failureMessages":[],"meta":{}},{"ancestorTitles":["real-input isolated canonical connection, seen responses not model accuracy"],"fullName":"real-input isolated canonical connection, seen responses not model accuracy no selected flag can skip explicit review; reviewed no-date saves with zero time/reminders and reopens","status":"passed","title":"no selected flag can skip explicit review; reviewed no-date saves with zero time/reminders and reopens","duration":141.36879999999837,"failureMessages":[],"meta":{}},{"ancestorTitles":["real-input isolated canonical connection, seen responses not model accuracy"],"fullName":"real-input isolated canonical connection, seen responses not model accuracy explicit saved date/title invalidate old review and are the confirmed values; rollback is atomic","status":"passed","title":"explicit saved date/title invalidate old review and are the confirmed values; rollback is atomic","duration":236.76230000000032,"failureMessages":[],"meta":{}},{"ancestorTitles":["real-input isolated canonical connection, seen responses not model accuracy"],"fullName":"real-input isolated canonical connection, seen responses not model accuracy truth/status condition-true and nonzero normal confirmations","status":"passed","title":"truth/status condition-true and nonzero normal confirmations","duration":103.78490000000056,"failureMessages":[],"meta":{}},{"ancestorTitles":["real-input isolated canonical connection, seen responses not model accuracy"],"fullName":"real-input isolated canonical connection, seen responses not model accuracy truth/status condition-false and nonzero normal confirmations","status":"passed","title":"truth/status condition-false and nonzero normal confirmations","duration":53.16240000000107,"failureMessages":[],"meta":{}},{"ancestorTitles":["real-input isolated canonical connection, seen responses not model accuracy"],"fullName":"real-input isolated canonical connection, seen responses not model accuracy truth/status condition-unknown and nonzero normal confirmations","status":"passed","title":"truth/status condition-unknown and nonzero normal confirmations","duration":102.98700000000099,"failureMessages":[],"meta":{}},{"ancestorTitles":["real-input isolated canonical connection, seen responses not model accuracy"],"fullName":"real-input isolated canonical connection, seen responses not model accuracy truth/status revision and nonzero normal confirmations","status":"passed","title":"truth/status revision and nonzero normal confirmations","duration":179.11000000000058,"failureMessages":[],"meta":{}},{"ancestorTitles":["real-input isolated canonical connection, seen responses not model accuracy"],"fullName":"real-input isolated canonical connection, seen responses not model accuracy manual material repair persists exact values, keeps originals and independent brother confirmation","status":"passed","title":"manual material repair persists exact values, keeps originals and independent brother confirmation","duration":860.9407999999985,"failureMessages":[],"meta":{}},{"ancestorTitles":["real-input isolated canonical connection, seen responses not model accuracy"],"fullName":"real-input isolated canonical connection, seen responses not model accuracy whole-source versions remain immutable, old pending draft is stale, confirmed task survives","status":"passed","title":"whole-source versions remain immutable, old pending draft is stale, confirmed task survives","duration":604.1582000000017,"failureMessages":[],"meta":{}},{"ancestorTitles":["real-input isolated canonical connection, seen responses not model accuracy"],"fullName":"real-input isolated canonical connection, seen responses not model accuracy changed source-only reading and duplicate operation cannot silently replace original; failed save rolls back","status":"passed","title":"changed source-only reading and duplicate operation cannot silently replace original; failed save rolls back","duration":13.565000000002328,"failureMessages":[],"meta":{}},{"ancestorTitles":["real-input isolated canonical connection, seen responses not model accuracy"],"fullName":"real-input isolated canonical connection, seen responses not model accuracy tampered first/effective review/raw or canonical is rejected, not repaired","status":"passed","title":"tampered first/effective review/raw or canonical is rejected, not repaired","duration":119.38760000000184,"failureMessages":[],"meta":{}},{"ancestorTitles":["real-input isolated canonical connection, seen responses not model accuracy"],"fullName":"real-input isolated canonical connection, seen responses not model accuracy pure information is explicitly disposed with no fake task; defer does not change unknown truth","status":"passed","title":"pure information is explicitly disposed with no fake task; defer does not change unknown truth","duration":42.67819999999847,"failureMessages":[],"meta":{}}],"startTime":1789285800971,"endTime":1789285814535.6782,"status":"passed","message":"","name":"C:/Users/Winner/student-affairs-multimodal-exp/src/experiments/realInput01/runtime.test.ts"},{"assertionResults":[{"ancestorTitles":["Workspace v8 domain graph validation"],"fullName":"Workspace v8 domain graph validation accepts the canonical complex competition fixture","status":"passed","title":"accepts the canonical complex competition fixture","duration":45.8214999999999,"failureMessages":[],"meta":{}},{"ancestorTitles":["Workspace v8 domain graph validation"],"fullName":"Workspace v8 domain graph validation rejects globally duplicated entity IDs and missing references","status":"passed","title":"rejects globally duplicated entity IDs and missing references","duration":6.1095000000000255,"failureMessages":[],"meta":{}},{"ancestorTitles":["Workspace v8 domain graph validation"],"fullName":"Workspace v8 domain graph validation enforces a maximum subtask depth of one","status":"passed","title":"enforces a maximum subtask depth of one","duration":4.201400000000035,"failureMessages":[],"meta":{}},{"ancestorTitles":["Workspace v8 domain graph validation"],"fullName":"Workspace v8 domain graph validation detects dependency cycles","status":"passed","title":"detects dependency cycles","duration":4.500400000000013,"failureMessages":[],"meta":{}},{"ancestorTitles":["Workspace v8 domain graph validation"],"fullName":"Workspace v8 domain graph validation rejects sentinel dates and requires vague time to remain null","status":"passed","title":"rejects sentinel dates and requires vague time to remain null","duration":11.029899999999998,"failureMessages":[],"meta":{}},{"ancestorTitles":["Workspace v8 domain graph validation"],"fullName":"Workspace v8 domain graph validation rejects invalid workspace zones and entity timestamps","status":"passed","title":"rejects invalid workspace zones and entity timestamps","duration":5.720100000000002,"failureMessages":[],"meta":{}},{"ancestorTitles":["Workspace v8 domain graph validation"],"fullName":"Workspace v8 domain graph validation returns shape issues instead of throwing on unknown runtime input","status":"passed","title":"returns shape issues instead of throwing on unknown runtime input","duration":1.896600000000035,"failureMessages":[],"meta":{}},{"ancestorTitles":["Workspace v8 domain graph validation"],"fullName":"Workspace v8 domain graph validation treats explicit undefined review metadata as absent optional fields","status":"passed","title":"treats explicit undefined review metadata as absent optional fields","duration":4.506999999999948,"failureMessages":[],"meta":{}},{"ancestorTitles":["Workspace v8 domain graph validation"],"fullName":"Workspace v8 domain graph validation accepts nested JSON-safe review metadata in legacyData","status":"passed","title":"accepts nested JSON-safe review metadata in legacyData","duration":6.579599999999914,"failureMessages":[],"meta":{}},{"ancestorTitles":["Workspace v8 domain graph validation"],"fullName":"Workspace v8 domain graph validation rejects nested undefined values in legacyData","status":"passed","title":"rejects nested undefined values in legacyData","duration":1.4250999999999294,"failureMessages":[],"meta":{}},{"ancestorTitles":["Workspace v8 domain graph validation"],"fullName":"Workspace v8 domain graph validation rejects nested BigInt values in legacyData","status":"passed","title":"rejects nested BigInt values in legacyData","duration":0.4843999999999369,"failureMessages":[],"meta":{}},{"ancestorTitles":["Workspace v8 domain graph validation"],"fullName":"Workspace v8 domain graph validation rejects nested function values in legacyData","status":"passed","title":"rejects nested function values in legacyData","duration":0.4213999999999487,"failureMessages":[],"meta":{}},{"ancestorTitles":["Workspace v8 domain graph validation"],"fullName":"Workspace v8 domain graph validation rejects nested non-plain object values in legacyData","status":"passed","title":"rejects nested non-plain object values in legacyData","duration":0.39859999999998763,"failureMessages":[],"meta":{}},{"ancestorTitles":["Workspace v8 domain graph validation"],"fullName":"Workspace v8 domain graph validation rejects nested non-finite number values in legacyData","status":"passed","title":"rejects nested non-finite number values in legacyData","duration":0.2780999999999949,"failureMessages":[],"meta":{}},{"ancestorTitles":["Workspace v8 domain graph validation"],"fullName":"Workspace v8 domain graph validation rejects nested sparse array values in legacyData","status":"passed","title":"rejects nested sparse array values in legacyData","duration":0.35989999999992506,"failureMessages":[],"meta":{}},{"ancestorTitles":["Workspace v8 domain graph validation"],"fullName":"Workspace v8 domain graph validation rejects cyclic legacyData without throwing","status":"passed","title":"rejects cyclic legacyData without throwing","duration":0.3686999999999898,"failureMessages":[],"meta":{}},{"ancestorTitles":["Workspace v8 domain graph validation"],"fullName":"Workspace v8 domain graph validation reports stable nested RecognitionResult paths for null elements and invalid enums","status":"passed","title":"reports stable nested RecognitionResult paths for null elements and invalid enums","duration":28.521299999999997,"failureMessages":[],"meta":{}},{"ancestorTitles":["Workspace v8 domain graph validation"],"fullName":"Workspace v8 domain graph validation rejects source, root and canonical entity ownership contradictions","status":"passed","title":"rejects source, root and canonical entity ownership contradictions","duration":4.297699999999963,"failureMessages":[],"meta":{}}],"startTime":1789285799854,"endTime":1789285799982.2976,"status":"passed","message":"","name":"C:/Users/Winner/student-affairs-multimodal-exp/src/domain/v2/validators/workspaceValidator.test.ts"}]}