{"numTotalTestSuites":279,"numPassedTestSuites":276,"numFailedTestSuites":3,"numPendingTestSuites":0,"numTotalTests":1348,"numPassedTests":1345,"numFailedTests":2,"numPendingTests":1,"numTodoTests":0,"snapshot":{"added":0,"failure":false,"filesAdded":0,"filesRemoved":0,"filesRemovedList":[],"filesUnmatched":0,"filesUpdated":0,"matched":0,"total":0,"unchecked":0,"uncheckedKeysByFile":[],"unmatched":0,"updated":0,"didUpdate":false},"startTime":1789303399880,"success":false,"testResults":[{"assertionResults":[{"ancestorTitles":["RCO-5-009 B9 pure evaluation"],"fullName":"RCO-5-009 B9 pure evaluation passes exact candidate identity, issue, revision, OOV and condition invariants","status":"passed","title":"passes exact candidate identity, issue, revision, OOV and condition invariants","duration":7.657899999999927,"failureMessages":[],"meta":{}},{"ancestorTitles":["RCO-5-009 B9 pure evaluation"],"fullName":"RCO-5-009 B9 pure evaluation fails an altered occurrence span and object ownership without text-based recovery","status":"passed","title":"fails an altered occurrence span and object ownership without text-based recovery","duration":2.5786000000000513,"failureMessages":[],"meta":{}},{"ancestorTitles":["RCO-5-009 B9 pure evaluation"],"fullName":"RCO-5-009 B9 pure evaluation recomputes source identity and the frozen candidate policy instead of trusting self-reported values","status":"passed","title":"recomputes source identity and the frozen candidate policy instead of trusting self-reported values","duration":1.578499999999849,"failureMessages":[],"meta":{}},{"ancestorTitles":["RCO-5-009 B9 pure evaluation"],"fullName":"RCO-5-009 B9 pure evaluation keeps shared object spans owned by each current candidate","status":"passed","title":"keeps shared object spans owned by each current candidate","duration":1.396099999999933,"failureMessages":[],"meta":{}},{"ancestorTitles":["RCO-5-009 B9 pure evaluation"],"fullName":"RCO-5-009 B9 pure evaluation scores expected issue codes and the positive revision relation exactly","status":"passed","title":"scores expected issue codes and the positive revision relation exactly","duration":1.3583999999998468,"failureMessages":[],"meta":{}},{"ancestorTitles":["RCO-5-009 B9 pure evaluation"],"fullName":"RCO-5-009 B9 pure evaluation derives the OOV unresolved scope and condition no-match requirements from tags","status":"passed","title":"derives the OOV unresolved scope and condition no-match requirements from tags","duration":1.147899999999936,"failureMessages":[],"meta":{}},{"ancestorTitles":["RCO-5-009 B9 pure evaluation"],"fullName":"RCO-5-009 B9 pure evaluation rejects an extra default selection even when it is otherwise a valid task","status":"passed","title":"rejects an extra default selection even when it is otherwise a valid task","duration":0.8717000000001462,"failureMessages":[],"meta":{}},{"ancestorTitles":["RCO-5-009 B9 pure evaluation"],"fullName":"RCO-5-009 B9 pure evaluation keeps the one-shot runner on the direct candidate path and free of external dispatch hooks","status":"passed","title":"keeps the one-shot runner on the direct candidate path and free of external dispatch hooks","duration":4.074499999999944,"failureMessages":[],"meta":{}}],"startTime":1789303401857,"endTime":1789303401878.0745,"status":"passed","message":"","name":"C:/Users/Winner/student-affairs-multimodal-exp/scripts/rco-5-009-b9-evaluation.test.ts"},{"assertionResults":[{"ancestorTitles":["mobile application shell"],"fullName":"mobile application shell keeps the four daily destinations in the bottom navigation","status":"passed","title":"keeps the four daily destinations in the bottom navigation","duration":2.372000000000071,"failureMessages":[],"meta":{}},{"ancestorTitles":["mobile application shell"],"fullName":"mobile application shell keeps secondary destinations available from the mobile menu","status":"passed","title":"keeps secondary destinations available from the mobile menu","duration":0.35789999999997235,"failureMessages":[],"meta":{}},{"ancestorTitles":["mobile application shell"],"fullName":"mobile application shell does not duplicate destinations across the mobile navigation layers","status":"passed","title":"does not duplicate destinations across the mobile navigation layers","duration":1.5634999999999764,"failureMessages":[],"meta":{}}],"startTime":1789303408681,"endTime":1789303408685.5635,"status":"passed","message":"","name":"C:/Users/Winner/student-affairs-multimodal-exp/src/mobileLayout.test.ts"},{"assertionResults":[{"ancestorTitles":["RCO-5-009 seen B8 zero-call candidate regression"],"fullName":"RCO-5-009 seen B8 zero-call candidate regression enumerates all twenty expected actions and exactly two explicit non-task decoys","status":"passed","title":"enumerates all twenty expected actions and exactly two explicit non-task decoys","duration":35.57960000000003,"failureMessages":[],"meta":{}},{"ancestorTitles":["RCO-5-009 seen B8 zero-call candidate regression"],"fullName":"RCO-5-009 seen B8 zero-call candidate regression has a perfect Expected-derived local ceiling without exposing Expected to a future request","status":"passed","title":"has a perfect Expected-derived local ceiling without exposing Expected to a future request","duration":72.21510000000012,"failureMessages":[],"meta":{}},{"ancestorTitles":["RCO-5-009 seen B8 zero-call candidate regression"],"fullName":"RCO-5-009 seen B8 zero-call candidate regression salvages legal siblings from frozen legacy raw while reporting rather than hiding model misses","status":"passed","title":"salvages legal siblings from frozen legacy raw while reporting rather than hiding model misses","duration":26.51130000000012,"failureMessages":[],"meta":{}}],"startTime":1789303404049,"endTime":1789303404183.5112,"status":"passed","message":"","name":"C:/Users/Winner/student-affairs-multimodal-exp/src/recognition/actionCandidateB8Regression.test.ts"},{"assertionResults":[{"ancestorTitles":["RCO-5-009-B9 frozen data structure"],"fullName":"RCO-5-009-B9 frozen data structure has the preregistered identity, versions and exact closed structure","status":"passed","title":"has the preregistered identity, versions and exact closed structure","duration":17.848400000000083,"failureMessages":[],"meta":{}},{"ancestorTitles":["RCO-5-009-B9 frozen data structure"],"fullName":"RCO-5-009-B9 frozen data structure freezes all aggregate counts and the tri-state actionability vector","status":"passed","title":"freezes all aggregate counts and the tri-state actionability vector","duration":1.226799999999912,"failureMessages":[],"meta":{}},{"ancestorTitles":["RCO-5-009-B9 frozen data structure"],"fullName":"RCO-5-009-B9 frozen data structure keeps candidate keys, response ownership and task bindings internally closed","status":"passed","title":"keeps candidate keys, response ownership and task bindings internally closed","duration":2.738600000000133,"failureMessages":[],"meta":{}},{"ancestorTitles":["RCO-5-009-B9 frozen data structure"],"fullName":"RCO-5-009-B9 frozen data structure freezes each decisive expected edge case without running the implementation","status":"passed","title":"freezes each decisive expected edge case without running the implementation","duration":5.5236999999999625,"failureMessages":[],"meta":{}},{"ancestorTitles":["RCO-5-009-B9 frozen data structure"],"fullName":"RCO-5-009-B9 frozen data structure does not reuse B0-B8 source text or semantic families and stays below the frozen similarity limit","status":"passed","title":"does not reuse B0-B8 source text or semantic families and stays below the frozen similarity limit","duration":63.48239999999987,"failureMessages":[],"meta":{}},{"ancestorTitles":["RCO-5-009-B9 frozen data structure"],"fullName":"RCO-5-009-B9 frozen data structure contains no obvious personal identifier, credential or API secret","status":"passed","title":"contains no obvious personal identifier, credential or API secret","duration":0.8717999999998938,"failureMessages":[],"meta":{}}],"startTime":1789303402194,"endTime":1789303402285.8718,"status":"passed","message":"","name":"C:/Users/Winner/student-affairs-multimodal-exp/src/recognition/actionCandidateB9DataFreeze.test.ts"},{"assertionResults":[{"ancestorTitles":["strict action candidate classification contract"],"fullName":"strict action candidate classification contract accepts an exact full-ledger response and permits no model-authored action or safety fields","status":"passed","title":"accepts an exact full-ledger response and permits no model-authored action or safety fields","duration":10.932899999999904,"failureMessages":[],"meta":{}},{"ancestorTitles":["strict action candidate classification contract"],"fullName":"strict action candidate classification contract uses const empty classifications for a zero-candidate catalog","status":"passed","title":"uses const empty classifications for a zero-candidate catalog","duration":1.3020999999999958,"failureMessages":[],"meta":{}},{"ancestorTitles":["strict action candidate classification contract"],"fullName":"strict action candidate classification contract keeps legal siblings usable when one classification is missing or duplicated","status":"passed","title":"keeps legal siblings usable when one classification is missing or duplicated","duration":2.2701000000000704,"failureMessages":[],"meta":{}},{"ancestorTitles":["strict action candidate classification contract"],"fullName":"strict action candidate classification contract isolates unknown IDs, cross-candidate objects and injected candidate fields","status":"passed","title":"isolates unknown IDs, cross-candidate objects and injected candidate fields","duration":2.168900000000008,"failureMessages":[],"meta":{}},{"ancestorTitles":["strict action candidate classification contract"],"fullName":"strict action candidate classification contract rejects root replay or tampering globally and never exposes partial classifications","status":"passed","title":"rejects root replay or tampering globally and never exposes partial classifications","duration":3.678700000000049,"failureMessages":[],"meta":{}},{"ancestorTitles":["strict action candidate classification contract"],"fullName":"strict action candidate classification contract is independent of classification array order","status":"passed","title":"is independent of classification array order","duration":1.5797999999999774,"failureMessages":[],"meta":{}}],"startTime":1789303405228,"endTime":1789303405250.5798,"status":"passed","message":"","name":"C:/Users/Winner/student-affairs-multimodal-exp/src/recognition/actionCandidateClassificationContract.test.ts"},{"assertionResults":[{"ancestorTitles":["candidate-level local composer and quarantine"],"fullName":"candidate-level local composer and quarantine does not let the model delete local propositions or promote local non-tasks","status":"passed","title":"does not let the model delete local propositions or promote local non-tasks","duration":69.99170000000004,"failureMessages":[],"meta":{}},{"ancestorTitles":["candidate-level local composer and quarantine"],"fullName":"candidate-level local composer and quarantine quarantines only a broken needs-model candidate and preserves sibling output byte-for-byte","status":"passed","title":"quarantines only a broken needs-model candidate and preserves sibling output byte-for-byte","duration":4.08809999999994,"failureMessages":[],"meta":{}},{"ancestorTitles":["candidate-level local composer and quarantine"],"fullName":"candidate-level local composer and quarantine blocks cross-candidate object borrowing without collateral loss","status":"passed","title":"blocks cross-candidate object borrowing without collateral loss","duration":3.0629000000000133,"failureMessages":[],"meta":{}},{"ancestorTitles":["candidate-level local composer and quarantine"],"fullName":"candidate-level local composer and quarantine keeps unknown injected IDs out while all known siblings survive","status":"passed","title":"keeps unknown injected IDs out while all known siblings survive","duration":3.151499999999942,"failureMessages":[],"meta":{}},{"ancestorTitles":["candidate-level local composer and quarantine"],"fullName":"candidate-level local composer and quarantine reports unknown requiresAction when unresolved coverage remains","status":"passed","title":"reports unknown requiresAction when unresolved coverage remains","duration":7.5844999999999345,"failureMessages":[],"meta":{}},{"ancestorTitles":["candidate-level local composer and quarantine"],"fullName":"candidate-level local composer and quarantine keeps revision signals out of the action lane and lets P4 resolve the relation locally","status":"passed","title":"keeps revision signals out of the action lane and lets P4 resolve the relation locally","duration":9.009300000000053,"failureMessages":[],"meta":{}},{"ancestorTitles":["candidate-level local composer and quarantine"],"fullName":"candidate-level local composer and quarantine globally rejects a mismatched source binding or mutated local catalog","status":"passed","title":"globally rejects a mismatched source binding or mutated local catalog","duration":4.019100000000094,"failureMessages":[],"meta":{}}],"startTime":1789303404409,"endTime":1789303404510.019,"status":"passed","message":"","name":"C:/Users/Winner/student-affairs-multimodal-exp/src/recognition/actionCandidateComposer.test.ts"},{"assertionResults":[{"ancestorTitles":["candidate-level local composer v2 and quarantine"],"fullName":"candidate-level local composer v2 and quarantine does not let the model delete local propositions or promote local non-tasks","status":"passed","title":"does not let the model delete local propositions or promote local non-tasks","duration":71.30140000000006,"failureMessages":[],"meta":{}},{"ancestorTitles":["candidate-level local composer v2 and quarantine"],"fullName":"candidate-level local composer v2 and quarantine quarantines only a broken needs-model candidate and preserves sibling output byte-for-byte","status":"passed","title":"quarantines only a broken needs-model candidate and preserves sibling output byte-for-byte","duration":4.448700000000031,"failureMessages":[],"meta":{}},{"ancestorTitles":["candidate-level local composer v2 and quarantine"],"fullName":"candidate-level local composer v2 and quarantine blocks cross-candidate object borrowing without collateral loss","status":"passed","title":"blocks cross-candidate object borrowing without collateral loss","duration":3.3787999999999556,"failureMessages":[],"meta":{}},{"ancestorTitles":["candidate-level local composer v2 and quarantine"],"fullName":"candidate-level local composer v2 and quarantine keeps unknown injected IDs out while all known siblings survive","status":"passed","title":"keeps unknown injected IDs out while all known siblings survive","duration":2.9038999999999078,"failureMessages":[],"meta":{}},{"ancestorTitles":["candidate-level local composer v2 and quarantine"],"fullName":"candidate-level local composer v2 and quarantine reports unknown requiresAction when unresolved coverage remains","status":"passed","title":"reports unknown requiresAction when unresolved coverage remains","duration":6.657899999999927,"failureMessages":[],"meta":{}},{"ancestorTitles":["candidate-level local composer v2 and quarantine"],"fullName":"candidate-level local composer v2 and quarantine keeps revision signals out of the action lane and lets P4 resolve the relation locally","status":"passed","title":"keeps revision signals out of the action lane and lets P4 resolve the relation locally","duration":15.24369999999999,"failureMessages":[],"meta":{}},{"ancestorTitles":["candidate-level local composer v2 and quarantine"],"fullName":"candidate-level local composer v2 and quarantine globally rejects a mismatched source binding or mutated local catalog","status":"passed","title":"globally rejects a mismatched source binding or mutated local catalog","duration":3.57120000000009,"failureMessages":[],"meta":{}}],"startTime":1789303404409,"endTime":1789303404516.5713,"status":"passed","message":"","name":"C:/Users/Winner/student-affairs-multimodal-exp/src/recognition/actionCandidateComposerV2.test.ts"},{"assertionResults":[{"ancestorTitles":["RCO-5-009 fresh adversarial candidate boundaries"],"fullName":"RCO-5-009 fresh adversarial candidate boundaries does not let an interface decoy in the same scope erase a real directive","status":"passed","title":"does not let an interface decoy in the same scope erase a real directive","duration":10.919899999999984,"failureMessages":[],"meta":{}},{"ancestorTitles":["RCO-5-009 fresh adversarial candidate boundaries"],"fullName":"RCO-5-009 fresh adversarial candidate boundaries keeps an action inside a relative object clause out of the task lane","status":"passed","title":"keeps an action inside a relative object clause out of the task lane","duration":2.2059999999999036,"failureMessages":[],"meta":{}},{"ancestorTitles":["RCO-5-009 fresh adversarial candidate boundaries"],"fullName":"RCO-5-009 fresh adversarial candidate boundaries does not attach a distant condition fact across an unrelated scope","status":"passed","title":"does not attach a distant condition fact across an unrelated scope","duration":2.6417000000000144,"failureMessages":[],"meta":{}},{"ancestorTitles":["RCO-5-009 fresh adversarial candidate boundaries"],"fullName":"RCO-5-009 fresh adversarial candidate boundaries still accepts an explicitly authoritative quotation while rejecting an example quotation","status":"passed","title":"still accepts an explicitly authoritative quotation while rejecting an example quotation","duration":3.7907000000000153,"failureMessages":[],"meta":{}},{"ancestorTitles":["RCO-5-009 fresh adversarial candidate boundaries"],"fullName":"RCO-5-009 fresh adversarial candidate boundaries rejects an unquoted example even when the example itself contains a request word","status":"passed","title":"rejects an unquoted example even when the example itself contains a request word","duration":5.003299999999967,"failureMessages":[],"meta":{}},{"ancestorTitles":["RCO-5-009 fresh adversarial candidate boundaries"],"fullName":"RCO-5-009 fresh adversarial candidate boundaries lets an explicit trailing disclaimer override request-looking wording","status":"passed","title":"lets an explicit trailing disclaimer override request-looking wording","duration":3.6182000000000016,"failureMessages":[],"meta":{}},{"ancestorTitles":["RCO-5-009 fresh adversarial candidate boundaries"],"fullName":"RCO-5-009 fresh adversarial candidate boundaries separates a forwarded quotation from a current request","status":"passed","title":"separates a forwarded quotation from a current request","duration":1.8658000000000357,"failureMessages":[],"meta":{}},{"ancestorTitles":["RCO-5-009 fresh adversarial candidate boundaries"],"fullName":"RCO-5-009 fresh adversarial candidate boundaries keeps out-of-lexicon actions unresolved and separates cancellation commands from revision state","status":"passed","title":"keeps out-of-lexicon actions unresolved and separates cancellation commands from revision state","duration":5.067800000000034,"failureMessages":[],"meta":{}},{"ancestorTitles":["RCO-5-009 fresh adversarial candidate boundaries"],"fullName":"RCO-5-009 fresh adversarial candidate boundaries propagates one adjacent condition fact to every coordinated action","status":"passed","title":"propagates one adjacent condition fact to every coordinated action","duration":2.5352000000000317,"failureMessages":[],"meta":{}},{"ancestorTitles":["RCO-5-009 fresh adversarial candidate boundaries"],"fullName":"RCO-5-009 fresh adversarial candidate boundaries does not delete adjacent verbs without explicit relative-clause evidence","status":"passed","title":"does not delete adjacent verbs without explicit relative-clause evidence","duration":3.83280000000002,"failureMessages":[],"meta":{}},{"ancestorTitles":["RCO-5-009 fresh adversarial candidate boundaries"],"fullName":"RCO-5-009 fresh adversarial candidate boundaries keeps sequence, time-prefix and cross-scope objects bounded","status":"passed","title":"keeps sequence, time-prefix and cross-scope objects bounded","duration":18.182999999999993,"failureMessages":[],"meta":{}},{"ancestorTitles":["RCO-5-009 fresh adversarial candidate boundaries"],"fullName":"RCO-5-009 fresh adversarial candidate boundaries marks a conditional antecedent as evidence rather than a task candidate","status":"passed","title":"marks a conditional antecedent as evidence rather than a task candidate","duration":4.8945999999999685,"failureMessages":[],"meta":{}},{"ancestorTitles":["RCO-5-009 fresh adversarial candidate boundaries"],"fullName":"RCO-5-009 fresh adversarial candidate boundaries binds a same-scope condition to the immediately adjacent fact","status":"passed","title":"binds a same-scope condition to the immediately adjacent fact","duration":1.2934000000000196,"failureMessages":[],"meta":{}},{"ancestorTitles":["RCO-5-009 fresh adversarial candidate boundaries"],"fullName":"RCO-5-009 fresh adversarial candidate boundaries gives repeated action occurrences separate identities and owned objects","status":"passed","title":"gives repeated action occurrences separate identities and owned objects","duration":1.2342000000001008,"failureMessages":[],"meta":{}}],"startTime":1789303404777,"endTime":1789303404845.2341,"status":"passed","message":"","name":"C:/Users/Winner/student-affairs-multimodal-exp/src/recognition/actionCandidateFreshAdversarial.test.ts"},{"assertionResults":[{"ancestorTitles":["RCO-5-009A V2 seen B8 zero-call candidate regression"],"fullName":"RCO-5-009A V2 seen B8 zero-call candidate regression enumerates all twenty expected actions and exactly two explicit non-task decoys","status":"passed","title":"enumerates all twenty expected actions and exactly two explicit non-task decoys","duration":41.20279999999991,"failureMessages":[],"meta":{}},{"ancestorTitles":["RCO-5-009A V2 seen B8 zero-call candidate regression"],"fullName":"RCO-5-009A V2 seen B8 zero-call candidate regression keeps the frozen B8 structure perfect and isolates the historical-label conflict","status":"passed","title":"keeps the frozen B8 structure perfect and isolates the historical-label conflict","duration":45.646000000000186,"failureMessages":[],"meta":{}},{"ancestorTitles":["RCO-5-009A V2 seen B8 zero-call candidate regression"],"fullName":"RCO-5-009A V2 seen B8 zero-call candidate regression salvages legal siblings from frozen legacy raw while reporting rather than hiding model misses","status":"passed","title":"salvages legal siblings from frozen legacy raw while reporting rather than hiding model misses","duration":38.66009999999983,"failureMessages":[],"meta":{}}],"startTime":1789303403091,"endTime":1789303403216.6602,"status":"passed","message":"","name":"C:/Users/Winner/student-affairs-multimodal-exp/src/recognition/actionCandidateV2B8Regression.test.ts"},{"assertionResults":[{"ancestorTitles":["candidate-bound independent semantic and safety policy"],"fullName":"candidate-bound independent semantic and safety policy does not select a completed fact or a system-owned action as the user task","status":"passed","title":"does not select a completed fact or a system-owned action as the user task","duration":23.741300000000024,"failureMessages":[],"meta":{}},{"ancestorTitles":["candidate-bound independent semantic and safety policy"],"fullName":"candidate-bound independent semantic and safety policy keeps forwarded and cross-scope code examples outside the task lane","status":"passed","title":"keeps forwarded and cross-scope code examples outside the task lane","duration":10.52640000000008,"failureMessages":[],"meta":{}},{"ancestorTitles":["candidate-bound independent semantic and safety policy"],"fullName":"candidate-bound independent semantic and safety policy reports unknown rather than false when an action is outside the controlled vocabulary","status":"passed","title":"reports unknown rather than false when an action is outside the controlled vocabulary","duration":6.218000000000075,"failureMessages":[],"meta":{}},{"ancestorTitles":["candidate-bound independent semantic and safety policy"],"fullName":"candidate-bound independent semantic and safety policy applies a false condition to every coordinated action","status":"passed","title":"applies a false condition to every coordinated action","duration":3.9528000000000247,"failureMessages":[],"meta":{}},{"ancestorTitles":["candidate-bound independent semantic and safety policy"],"fullName":"candidate-bound independent semantic and safety policy still selects a locally safe task when its adjacent condition is proved true","status":"passed","title":"still selects a locally safe task when its adjacent condition is proved true","duration":2.147199999999998,"failureMessages":[],"meta":{}},{"ancestorTitles":["candidate-bound independent semantic and safety policy"],"fullName":"candidate-bound independent semantic and safety policy never lets candidate quarantine increase revision certainty","status":"passed","title":"never lets candidate quarantine increase revision certainty","duration":4.2473999999999705,"failureMessages":[],"meta":{}},{"ancestorTitles":["candidate-bound independent semantic and safety policy"],"fullName":"candidate-bound independent semantic and safety policy does not let an unresolved historical revision block a later independent current task","status":"passed","title":"does not let an unresolved historical revision block a later independent current task","duration":3.9452999999999747,"failureMessages":[],"meta":{}},{"ancestorTitles":["candidate-bound independent semantic and safety policy"],"fullName":"candidate-bound independent semantic and safety policy preserves adjacent real actions for bounded model classification","status":"passed","title":"preserves adjacent real actions for bounded model classification","duration":4.291100000000029,"failureMessages":[],"meta":{}},{"ancestorTitles":["candidate-bound independent semantic and safety policy"],"fullName":"candidate-bound independent semantic and safety policy restores the exact owned object instead of letting downstream normalization rewrite it","status":"passed","title":"restores the exact owned object instead of letting downstream normalization rewrite it","duration":2.422700000000077,"failureMessages":[],"meta":{}},{"ancestorTitles":["candidate-bound independent semantic and safety policy"],"fullName":"candidate-bound independent semantic and safety policy reports an injected unknown response ID without letting it erase an independent local default","status":"passed","title":"reports an injected unknown response ID without letting it erase an independent local default","duration":3.75120000000004,"failureMessages":[],"meta":{}},{"ancestorTitles":["candidate-bound independent semantic and safety policy"],"fullName":"candidate-bound independent semantic and safety policy quarantines one uncertain candidate without changing an independent safe sibling","status":"passed","title":"quarantines one uncertain candidate without changing an independent safe sibling","duration":3.82529999999997,"failureMessages":[],"meta":{}},{"ancestorTitles":["candidate-bound independent semantic and safety policy"],"fullName":"candidate-bound independent semantic and safety policy fails closed if an accepted ledger entry loses its owned object binding","status":"passed","title":"fails closed if an accepted ledger entry loses its owned object binding","duration":3.6748999999999796,"failureMessages":[],"meta":{}},{"ancestorTitles":["candidate-bound independent semantic and safety policy"],"fullName":"candidate-bound independent semantic and safety policy keeps a historical requirement visible without calling it a current task","status":"passed","title":"keeps a historical requirement visible without calling it a current task","duration":1.6462999999999965,"failureMessages":[],"meta":{}},{"ancestorTitles":["candidate-bound independent semantic and safety policy"],"fullName":"candidate-bound independent semantic and safety policy does not turn the condition antecedent into a task and preserves unknown actionability","status":"passed","title":"does not turn the condition antecedent into a task and preserves unknown actionability","duration":1.65300000000002,"failureMessages":[],"meta":{}},{"ancestorTitles":["candidate-bound independent semantic and safety policy"],"fullName":"candidate-bound independent semantic and safety policy uses same-scope condition evidence to allow a proved safe task","status":"passed","title":"uses same-scope condition evidence to allow a proved safe task","duration":3.223899999999958,"failureMessages":[],"meta":{}},{"ancestorTitles":["candidate-bound independent semantic and safety policy"],"fullName":"candidate-bound independent semantic and safety policy materializes repeated actions directly from their own occurrence and object IDs","status":"passed","title":"materializes repeated actions directly from their own occurrence and object IDs","duration":2.4009999999999536,"failureMessages":[],"meta":{}}],"startTime":1789303402711,"endTime":1789303402792.401,"status":"passed","message":"","name":"C:/Users/Winner/student-affairs-multimodal-exp/src/recognition/candidateTaskSafetyPolicy.test.ts"},{"assertionResults":[{"ancestorTitles":["RCO-5-010 full proposition and three-valued actionability"],"fullName":"RCO-5-010 full proposition and three-valued actionability keeps the ambiguous B9-shaped sentence unknown instead of forcing a frozen label","status":"passed","title":"keeps the ambiguous B9-shaped sentence unknown instead of forcing a frozen label","duration":35.32179999999971,"failureMessages":[],"meta":{}},{"ancestorTitles":["RCO-5-010 full proposition and three-valued actionability"],"fullName":"RCO-5-010 full proposition and three-valued actionability can prove a reporting-governed action is embedded content","status":"passed","title":"can prove a reporting-governed action is embedded content","duration":10.80659999999989,"failureMessages":[],"meta":{}},{"ancestorTitles":["RCO-5-010 full proposition and three-valued actionability"],"fullName":"RCO-5-010 full proposition and three-valued actionability keeps explicit uncertainty about whether a duty exists as null","status":"passed","title":"keeps explicit uncertainty about whether a duty exists as null","duration":10.73680000000013,"failureMessages":[],"meta":{}},{"ancestorTitles":["RCO-5-010 full proposition and three-valued actionability"],"fullName":"RCO-5-010 full proposition and three-valued actionability does not turn an action mentioned inside an unresolved duty question into a task: 通知尚未说明是否需要核对名单。","status":"passed","title":"does not turn an action mentioned inside an unresolved duty question into a task: 通知尚未说明是否需要核对名单。","duration":4.978900000000067,"failureMessages":[],"meta":{}},{"ancestorTitles":["RCO-5-010 full proposition and three-valued actionability"],"fullName":"RCO-5-010 full proposition and three-valued actionability does not turn an action mentioned inside an unresolved duty question into a task: 是否必须检查申请表仍未明确。","status":"passed","title":"does not turn an action mentioned inside an unresolved duty question into a task: 是否必须检查申请表仍未明确。","duration":4.196899999999914,"failureMessages":[],"meta":{}},{"ancestorTitles":["RCO-5-010 full proposition and three-valued actionability"],"fullName":"RCO-5-010 full proposition and three-valued actionability does not turn an action mentioned inside an unresolved duty question into a task: 请问是否需要保存值班记录。","status":"passed","title":"does not turn an action mentioned inside an unresolved duty question into a task: 请问是否需要保存值班记录。","duration":5.227599999999711,"failureMessages":[],"meta":{}},{"ancestorTitles":["RCO-5-010 full proposition and three-valued actionability"],"fullName":"RCO-5-010 full proposition and three-valued actionability does not turn an action mentioned inside an unresolved duty question into a task: 是否需要打印回执尚未说明。","status":"passed","title":"does not turn an action mentioned inside an unresolved duty question into a task: 是否需要打印回执尚未说明。","duration":2.5991000000003623,"failureMessages":[],"meta":{}},{"ancestorTitles":["RCO-5-010 full proposition and three-valued actionability"],"fullName":"RCO-5-010 full proposition and three-valued actionability does not turn an action mentioned inside an unresolved duty question into a task: 是否需要提交纸质版仍不清楚。","status":"passed","title":"does not turn an action mentioned inside an unresolved duty question into a task: 是否需要提交纸质版仍不清楚。","duration":3.729400000000169,"failureMessages":[],"meta":{}},{"ancestorTitles":["RCO-5-010 full proposition and three-valued actionability"],"fullName":"RCO-5-010 full proposition and three-valued actionability can prove a reported question is not a current duty","status":"passed","title":"can prove a reported question is not a current duty","duration":12.134399999999914,"failureMessages":[],"meta":{}},{"ancestorTitles":["RCO-5-010 full proposition and three-valued actionability"],"fullName":"RCO-5-010 full proposition and three-valued actionability uses the full nominalized proposition instead of treating an internal 请 as a directive: 申请材料核对结果尚未说明。","status":"passed","title":"uses the full nominalized proposition instead of treating an internal 请 as a directive: 申请材料核对结果尚未说明。","duration":5.6469999999999345,"failureMessages":[],"meta":{}},{"ancestorTitles":["RCO-5-010 full proposition and three-valued actionability"],"fullName":"RCO-5-010 full proposition and three-valued actionability uses the full nominalized proposition instead of treating an internal 请 as a directive: 邀请记录核对结果仍不明确。","status":"passed","title":"uses the full nominalized proposition instead of treating an internal 请 as a directive: 邀请记录核对结果仍不明确。","duration":3.4594999999999345,"failureMessages":[],"meta":{}},{"ancestorTitles":["RCO-5-010 full proposition and three-valued actionability"],"fullName":"RCO-5-010 full proposition and three-valued actionability uses the full nominalized proposition instead of treating an internal 请 as a directive: 请假流程核对结果尚不清楚。","status":"passed","title":"uses the full nominalized proposition instead of treating an internal 请 as a directive: 请假流程核对结果尚不清楚。","duration":3.920799999999872,"failureMessages":[],"meta":{}},{"ancestorTitles":["RCO-5-010 full proposition and three-valued actionability"],"fullName":"RCO-5-010 full proposition and three-valued actionability uses the full nominalized proposition instead of treating an internal 请 as a directive: 请柬核对结果尚未说明。","status":"passed","title":"uses the full nominalized proposition instead of treating an internal 请 as a directive: 请柬核对结果尚未说明。","duration":2.566100000000006,"failureMessages":[],"meta":{}},{"ancestorTitles":["RCO-5-010 full proposition and three-valued actionability"],"fullName":"RCO-5-010 full proposition and three-valued actionability uses the full nominalized proposition instead of treating an internal 请 as a directive: 请帖核对结果仍不明确。","status":"passed","title":"uses the full nominalized proposition instead of treating an internal 请 as a directive: 请帖核对结果仍不明确。","duration":3.539900000000216,"failureMessages":[],"meta":{}},{"ancestorTitles":["RCO-5-010 full proposition and three-valued actionability"],"fullName":"RCO-5-010 full proposition and three-valued actionability recognizes 请 only when a complete positive grammar proves it governs the action: 请核对材料。","status":"passed","title":"recognizes 请 only when a complete positive grammar proves it governs the action: 请核对材料。","duration":4.6731000000004315,"failureMessages":[],"meta":{}},{"ancestorTitles":["RCO-5-010 full proposition and three-valued actionability"],"fullName":"RCO-5-010 full proposition and three-valued actionability recognizes 请 only when a complete positive grammar proves it governs the action: 申请人请核对材料。","status":"passed","title":"recognizes 请 only when a complete positive grammar proves it governs the action: 申请人请核对材料。","duration":3.619699999999739,"failureMessages":[],"meta":{}},{"ancestorTitles":["RCO-5-010 full proposition and three-valued actionability"],"fullName":"RCO-5-010 full proposition and three-valued actionability recognizes 请 only when a complete positive grammar proves it governs the action: 请于周五前核对材料。","status":"passed","title":"recognizes 请 only when a complete positive grammar proves it governs the action: 请于周五前核对材料。","duration":3.502599999999802,"failureMessages":[],"meta":{}},{"ancestorTitles":["RCO-5-010 full proposition and three-valued actionability"],"fullName":"RCO-5-010 full proposition and three-valued actionability recognizes 请 only when a complete positive grammar proves it governs the action: 请各位同学认真核对材料。","status":"passed","title":"recognizes 请 only when a complete positive grammar proves it governs the action: 请各位同学认真核对材料。","duration":6.01260000000002,"failureMessages":[],"meta":{}},{"ancestorTitles":["RCO-5-010 full proposition and three-valued actionability"],"fullName":"RCO-5-010 full proposition and three-valued actionability keeps an unproved 请-to-action relationship unknown and unselected: 请求核对名单。","status":"passed","title":"keeps an unproved 请-to-action relationship unknown and unselected: 请求核对名单。","duration":4.188099999999849,"failureMessages":[],"meta":{}},{"ancestorTitles":["RCO-5-010 full proposition and three-valued actionability"],"fullName":"RCO-5-010 full proposition and three-valued actionability keeps an unproved 请-to-action relationship unknown and unselected: 请柬核对名单。","status":"passed","title":"keeps an unproved 请-to-action relationship unknown and unselected: 请柬核对名单。","duration":7.253200000000106,"failureMessages":[],"meta":{}},{"ancestorTitles":["RCO-5-010 full proposition and three-valued actionability"],"fullName":"RCO-5-010 full proposition and three-valued actionability keeps an unproved 请-to-action relationship unknown and unselected: 聘请人员核对名单。","status":"passed","title":"keeps an unproved 请-to-action relationship unknown and unselected: 聘请人员核对名单。","duration":6.019600000000082,"failureMessages":[],"meta":{}},{"ancestorTitles":["RCO-5-010 full proposition and three-valued actionability"],"fullName":"RCO-5-010 full proposition and three-valued actionability does not let a later word-internal 请 shadow an earlier real command: 请在请假后核对材料。","status":"passed","title":"does not let a later word-internal 请 shadow an earlier real command: 请在请假后核对材料。","duration":3.3095000000002983,"failureMessages":[],"meta":{}},{"ancestorTitles":["RCO-5-010 full proposition and three-valued actionability"],"fullName":"RCO-5-010 full proposition and three-valued actionability does not let a later word-internal 请 shadow an earlier real command: 请在申请材料中核对名单。","status":"passed","title":"does not let a later word-internal 请 shadow an earlier real command: 请在申请材料中核对名单。","duration":3.3949000000002343,"failureMessages":[],"meta":{}},{"ancestorTitles":["RCO-5-010 full proposition and three-valued actionability"],"fullName":"RCO-5-010 full proposition and three-valued actionability keeps a directive embedded in an outer reported question unknown and unselected","status":"passed","title":"keeps a directive embedded in an outer reported question unknown and unselected","duration":2.739799999999832,"failureMessages":[],"meta":{}},{"ancestorTitles":["RCO-5-010 full proposition and three-valued actionability"],"fullName":"RCO-5-010 full proposition and three-valued actionability does not accept a multi-character governor without a proved left-side grammar","status":"passed","title":"does not accept a multi-character governor without a proved left-side grammar","duration":2.4967999999998938,"failureMessages":[],"meta":{}},{"ancestorTitles":["RCO-5-010 full proposition and three-valued actionability"],"fullName":"RCO-5-010 full proposition and three-valued actionability changes with the governing proposition instead of the action word: '保存'","status":"passed","title":"changes with the governing proposition instead of the action word: '保存'","duration":5.978700000000117,"failureMessages":[],"meta":{}},{"ancestorTitles":["RCO-5-010 full proposition and three-valued actionability"],"fullName":"RCO-5-010 full proposition and three-valued actionability changes with the governing proposition instead of the action word: '打印'","status":"passed","title":"changes with the governing proposition instead of the action word: '打印'","duration":5.974299999999857,"failureMessages":[],"meta":{}},{"ancestorTitles":["RCO-5-010 full proposition and three-valued actionability"],"fullName":"RCO-5-010 full proposition and three-valued actionability changes with the governing proposition instead of the action word: '提交'","status":"passed","title":"changes with the governing proposition instead of the action word: '提交'","duration":5.742199999999684,"failureMessages":[],"meta":{}},{"ancestorTitles":["RCO-5-010 full proposition and three-valued actionability"],"fullName":"RCO-5-010 full proposition and three-valued actionability does not let an information word swallow a governed directive: 请核对蓝色门签是否属于该流程。","status":"passed","title":"does not let an information word swallow a governed directive: 请核对蓝色门签是否属于该流程。","duration":2.7982999999999265,"failureMessages":[],"meta":{}},{"ancestorTitles":["RCO-5-010 full proposition and three-valued actionability"],"fullName":"RCO-5-010 full proposition and three-valued actionability does not let an information word swallow a governed directive: 通知尚未说明，请核对蓝色门签。","status":"passed","title":"does not let an information word swallow a governed directive: 通知尚未说明，请核对蓝色门签。","duration":2.7467999999998938,"failureMessages":[],"meta":{}},{"ancestorTitles":["RCO-5-010 full proposition and three-valued actionability"],"fullName":"RCO-5-010 full proposition and three-valued actionability does not let an information word swallow a governed directive: 必须核对结果，说明尚未补充。","status":"passed","title":"does not let an information word swallow a governed directive: 必须核对结果，说明尚未补充。","duration":2.136200000000372,"failureMessages":[],"meta":{}},{"ancestorTitles":["RCO-5-010 full proposition and three-valued actionability"],"fullName":"RCO-5-010 full proposition and three-valued actionability keeps only the outer directive when another action is embedded under its question","status":"passed","title":"keeps only the outer directive when another action is embedded under its question","duration":7.65729999999985,"failureMessages":[],"meta":{}},{"ancestorTitles":["RCO-5-010 full proposition and three-valued actionability"],"fullName":"RCO-5-010 full proposition and three-valued actionability preserves coordinated matrix actions and their separate objects","status":"passed","title":"preserves coordinated matrix actions and their separate objects","duration":7.768899999999576,"failureMessages":[],"meta":{}},{"ancestorTitles":["RCO-5-010 full proposition and three-valued actionability"],"fullName":"RCO-5-010 full proposition and three-valued actionability keeps an unfinished-action sentence unknown instead of treating 尚未 as a non-task switch","status":"passed","title":"keeps an unfinished-action sentence unknown instead of treating 尚未 as a non-task switch","duration":9.803699999999935,"failureMessages":[],"meta":{}},{"ancestorTitles":["RCO-5-010 full proposition and three-valued actionability"],"fullName":"RCO-5-010 full proposition and three-valued actionability keeps a real external obligation true even though safety leaves it unselected","status":"passed","title":"keeps a real external obligation true even though safety leaves it unselected","duration":5.3697000000001935,"failureMessages":[],"meta":{}},{"ancestorTitles":["RCO-5-010 full proposition and three-valued actionability"],"fullName":"RCO-5-010 full proposition and three-valued actionability reduces required plus unknown to true without deleting the unknown sibling","status":"passed","title":"reduces required plus unknown to true without deleting the unknown sibling","duration":4.6831999999999425,"failureMessages":[],"meta":{}},{"ancestorTitles":["RCO-5-010 full proposition and three-valued actionability"],"fullName":"RCO-5-010 full proposition and three-valued actionability returns false only after the candidate is proved non-current or non-required: 旧通知要求保存纸质回执。","status":"passed","title":"returns false only after the candidate is proved non-current or non-required: 旧通知要求保存纸质回执。","duration":3.1761999999998807,"failureMessages":[],"meta":{}},{"ancestorTitles":["RCO-5-010 full proposition and three-valued actionability"],"fullName":"RCO-5-010 full proposition and three-valued actionability returns false only after the candidate is proved non-current or non-required: 材料已保存。","status":"passed","title":"returns false only after the candidate is proved non-current or non-required: 材料已保存。","duration":2.5694000000003143,"failureMessages":[],"meta":{}},{"ancestorTitles":["RCO-5-010 full proposition and three-valued actionability"],"fullName":"RCO-5-010 full proposition and three-valued actionability returns false only after the candidate is proved non-current or non-required: 系统需要保存审计日志。","status":"passed","title":"returns false only after the candidate is proved non-current or non-required: 系统需要保存审计日志。","duration":3.3267000000000735,"failureMessages":[],"meta":{}},{"ancestorTitles":["RCO-5-010 full proposition and three-valued actionability"],"fullName":"RCO-5-010 full proposition and three-valued actionability returns false only after the candidate is proved non-current or non-required: 如果材料缺失，请保存说明。目前材料并未缺失。","status":"passed","title":"returns false only after the candidate is proved non-current or non-required: 如果材料缺失，请保存说明。目前材料并未缺失。","duration":4.080200000000332,"failureMessages":[],"meta":{}},{"ancestorTitles":["RCO-5-010 full proposition and three-valued actionability"],"fullName":"RCO-5-010 full proposition and three-valued actionability returns false only after the candidate is proved non-current or non-required: 可以自行保存练习记录。","status":"passed","title":"returns false only after the candidate is proved non-current or non-required: 可以自行保存练习记录。","duration":4.316399999999703,"failureMessages":[],"meta":{}},{"ancestorTitles":["RCO-5-010 full proposition and three-valued actionability"],"fullName":"RCO-5-010 full proposition and three-valued actionability keeps a condition with no matching fact unknown","status":"passed","title":"keeps a condition with no matching fact unknown","duration":2.801600000000235,"failureMessages":[],"meta":{}},{"ancestorTitles":["RCO-5-010 full proposition and three-valued actionability"],"fullName":"RCO-5-010 full proposition and three-valued actionability derives the same conditional task from condition truth 'true'","status":"passed","title":"derives the same conditional task from condition truth 'true'","duration":3.6954000000000633,"failureMessages":[],"meta":{}},{"ancestorTitles":["RCO-5-010 full proposition and three-valued actionability"],"fullName":"RCO-5-010 full proposition and three-valued actionability derives the same conditional task from condition truth 'false'","status":"passed","title":"derives the same conditional task from condition truth 'false'","duration":2.4270000000001346,"failureMessages":[],"meta":{}},{"ancestorTitles":["RCO-5-010 full proposition and three-valued actionability"],"fullName":"RCO-5-010 full proposition and three-valued actionability derives the same conditional task from condition truth 'unknown'","status":"passed","title":"derives the same conditional task from condition truth 'unknown'","duration":3.67029999999977,"failureMessages":[],"meta":{}},{"ancestorTitles":["RCO-5-010 full proposition and three-valued actionability"],"fullName":"RCO-5-010 full proposition and three-valued actionability keeps an invalidated old duty for audit while activating only the replacement","status":"passed","title":"keeps an invalidated old duty for audit while activating only the replacement","duration":5.645600000000286,"failureMessages":[],"meta":{}},{"ancestorTitles":["RCO-5-010 full proposition and three-valued actionability"],"fullName":"RCO-5-010 full proposition and three-valued actionability does not consume selected when deriving actionability","status":"passed","title":"does not consume selected when deriving actionability","duration":2.302299999999832,"failureMessages":[],"meta":{}},{"ancestorTitles":["RCO-5-010 full proposition and three-valued actionability"],"fullName":"RCO-5-010 full proposition and three-valued actionability detects tampered actionability instead of letting it self-certify","status":"passed","title":"detects tampered actionability instead of letting it self-certify","duration":4.122100000000046,"failureMessages":[],"meta":{}},{"ancestorTitles":["RCO-5-010 full proposition and three-valued actionability"],"fullName":"RCO-5-010 full proposition and three-valued actionability detects a task removed through a sparse array hole","status":"passed","title":"detects a task removed through a sparse array hole","duration":3.311199999999644,"failureMessages":[],"meta":{}},{"ancestorTitles":["RCO-5-010 full proposition and three-valued actionability"],"fullName":"RCO-5-010 full proposition and three-valued actionability detects sparse-array tampering in derived evidence arrays","status":"passed","title":"detects sparse-array tampering in derived evidence arrays","duration":5.516299999999774,"failureMessages":[],"meta":{}}],"startTime":1789303402423,"endTime":1789303402692.5164,"status":"passed","message":"","name":"C:/Users/Winner/student-affairs-multimodal-exp/src/recognition/candidateTaskSafetyPolicyV2.test.ts"},{"assertionResults":[{"ancestorTitles":["fixed-key count-map comparison"],"fullName":"fixed-key count-map comparison treats the frozen B9 ledger maps as equal despite opposite key order","status":"passed","title":"treats the frozen B9 ledger maps as equal despite opposite key order","duration":3.327799999999911,"failureMessages":[],"meta":{}},{"ancestorTitles":["fixed-key count-map comparison"],"fullName":"fixed-key count-map comparison rejects a changed value, even when both maps have every allowed key","status":"passed","title":"rejects a changed value, even when both maps have every allowed key","duration":0.49919999999997344,"failureMessages":[],"meta":{}},{"ancestorTitles":["fixed-key count-map comparison"],"fullName":"fixed-key count-map comparison rejects missing and extra keys instead of accepting symmetric omissions","status":"passed","title":"rejects missing and extra keys instead of accepting symmetric omissions","duration":0.38239999999996144,"failureMessages":[],"meta":{}},{"ancestorTitles":["fixed-key count-map comparison"],"fullName":"fixed-key count-map comparison rejects invalid count -1","status":"passed","title":"rejects invalid count -1","duration":0.2620000000000573,"failureMessages":[],"meta":{}},{"ancestorTitles":["fixed-key count-map comparison"],"fullName":"fixed-key count-map comparison rejects invalid count 1.5","status":"passed","title":"rejects invalid count 1.5","duration":0.15620000000001255,"failureMessages":[],"meta":{}},{"ancestorTitles":["fixed-key count-map comparison"],"fullName":"fixed-key count-map comparison rejects invalid count NaN","status":"passed","title":"rejects invalid count NaN","duration":0.17430000000001655,"failureMessages":[],"meta":{}},{"ancestorTitles":["fixed-key count-map comparison"],"fullName":"fixed-key count-map comparison rejects invalid count Infinity","status":"passed","title":"rejects invalid count Infinity","duration":0.13949999999999818,"failureMessages":[],"meta":{}}],"startTime":1789303407466,"endTime":1789303407471.1743,"status":"passed","message":"","name":"C:/Users/Winner/student-affairs-multimodal-exp/src/recognition/countMapComparison.test.ts"},{"assertionResults":[{"ancestorTitles":["RCO-5-010-E1 positive directive governor proof"],"fullName":"RCO-5-010-E1 positive directive governor proof proves a complete positive grammar before the action: 请","status":"passed","title":"proves a complete positive grammar before the action: 请","duration":3.4948000000000548,"failureMessages":[],"meta":{}},{"ancestorTitles":["RCO-5-010-E1 positive directive governor proof"],"fullName":"RCO-5-010-E1 positive directive governor proof proves a complete positive grammar before the action: 申请人请","status":"passed","title":"proves a complete positive grammar before the action: 申请人请","duration":0.7712999999999965,"failureMessages":[],"meta":{}},{"ancestorTitles":["RCO-5-010-E1 positive directive governor proof"],"fullName":"RCO-5-010-E1 positive directive governor proof proves a complete positive grammar before the action: 请于周五前","status":"passed","title":"proves a complete positive grammar before the action: 请于周五前","duration":0.38999999999998636,"failureMessages":[],"meta":{}},{"ancestorTitles":["RCO-5-010-E1 positive directive governor proof"],"fullName":"RCO-5-010-E1 positive directive governor proof proves a complete positive grammar before the action: 请在系统中","status":"passed","title":"proves a complete positive grammar before the action: 请在系统中","duration":0.23500000000001364,"failureMessages":[],"meta":{}},{"ancestorTitles":["RCO-5-010-E1 positive directive governor proof"],"fullName":"RCO-5-010-E1 positive directive governor proof proves a complete positive grammar before the action: 请各位同学认真","status":"passed","title":"proves a complete positive grammar before the action: 请各位同学认真","duration":0.37960000000009586,"failureMessages":[],"meta":{}},{"ancestorTitles":["RCO-5-010-E1 positive directive governor proof"],"fullName":"RCO-5-010-E1 positive directive governor proof proves a complete positive grammar before the action: 请你","status":"passed","title":"proves a complete positive grammar before the action: 请你","duration":0.32950000000005275,"failureMessages":[],"meta":{}},{"ancestorTitles":["RCO-5-010-E1 positive directive governor proof"],"fullName":"RCO-5-010-E1 positive directive governor proof proves a complete positive grammar before the action: 请各位同学于周五前认真","status":"passed","title":"proves a complete positive grammar before the action: 请各位同学于周五前认真","duration":0.16880000000003292,"failureMessages":[],"meta":{}},{"ancestorTitles":["RCO-5-010-E1 positive directive governor proof"],"fullName":"RCO-5-010-E1 positive directive governor proof proves a complete positive grammar before the action: 各位同学请先","status":"passed","title":"proves a complete positive grammar before the action: 各位同学请先","duration":0.3365000000000009,"failureMessages":[],"meta":{}},{"ancestorTitles":["RCO-5-010-E1 positive directive governor proof"],"fullName":"RCO-5-010-E1 positive directive governor proof does not prove a single 请 through uncontrolled characters: 申请材料","status":"passed","title":"does not prove a single 请 through uncontrolled characters: 申请材料","duration":0.2440000000000282,"failureMessages":[],"meta":{}},{"ancestorTitles":["RCO-5-010-E1 positive directive governor proof"],"fullName":"RCO-5-010-E1 positive directive governor proof does not prove a single 请 through uncontrolled characters: 邀请记录","status":"passed","title":"does not prove a single 请 through uncontrolled characters: 邀请记录","duration":0.3229000000000042,"failureMessages":[],"meta":{}},{"ancestorTitles":["RCO-5-010-E1 positive directive governor proof"],"fullName":"RCO-5-010-E1 positive directive governor proof does not prove a single 请 through uncontrolled characters: 请假流程","status":"passed","title":"does not prove a single 请 through uncontrolled characters: 请假流程","duration":0.16099999999994452,"failureMessages":[],"meta":{}},{"ancestorTitles":["RCO-5-010-E1 positive directive governor proof"],"fullName":"RCO-5-010-E1 positive directive governor proof does not prove a single 请 through uncontrolled characters: 请求","status":"passed","title":"does not prove a single 请 through uncontrolled characters: 请求","duration":0.13660000000004402,"failureMessages":[],"meta":{}},{"ancestorTitles":["RCO-5-010-E1 positive directive governor proof"],"fullName":"RCO-5-010-E1 positive directive governor proof does not prove a single 请 through uncontrolled characters: 聘请","status":"passed","title":"does not prove a single 请 through uncontrolled characters: 聘请","duration":0.12599999999997635,"failureMessages":[],"meta":{}},{"ancestorTitles":["RCO-5-010-E1 positive directive governor proof"],"fullName":"RCO-5-010-E1 positive directive governor proof does not prove a single 请 through uncontrolled characters: 请柬","status":"passed","title":"does not prove a single 请 through uncontrolled characters: 请柬","duration":0.11750000000006366,"failureMessages":[],"meta":{}},{"ancestorTitles":["RCO-5-010-E1 positive directive governor proof"],"fullName":"RCO-5-010-E1 positive directive governor proof does not prove a single 请 through uncontrolled characters: 请帖","status":"passed","title":"does not prove a single 请 through uncontrolled characters: 请帖","duration":0.13760000000002037,"failureMessages":[],"meta":{}},{"ancestorTitles":["RCO-5-010-E1 positive directive governor proof"],"fullName":"RCO-5-010-E1 positive directive governor proof does not prove a single 请 through uncontrolled characters: 请安","status":"passed","title":"does not prove a single 请 through uncontrolled characters: 请安","duration":0.15179999999998017,"failureMessages":[],"meta":{}},{"ancestorTitles":["RCO-5-010-E1 positive directive governor proof"],"fullName":"RCO-5-010-E1 positive directive governor proof rejects every uncontrolled one-character CJK bridge instead of maintaining a blacklist","status":"passed","title":"rejects every uncontrolled one-character CJK bridge instead of maintaining a blacklist","duration":126.9389000000001,"failureMessages":[],"meta":{}},{"ancestorTitles":["RCO-5-010-E1 positive directive governor proof"],"fullName":"RCO-5-010-E1 positive directive governor proof keeps the explicitly controlled one-character bridge 你","status":"passed","title":"keeps the explicitly controlled one-character bridge 你","duration":0.38570000000004256,"failureMessages":[],"meta":{}},{"ancestorTitles":["RCO-5-010-E1 positive directive governor proof"],"fullName":"RCO-5-010-E1 positive directive governor proof keeps the explicitly controlled one-character bridge 您","status":"passed","title":"keeps the explicitly controlled one-character bridge 您","duration":0.10009999999999764,"failureMessages":[],"meta":{}},{"ancestorTitles":["RCO-5-010-E1 positive directive governor proof"],"fullName":"RCO-5-010-E1 positive directive governor proof keeps the explicitly controlled one-character bridge 先","status":"passed","title":"keeps the explicitly controlled one-character bridge 先","duration":0.0908999999999196,"failureMessages":[],"meta":{}},{"ancestorTitles":["RCO-5-010-E1 positive directive governor proof"],"fullName":"RCO-5-010-E1 positive directive governor proof keeps the explicitly controlled one-character bridge 再","status":"passed","title":"keeps the explicitly controlled one-character bridge 再","duration":0.17809999999997217,"failureMessages":[],"meta":{}},{"ancestorTitles":["RCO-5-010-E1 positive directive governor proof"],"fullName":"RCO-5-010-E1 positive directive governor proof rejects repeated or out-of-order bridge segments: 请你你","status":"passed","title":"rejects repeated or out-of-order bridge segments: 请你你","duration":0.43629999999996016,"failureMessages":[],"meta":{}},{"ancestorTitles":["RCO-5-010-E1 positive directive governor proof"],"fullName":"RCO-5-010-E1 positive directive governor proof rejects repeated or out-of-order bridge segments: 请先先","status":"passed","title":"rejects repeated or out-of-order bridge segments: 请先先","duration":0.12019999999995434,"failureMessages":[],"meta":{}},{"ancestorTitles":["RCO-5-010-E1 positive directive governor proof"],"fullName":"RCO-5-010-E1 positive directive governor proof rejects repeated or out-of-order bridge segments: 请认真各位同学","status":"passed","title":"rejects repeated or out-of-order bridge segments: 请认真各位同学","duration":1.0685999999999467,"failureMessages":[],"meta":{}},{"ancestorTitles":["RCO-5-010-E1 positive directive governor proof"],"fullName":"RCO-5-010-E1 positive directive governor proof rejects repeated or out-of-order bridge segments: 请于周五前于周六前","status":"passed","title":"rejects repeated or out-of-order bridge segments: 请于周五前于周六前","duration":0.14580000000000837,"failureMessages":[],"meta":{}},{"ancestorTitles":["RCO-5-010-E1 positive directive governor proof"],"fullName":"RCO-5-010-E1 positive directive governor proof uses the last 请 so a subject containing 请 cannot shadow the real governor","status":"passed","title":"uses the last 请 so a subject containing 请 cannot shadow the real governor","duration":0.22059999999999036,"failureMessages":[],"meta":{}},{"ancestorTitles":["RCO-5-010-E1 positive directive governor proof"],"fullName":"RCO-5-010-E1 positive directive governor proof backtracks past a later word-internal 请 to the earlier proved governor: 请在请假后","status":"passed","title":"backtracks past a later word-internal 请 to the earlier proved governor: 请在请假后","duration":0.22500000000002274,"failureMessages":[],"meta":{}},{"ancestorTitles":["RCO-5-010-E1 positive directive governor proof"],"fullName":"RCO-5-010-E1 positive directive governor proof backtracks past a later word-internal 请 to the earlier proved governor: 请在申请材料中","status":"passed","title":"backtracks past a later word-internal 请 to the earlier proved governor: 请在申请材料中","duration":0.1753999999999678,"failureMessages":[],"meta":{}},{"ancestorTitles":["RCO-5-010-E1 positive directive governor proof"],"fullName":"RCO-5-010-E1 positive directive governor proof requires positive left-side grammar for multi-character governors too","status":"passed","title":"requires positive left-side grammar for multi-character governors too","duration":0.26549999999997453,"failureMessages":[],"meta":{}}],"startTime":1789303406903,"endTime":1789303407042.2654,"status":"passed","message":"","name":"C:/Users/Winner/student-affairs-multimodal-exp/src/recognition/directiveGovernorProof.test.ts"},{"assertionResults":[{"ancestorTitles":["60-case recognition evaluation"],"fullName":"60-case recognition evaluation keeps the anonymous dataset complete and reports reproducible metrics","status":"passed","title":"keeps the anonymous dataset complete and reports reproducible metrics","duration":189.3306,"failureMessages":[],"meta":{}},{"ancestorTitles":["60-case recognition evaluation"],"fullName":"60-case recognition evaluation does not turn empty denominators into perfect metrics","status":"passed","title":"does not turn empty denominators into perfect metrics","duration":0.5760999999999967,"failureMessages":[],"meta":{}}],"startTime":1789303408457,"endTime":1789303408647.5762,"status":"passed","message":"","name":"C:/Users/Winner/student-affairs-multimodal-exp/src/recognition/evaluation.test.ts"},{"assertionResults":[{"ancestorTitles":["RCO-5 facts-first contract"],"fullName":"RCO-5 facts-first contract composes stable IDs, time AST, references and selected defaults deterministically","status":"passed","title":"composes stable IDs, time AST, references and selected defaults deterministically","duration":36.87570000000005,"failureMessages":[],"meta":{}},{"ancestorTitles":["RCO-5 facts-first contract"],"fullName":"RCO-5 facts-first contract rejects a fabricated task for 纯信息 and keeps the content as a constraint","status":"passed","title":"rejects a fabricated task for 纯信息 and keeps the content as a constraint","duration":1.0506000000000313,"failureMessages":[],"meta":{}},{"ancestorTitles":["RCO-5 facts-first contract"],"fullName":"RCO-5 facts-first contract rejects a fabricated task for 否定句 and keeps the content as a constraint","status":"passed","title":"rejects a fabricated task for 否定句 and keeps the content as a constraint","duration":0.44640000000003965,"failureMessages":[],"meta":{}},{"ancestorTitles":["RCO-5 facts-first contract"],"fullName":"RCO-5 facts-first contract rejects a fabricated task for 更正取消 and keeps the content as a constraint","status":"passed","title":"rejects a fabricated task for 更正取消 and keeps the content as a constraint","duration":0.6025999999999385,"failureMessages":[],"meta":{}},{"ancestorTitles":["RCO-5 facts-first contract"],"fullName":"RCO-5 facts-first contract rejects a fabricated task for 联系人 and keeps the content as a constraint","status":"passed","title":"rejects a fabricated task for 联系人 and keeps the content as a constraint","duration":0.5501999999999043,"failureMessages":[],"meta":{}},{"ancestorTitles":["RCO-5 facts-first contract"],"fullName":"RCO-5 facts-first contract rejects a fabricated task for 地址 and keeps the content as a constraint","status":"passed","title":"rejects a fabricated task for 地址 and keeps the content as a constraint","duration":0.471599999999853,"failureMessages":[],"meta":{}},{"ancestorTitles":["RCO-5 facts-first contract"],"fullName":"RCO-5 facts-first contract rejects a fabricated task for 政策 and keeps the content as a constraint","status":"passed","title":"rejects a fabricated task for 政策 and keeps the content as a constraint","duration":0.34560000000010405,"failureMessages":[],"meta":{}},{"ancestorTitles":["RCO-5 facts-first contract"],"fullName":"RCO-5 facts-first contract rejects a fabricated task for 格式 and keeps the content as a constraint","status":"passed","title":"rejects a fabricated task for 格式 and keeps the content as a constraint","duration":0.32989999999995234,"failureMessages":[],"meta":{}},{"ancestorTitles":["RCO-5 facts-first contract"],"fullName":"RCO-5 facts-first contract rejects a fabricated task for 提示注入 and keeps the content as a constraint","status":"passed","title":"rejects a fabricated task for 提示注入 and keeps the content as a constraint","duration":0.47900000000004184,"failureMessages":[],"meta":{}},{"ancestorTitles":["RCO-5 facts-first contract"],"fullName":"RCO-5 facts-first contract fails closed when requiresAction contradicts actions","status":"passed","title":"fails closed when requiresAction contradicts actions","duration":0.34570000000007894,"failureMessages":[],"meta":{}},{"ancestorTitles":["RCO-5 facts-first contract"],"fullName":"RCO-5 facts-first contract rejects explicit visual-only actions and prompt-injection actions","status":"passed","title":"rejects explicit visual-only actions and prompt-injection actions","duration":0.8666000000000622,"failureMessages":[],"meta":{}},{"ancestorTitles":["RCO-5 facts-first contract"],"fullName":"RCO-5 facts-first contract rejects source-external evidence, dangling indexes and unknown fields","status":"passed","title":"rejects source-external evidence, dangling indexes and unknown fields","duration":0.6721999999999753,"failureMessages":[],"meta":{}},{"ancestorTitles":["RCO-5 facts-first contract"],"fullName":"RCO-5 facts-first contract keeps every fact-ledger bound within the shared client schema","status":"passed","title":"keeps every fact-ledger bound within the shared client schema","duration":24.206900000000132,"failureMessages":[],"meta":{}},{"ancestorTitles":["RCO-5 facts-first contract"],"fullName":"RCO-5 facts-first contract validates events and keeps optional suggestions unselected","status":"passed","title":"validates events and keeps optional suggestions unselected","duration":3.954400000000078,"failureMessages":[],"meta":{}},{"ancestorTitles":["RCO-5 facts-first contract"],"fullName":"RCO-5 facts-first contract requires the raw time to be supported by its referenced textual evidence","status":"passed","title":"requires the raw time to be supported by its referenced textual evidence","duration":0.47860000000014224,"failureMessages":[],"meta":{}},{"ancestorTitles":["RCO-5 facts-first contract"],"fullName":"RCO-5 facts-first contract requires every material field to be supported and accepts an explicit supported quantity","status":"passed","title":"requires every material field to be supported and accepts an explicit supported quantity","duration":2.9786999999998898,"failureMessages":[],"meta":{}},{"ancestorTitles":["RCO-5 facts-first contract"],"fullName":"RCO-5 facts-first contract rejects constraints and event locations laundered through unrelated evidence","status":"passed","title":"rejects constraints and event locations laundered through unrelated evidence","duration":0.9910999999999603,"failureMessages":[],"meta":{}},{"ancestorTitles":["RCO-5 facts-first contract"],"fullName":"RCO-5 facts-first contract forbids explicit events when requiresAction is false but keeps optional events unselected","status":"passed","title":"forbids explicit events when requiresAction is false but keeps optional events unselected","duration":0.9401000000000295,"failureMessages":[],"meta":{}},{"ancestorTitles":["RCO-5 facts-first contract"],"fullName":"RCO-5 facts-first contract requires a caller-provided sourceId before composition","status":"passed","title":"requires a caller-provided sourceId before composition","duration":0.2683999999999287,"failureMessages":[],"meta":{}},{"ancestorTitles":["RCO-5 facts-first contract"],"fullName":"RCO-5 facts-first contract requires sourceContent at runtime before any ledger validation","status":"passed","title":"requires sourceContent at runtime before any ledger validation","duration":0.4572000000000571,"failureMessages":[],"meta":{}},{"ancestorTitles":["RCO-5 facts-first contract"],"fullName":"RCO-5 facts-first contract rejects cross-material attribute evidence pooling","status":"passed","title":"rejects cross-material attribute evidence pooling","duration":0.7357999999999265,"failureMessages":[],"meta":{}},{"ancestorTitles":["RCO-5 facts-first contract"],"fullName":"RCO-5 facts-first contract rejects an unrelated time bound to an action","status":"passed","title":"rejects an unrelated time bound to an action","duration":0.2760000000000673,"failureMessages":[],"meta":{}},{"ancestorTitles":["RCO-5 facts-first contract"],"fullName":"RCO-5 facts-first contract rejects an unrelated constraint bound to an action","status":"passed","title":"rejects an unrelated constraint bound to an action","duration":0.44299999999998363,"failureMessages":[],"meta":{}},{"ancestorTitles":["RCO-5 facts-first contract"],"fullName":"RCO-5 facts-first contract rejects a location pooled from a different event","status":"passed","title":"rejects a location pooled from a different event","duration":0.7386999999998807,"failureMessages":[],"meta":{}},{"ancestorTitles":["RCO-5 facts-first contract"],"fullName":"RCO-5 facts-first contract rejects optional and inferred actions whose object is absent from textual evidence","status":"passed","title":"rejects optional and inferred actions whose object is absent from textual evidence","duration":0.6027000000001408,"failureMessages":[],"meta":{}},{"ancestorTitles":["RCO-5 facts-first contract"],"fullName":"RCO-5 facts-first contract rejects noun-substring actions and negated or cancelled actions","status":"passed","title":"rejects noun-substring actions and negated or cancelled actions","duration":0.33350000000018554,"failureMessages":[],"meta":{}},{"ancestorTitles":["RCO-5 facts-first contract"],"fullName":"RCO-5 facts-first contract rejects unsupported or unsafe action and event descriptions","status":"passed","title":"rejects unsupported or unsafe action and event descriptions","duration":0.3246999999998934,"failureMessages":[],"meta":{}},{"ancestorTitles":["RCO-5 facts-first contract"],"fullName":"RCO-5 facts-first contract does not parse quantity 2 from another material quantity 12","status":"passed","title":"does not parse quantity 2 from another material quantity 12","duration":0.2559999999998581,"failureMessages":[],"meta":{}},{"ancestorTitles":["RCO-5 facts-first contract"],"fullName":"RCO-5 facts-first contract requires the material required flag to have an explicit basis","status":"passed","title":"requires the material required flag to have an explicit basis","duration":0.3251000000000204,"failureMessages":[],"meta":{}},{"ancestorTitles":["RCO-5 facts-first contract"],"fullName":"RCO-5 facts-first contract does not relabel a result announcement date as a submission deadline","status":"passed","title":"does not relabel a result announcement date as a submission deadline","duration":0.2155999999999949,"failureMessages":[],"meta":{}},{"ancestorTitles":["RCO-5 facts-first contract"],"fullName":"RCO-5 facts-first contract rejects distant cancellation in the same clause","status":"passed","title":"rejects distant cancellation in the same clause","duration":0.19110000000000582,"failureMessages":[],"meta":{}},{"ancestorTitles":["RCO-5 facts-first contract"],"fullName":"RCO-5 facts-first contract rejects a result-publication date followed by a different submission action","status":"passed","title":"rejects a result-publication date followed by a different submission action","duration":0.5726999999999407,"failureMessages":[],"meta":{}},{"ancestorTitles":["RCO-5 facts-first contract"],"fullName":"RCO-5 facts-first contract rejects a format attached to a neighboring material in the same clause","status":"passed","title":"rejects a format attached to a neighboring material in the same clause","duration":0.20319999999992433,"failureMessages":[],"meta":{}},{"ancestorTitles":["RCO-5 facts-first contract"],"fullName":"RCO-5 facts-first contract rejects a location explicitly attached to a neighboring event","status":"passed","title":"rejects a location explicitly attached to a neighboring event","duration":0.18729999999982283,"failureMessages":[],"meta":{}},{"ancestorTitles":["RCO-5 facts-first contract"],"fullName":"RCO-5 facts-first contract does not infer required material status from a reading action","status":"passed","title":"does not infer required material status from a reading action","duration":0.21550000000002,"failureMessages":[],"meta":{}},{"ancestorTitles":["RCO-5 facts-first contract"],"fullName":"RCO-5 facts-first contract does not borrow optional status from a neighboring material","status":"passed","title":"does not borrow optional status from a neighboring material","duration":0.26830000000018117,"failureMessages":[],"meta":{}},{"ancestorTitles":["RCO-5 facts-first contract"],"fullName":"RCO-5 facts-first contract requires event start and end references to use event time types","status":"passed","title":"requires event start and end references to use event time types","duration":0.17020000000002256,"failureMessages":[],"meta":{}},{"ancestorTitles":["RCO-5 facts-first contract"],"fullName":"RCO-5 facts-first contract does not select time or material facts attached only to an optional action","status":"passed","title":"does not select time or material facts attached only to an optional action","duration":0.9460000000001401,"failureMessages":[],"meta":{}},{"ancestorTitles":["RCO-5 facts-first contract"],"fullName":"RCO-5 facts-first contract requires a valid reference time and IANA timezone at runtime even without time facts","status":"passed","title":"requires a valid reference time and IANA timezone at runtime even without time facts","duration":0.40980000000013206,"failureMessages":[],"meta":{}},{"ancestorTitles":["RCO-5 facts-first contract"],"fullName":"RCO-5 facts-first contract normalizes the controlled campus action 递交 to 提交","status":"passed","title":"normalizes the controlled campus action 递交 to 提交","duration":0.4375,"failureMessages":[],"meta":{}},{"ancestorTitles":["RCO-5 facts-first contract"],"fullName":"RCO-5 facts-first contract normalizes the controlled campus action 填报 to 填写","status":"passed","title":"normalizes the controlled campus action 填报 to 填写","duration":0.2903000000001157,"failureMessages":[],"meta":{}},{"ancestorTitles":["RCO-5 facts-first contract"],"fullName":"RCO-5 facts-first contract normalizes the controlled campus action 核验 to 核对","status":"passed","title":"normalizes the controlled campus action 核验 to 核对","duration":0.2401999999999589,"failureMessages":[],"meta":{}},{"ancestorTitles":["RCO-5 facts-first contract"],"fullName":"RCO-5 facts-first contract normalizes the controlled campus action 参会 to 参加","status":"passed","title":"normalizes the controlled campus action 参会 to 参加","duration":0.39799999999991087,"failureMessages":[],"meta":{}},{"ancestorTitles":["RCO-5 facts-first contract"],"fullName":"RCO-5 facts-first contract normalizes the controlled campus action 签署 to 签字","status":"passed","title":"normalizes the controlled campus action 签署 to 签字","duration":0.6214999999999691,"failureMessages":[],"meta":{}},{"ancestorTitles":["RCO-5 facts-first contract"],"fullName":"RCO-5 facts-first contract normalizes the controlled campus action 反馈 to 回复","status":"passed","title":"normalizes the controlled campus action 反馈 to 回复","duration":0.6470000000001619,"failureMessages":[],"meta":{}},{"ancestorTitles":["RCO-5 facts-first contract"],"fullName":"RCO-5 facts-first contract normalizes the controlled campus action 缴纳 to 缴费","status":"passed","title":"normalizes the controlled campus action 缴纳 to 缴费","duration":0.4822999999998956,"failureMessages":[],"meta":{}},{"ancestorTitles":["RCO-5 facts-first contract"],"fullName":"RCO-5 facts-first contract normalizes the controlled campus action 打卡 to 签到","status":"passed","title":"normalizes the controlled campus action 打卡 to 签到","duration":0.36740000000008877,"failureMessages":[],"meta":{}},{"ancestorTitles":["RCO-5 facts-first contract"],"fullName":"RCO-5 facts-first contract normalizes the controlled campus action 投票 to 投票","status":"passed","title":"normalizes the controlled campus action 投票 to 投票","duration":0.3707999999999174,"failureMessages":[],"meta":{}},{"ancestorTitles":["RCO-5 facts-first contract"],"fullName":"RCO-5 facts-first contract normalizes the controlled campus action 报到 to 报到","status":"passed","title":"normalizes the controlled campus action 报到 to 报到","duration":0.30730000000016844,"failureMessages":[],"meta":{}},{"ancestorTitles":["RCO-5 facts-first contract"],"fullName":"RCO-5 facts-first contract normalizes the controlled campus action 扫码 to 扫码","status":"passed","title":"normalizes the controlled campus action 扫码 to 扫码","duration":0.4012000000000171,"failureMessages":[],"meta":{}},{"ancestorTitles":["RCO-5 facts-first contract"],"fullName":"RCO-5 facts-first contract normalizes the controlled campus action 认证 to 认证","status":"passed","title":"normalizes the controlled campus action 认证 to 认证","duration":0.2718999999999596,"failureMessages":[],"meta":{}},{"ancestorTitles":["RCO-5 facts-first contract"],"fullName":"RCO-5 facts-first contract normalizes the controlled campus action 查收 to 查收","status":"passed","title":"normalizes the controlled campus action 查收 to 查收","duration":0.2960000000000491,"failureMessages":[],"meta":{}},{"ancestorTitles":["RCO-5 facts-first contract"],"fullName":"RCO-5 facts-first contract normalizes the controlled campus action 选课 to 选课","status":"passed","title":"normalizes the controlled campus action 选课 to 选课","duration":0.366800000000012,"failureMessages":[],"meta":{}},{"ancestorTitles":["RCO-5 facts-first contract"],"fullName":"RCO-5 facts-first contract normalizes the controlled campus action 退课 to 退课","status":"passed","title":"normalizes the controlled campus action 退课 to 退课","duration":0.4654000000000451,"failureMessages":[],"meta":{}}],"startTime":1789303401807,"endTime":1789303401898.4653,"status":"passed","message":"","name":"C:/Users/Winner/student-affairs-multimodal-exp/src/recognition/facts.test.ts"},{"assertionResults":[{"ancestorTitles":["RCO-5-003 parser-verified provenance contract"],"fullName":"RCO-5-003 parser-verified provenance contract uses a new isolated schema and never claims a model run","status":"passed","title":"uses a new isolated schema and never claims a model run","duration":1.9161999999998898,"failureMessages":[],"meta":{}},{"ancestorTitles":["RCO-5-003 parser-verified provenance contract"],"fullName":"RCO-5-003 parser-verified provenance contract builds stable parser segments and exact source offsets","status":"passed","title":"builds stable parser segments and exact source offsets","duration":1.615400000000136,"failureMessages":[],"meta":{}},{"ancestorTitl
[...]
test.ts"},{"assertionResults":[{"ancestorTitles":["Workspace v8 legacy UI view"],"fullName":"Workspace v8 legacy UI view keeps canonical and legacy facts byte-for-byte on a no-op compatibility autosave","status":"passed","title":"keeps canonical and legacy facts byte-for-byte on a no-op compatibility autosave","duration":70.03870000000029,"failureMessages":[],"meta":{}},{"ancestorTitles":["Workspace v8 legacy UI view"],"fullName":"Workspace v8 legacy UI view projects canonical facts without losing rich fields when UI edits are merged","status":"passed","title":"projects canonical facts without losing rich fields when UI edits are merged","duration":10.433899999999994,"failureMessages":[],"meta":{}},{"ancestorTitles":["Workspace v8 legacy UI view"],"fullName":"Workspace v8 legacy UI view appends new legacy milestones, reminders, and history once with stable canonical references","status":"passed","title":"appends new legacy milestones, reminders, and history once with stable canonical references","duration":13.091799999999694,"failureMessages":[],"meta":{}},{"ancestorTitles":["Workspace v8 legacy UI view"],"fullName":"Workspace v8 legacy UI view preserves canonical sent and failed reminder facts through the React legacy projection","status":"passed","title":"preserves canonical sent and failed reminder facts through the React legacy projection","duration":8.346900000000005,"failureMessages":[],"meta":{}},{"ancestorTitles":["Workspace v8 legacy UI view"],"fullName":"Workspace v8 legacy UI view defaults only explicit recognition tasks to selected and preserves later user choices","status":"passed","title":"defaults only explicit recognition tasks to selected and preserves later user choices","duration":48.49389999999994,"failureMessages":[],"meta":{}},{"ancestorTitles":["Workspace v8 legacy UI view"],"fullName":"Workspace v8 legacy UI view projects bounded source review metadata from canonical legacyData and preserves it on merge","status":"passed","title":"projects bounded source review metadata from canonical legacyData and preserves it on merge","duration":4.423199999999724,"failureMessages":[],"meta":{}},{"ancestorTitles":["Workspace v8 legacy UI view"],"fullName":"Workspace v8 legacy UI view shows a safe message for the latest failed recognition run without exposing unknown error codes","status":"passed","title":"shows a safe message for the latest failed recognition run without exposing unknown error codes","duration":2.1839999999997417,"failureMessages":[],"meta":{}},{"ancestorTitles":["Workspace v8 legacy UI view"],"fullName":"Workspace v8 legacy UI view maps AI_TIMEOUT to a bounded user-facing recognition failure message","status":"passed","title":"maps AI_TIMEOUT to a bounded user-facing recognition failure message","duration":0.5459000000000742,"failureMessages":[],"meta":{}},{"ancestorTitles":["Workspace v8 legacy UI view"],"fullName":"Workspace v8 legacy UI view maps INVALID_AI_RESPONSE to a bounded user-facing recognition failure message","status":"passed","title":"maps INVALID_AI_RESPONSE to a bounded user-facing recognition failure message","duration":0.37750000000005457,"failureMessages":[],"meta":{}},{"ancestorTitles":["Workspace v8 legacy UI view"],"fullName":"Workspace v8 legacy UI view maps RECOGNITION_FAILED to a bounded user-facing recognition failure message","status":"passed","title":"maps RECOGNITION_FAILED to a bounded user-facing recognition failure message","duration":0.5026000000002568,"failureMessages":[],"meta":{}}],"startTime":1789303402292,"endTime":1789303402451.5027,"status":"passed","message":"","name":"C:/Users/Winner/student-affairs-multimodal-exp/src/domain/v2/legacyView.test.ts"},{"assertionResults":[{"ancestorTitles":["offline v7 to v8 migration contract"],"fullName":"offline v7 to v8 migration contract prepares a validated v8 graph without mutating the v7 input","status":"passed","title":"prepares a validated v8 graph without mutating the v7 input","duration":70.03969999999993,"failureMessages":[],"meta":{}},{"ancestorTitles":["offline v7 to v8 migration contract"],"fullName":"offline v7 to v8 migration contract maps legacy task deadlines to independent time points without sentinel dates","status":"passed","title":"maps legacy task deadlines to independent time points without sentinel dates","duration":16.20029999999997,"failureMessages":[],"meta":{}},{"ancestorTitles":["offline v7 to v8 migration contract"],"fullName":"offline v7 to v8 migration contract creates stable independent milestones from embedded v7 milestones","status":"passed","title":"creates stable independent milestones from embedded v7 milestones","duration":34.99919999999997,"failureMessages":[],"meta":{}},{"ancestorTitles":["offline v7 to v8 migration contract"],"fullName":"offline v7 to v8 migration contract rolls back to the exact pre-migration v7 backup","status":"passed","title":"rolls back to the exact pre-migration v7 backup","duration":22.17999999999995,"failureMessages":[],"meta":{}},{"ancestorTitles":["offline v7 to v8 migration contract"],"fullName":"offline v7 to v8 migration contract fails closed on an invalid graph while keeping rollback data","status":"passed","title":"fails closed on an invalid graph while keeping rollback data","duration":18.554700000000025,"failureMessages":[],"meta":{}},{"ancestorTitles":["offline v7 to v8 migration contract"],"fullName":"offline v7 to v8 migration contract preserves unmappable old content instead of guessing","status":"passed","title":"preserves unmappable old content instead of guessing","duration":16.916799999999967,"failureMessages":[],"meta":{}},{"ancestorTitles":["offline v7 to v8 migration contract"],"fullName":"offline v7 to v8 migration contract never infers actual reminder delivery time from a legacy schedule","status":"passed","title":"never infers actual reminder delivery time from a legacy schedule","duration":16.28679999999997,"failureMessages":[],"meta":{}}],"startTime":1789303405039,"endTime":1789303405235.2869,"status":"passed","message":"","name":"C:/Users/Winner/student-affairs-multimodal-exp/src/domain/v2/migration.test.ts"},{"assertionResults":[{"ancestorTitles":["B1 canonical Workspace v8 repository"],"fullName":"B1 canonical Workspace v8 repository saves and reloads the complete validated canonical graph","status":"passed","title":"saves and reloads the complete validated canonical graph","duration":52.32719999999995,"failureMessages":[],"meta":{}},{"ancestorTitles":["B1 canonical Workspace v8 repository"],"fullName":"B1 canonical Workspace v8 repository updates all canonical arrays in one record transaction without legacy projection","status":"passed","title":"updates all canonical arrays in one record transaction without legacy projection","duration":26.56759999999997,"failureMessages":[],"meta":{}},{"ancestorTitles":["B1 canonical Workspace v8 repository"],"fullName":"B1 canonical Workspace v8 repository rejects an invalid transaction without changing the stored workspace","status":"passed","title":"rejects an invalid transaction without changing the stored workspace","duration":21.561199999999985,"failureMessages":[],"meta":{}},{"ancestorTitles":["B1 canonical Workspace v8 repository"],"fullName":"B1 canonical Workspace v8 repository imports and exports only validated Workspace v8 data","status":"passed","title":"imports and exports only validated Workspace v8 data","duration":14.462200000000053,"failureMessages":[],"meta":{}},{"ancestorTitles":["B1 canonical Workspace v8 repository"],"fullName":"B1 canonical Workspace v8 repository round-trips JSON-safe review metadata and rejects unsafe legacyData without persisting it","status":"passed","title":"round-trips JSON-safe review metadata and rejects unsafe legacyData without persisting it","duration":13.994499999999903,"failureMessages":[],"meta":{}},{"ancestorTitles":["B1 canonical Workspace v8 repository"],"fullName":"B1 canonical Workspace v8 repository fails closed with deterministic errors for malformed nested arrays and enums","status":"passed","title":"fails closed with deterministic errors for malformed nested arrays and enums","duration":6.642500000000041,"failureMessages":[],"meta":{}},{"ancestorTitles":["B1 canonical Workspace v8 repository"],"fullName":"B1 canonical Workspace v8 repository recomputes ProjectState without mutating canonical facts","status":"passed","title":"recomputes ProjectState without mutating canonical facts","duration":1.677599999999984,"failureMessages":[],"meta":{}}],"startTime":1789303405075,"endTime":1789303405212.6775,"status":"passed","message":"","name":"C:/Users/Winner/student-affairs-multimodal-exp/src/domain/v2/repository.test.ts"},{"assertionResults":[{"ancestorTitles":["B2 v7 to v8 runtime migration"],"fullName":"B2 v7 to v8 runtime migration migrates, reloads and rolls back an anonymized real v7 workspace copy","status":"passed","title":"migrates, reloads and rolls back an anonymized real v7 workspace copy","duration":68.0444,"failureMessages":[],"meta":{}},{"ancestorTitles":["B2 v7 to v8 runtime migration"],"fullName":"B2 v7 to v8 runtime migration uses stable entity IDs when the same v7 snapshot is migrated twice","status":"passed","title":"uses stable entity IDs when the same v7 snapshot is migrated twice","duration":17.734199999999873,"failureMessages":[],"meta":{}},{"ancestorTitles":["B2 v7 to v8 runtime migration"],"fullName":"B2 v7 to v8 runtime migration keeps the v7 current record and backup when graph validation fails","status":"passed","title":"keeps the v7 current record and backup when graph validation fails","duration":7.314800000000105,"failureMessages":[],"meta":{}},{"ancestorTitles":["B2 v7 to v8 runtime migration"],"fullName":"B2 v7 to v8 runtime migration persists the exact v7 backup before nested malformed data fails migration","status":"passed","title":"persists the exact v7 backup before nested malformed data fails migration","duration":3.432600000000093,"failureMessages":[],"meta":{}},{"ancestorTitles":["B2 v7 to v8 runtime migration"],"fullName":"B2 v7 to v8 runtime migration commits the backup transaction before invoking a migration preparer that throws","status":"passed","title":"commits the backup transaction before invoking a migration preparer that throws","duration":4.480000000000018,"failureMessages":[],"meta":{}},{"ancestorTitles":["B2 v7 to v8 runtime migration"],"fullName":"B2 v7 to v8 runtime migration reports a usable backup after migration and rejects rollback over later edits","status":"passed","title":"reports a usable backup after migration and rejects rollback over later edits","duration":32.434400000000096,"failureMessages":[],"meta":{}},{"ancestorTitles":["B2 v7 to v8 runtime migration"],"fullName":"B2 v7 to v8 runtime migration keeps the persisted v7 backup immutable across apply, rollback and same-lineage retry","status":"passed","title":"keeps the persisted v7 backup immutable across apply, rollback and same-lineage retry","duration":40.693599999999606,"failureMessages":[],"meta":{}},{"ancestorTitles":["B2 v7 to v8 runtime migration"],"fullName":"B2 v7 to v8 runtime migration reports recovery_required when a migrated v8 record becomes structurally invalid","status":"passed","title":"reports recovery_required when a migrated v8 record becomes structurally invalid","duration":18.02729999999974,"failureMessages":[],"meta":{}},{"ancestorTitles":["B2 v7 to v8 runtime migration"],"fullName":"B2 v7 to v8 runtime migration refuses damaged v8 recovery when the raw migration lineage is missing","status":"passed","title":"refuses damaged v8 recovery when the raw migration lineage is missing","duration":10.66820000000007,"failureMessages":[],"meta":{}},{"ancestorTitles":["B2 v7 to v8 runtime migration"],"fullName":"B2 v7 to v8 runtime migration rejects a backup whose snapshot does not satisfy the v7 envelope even when its hash matches","status":"passed","title":"rejects a backup whose snapshot does not satisfy the v7 envelope even when its hash matches","duration":11.115500000000338,"failureMessages":[],"meta":{}},{"ancestorTitles":["B2 v7 to v8 runtime migration"],"fullName":"B2 v7 to v8 runtime migration does not migrate or rewrite an already canonical Workspace v8","status":"passed","title":"does not migrate or rewrite an already canonical Workspace v8","duration":10.73050000000012,"failureMessages":[],"meta":{}}],"startTime":1789303402292,"endTime":1789303402517.7305,"status":"passed","message":"","name":"C:/Users/Winner/student-affairs-multimodal-exp/src/domain/v2/runtimeMigration.test.ts"},{"assertionResults":[{"ancestorTitles":["Workspace v8 semantic round-trip"],"fullName":"Workspace v8 semantic round-trip preserves IDs, relationships and canonical facts through export/import/export","status":"passed","title":"preserves IDs, relationships and canonical facts through export/import/export","duration":62.83990000000006,"failureMessages":[],"meta":{}},{"ancestorTitles":["Workspace v8 semantic round-trip"],"fullName":"Workspace v8 semantic round-trip preserves unknown legacyData without promoting it to canonical fields","status":"passed","title":"preserves unknown legacyData without promoting it to canonical fields","duration":14.111899999999991,"failureMessages":[],"meta":{}},{"ancestorTitles":["Workspace v8 semantic round-trip"],"fullName":"Workspace v8 semantic round-trip rejects invalid graphs instead of silently repairing them","status":"passed","title":"rejects invalid graphs instead of silently repairing them","duration":7.043800000000033,"failureMessages":[],"meta":{}}],"startTime":1789303408377,"endTime":1789303408461.0437,"status":"passed","message":"","name":"C:/Users/Winner/student-affairs-multimodal-exp/src/domain/v2/serialization.test.ts"},{"assertionResults":[{"ancestorTitles":["existing source recognition retry"],"fullName":"existing source recognition retry reuses Source and current SourceVersion while appending a new Run and Draft","status":"passed","title":"reuses Source and current SourceVersion while appending a new Run and Draft","duration":154.72429999999997,"failureMessages":[],"meta":{}}],"startTime":1789303407639,"endTime":1789303407793.7244,"status":"passed","message":"","name":"C:/Users/Winner/student-affairs-multimodal-exp/src/domain/v2/sourceRetry.test.ts"},{"assertionResults":[{"ancestorTitles":["Workspace v8 domain graph validation"],"fullName":"Workspace v8 domain graph validation accepts the canonical complex competition fixture","status":"passed","title":"accepts the canonical complex competition fixture","duration":42.86480000000006,"failureMessages":[],"meta":{}},{"ancestorTitles":["Workspace v8 domain graph validation"],"fullName":"Workspace v8 domain graph validation rejects globally duplicated entity IDs and missing references","status":"passed","title":"rejects globally duplicated entity IDs and missing references","duration":4.580600000000004,"failureMessages":[],"meta":{}},{"ancestorTitles":["Workspace v8 domain graph validation"],"fullName":"Workspace v8 domain graph validation enforces a maximum subtask depth of one","status":"passed","title":"enforces a maximum subtask depth of one","duration":4.530100000000061,"failureMessages":[],"meta":{}},{"ancestorTitles":["Workspace v8 domain graph validation"],"fullName":"Workspace v8 domain graph validation detects dependency cycles","status":"passed","title":"detects dependency cycles","duration":4.222399999999993,"failureMessages":[],"meta":{}},{"ancestorTitles":["Workspace v8 domain graph validation"],"fullName":"Workspace v8 domain graph validation rejects sentinel dates and requires vague time to remain null","status":"passed","title":"rejects sentinel dates and requires vague time to remain null","duration":11.742800000000102,"failureMessages":[],"meta":{}},{"ancestorTitles":["Workspace v8 domain graph validation"],"fullName":"Workspace v8 domain graph validation rejects invalid workspace zones and entity timestamps","status":"passed","title":"rejects invalid workspace zones and entity timestamps","duration":4.6527999999999565,"failureMessages":[],"meta":{}},{"ancestorTitles":["Workspace v8 domain graph validation"],"fullName":"Workspace v8 domain graph validation returns shape issues instead of throwing on unknown runtime input","status":"passed","title":"returns shape issues instead of throwing on unknown runtime input","duration":2.2345000000000255,"failureMessages":[],"meta":{}},{"ancestorTitles":["Workspace v8 domain graph validation"],"fullName":"Workspace v8 domain graph validation treats explicit undefined review metadata as absent optional fields","status":"passed","title":"treats explicit undefined review metadata as absent optional fields","duration":13.772100000000023,"failureMessages":[],"meta":{}},{"ancestorTitles":["Workspace v8 domain graph validation"],"fullName":"Workspace v8 domain graph validation accepts nested JSON-safe review metadata in legacyData","status":"passed","title":"accepts nested JSON-safe review metadata in legacyData","duration":8.998100000000022,"failureMessages":[],"meta":{}},{"ancestorTitles":["Workspace v8 domain graph validation"],"fullName":"Workspace v8 domain graph validation rejects nested undefined values in legacyData","status":"passed","title":"rejects nested undefined values in legacyData","duration":1.120999999999981,"failureMessages":[],"meta":{}},{"ancestorTitles":["Workspace v8 domain graph validation"],"fullName":"Workspace v8 domain graph validation rejects nested BigInt values in legacyData","status":"passed","title":"rejects nested BigInt values in legacyData","duration":0.9409999999999172,"failureMessages":[],"meta":{}},{"ancestorTitles":["Workspace v8 domain graph validation"],"fullName":"Workspace v8 domain graph validation rejects nested function values in legacyData","status":"passed","title":"rejects nested function values in legacyData","duration":0.5928000000000111,"failureMessages":[],"meta":{}},{"ancestorTitles":["Workspace v8 domain graph validation"],"fullName":"Workspace v8 domain graph validation rejects nested non-plain object values in legacyData","status":"passed","title":"rejects nested non-plain object values in legacyData","duration":0.3932000000000926,"failureMessages":[],"meta":{}},{"ancestorTitles":["Workspace v8 domain graph validation"],"fullName":"Workspace v8 domain graph validation rejects nested non-finite number values in legacyData","status":"passed","title":"rejects nested non-finite number values in legacyData","duration":0.4926999999998998,"failureMessages":[],"meta":{}},{"ancestorTitles":["Workspace v8 domain graph validation"],"fullName":"Workspace v8 domain graph validation rejects nested sparse array values in legacyData","status":"passed","title":"rejects nested sparse array values in legacyData","duration":0.3816999999999098,"failureMessages":[],"meta":{}},{"ancestorTitles":["Workspace v8 domain graph validation"],"fullName":"Workspace v8 domain graph validation rejects cyclic legacyData without throwing","status":"passed","title":"rejects cyclic legacyData without throwing","duration":0.38209999999992306,"failureMessages":[],"meta":{}},{"ancestorTitles":["Workspace v8 domain graph validation"],"fullName":"Workspace v8 domain graph validation reports stable nested RecognitionResult paths for null elements and invalid enums","status":"passed","title":"reports stable nested RecognitionResult paths for null elements and invalid enums","duration":23.49879999999996,"failureMessages":[],"meta":{}},{"ancestorTitles":["Workspace v8 domain graph validation"],"fullName":"Workspace v8 domain graph validation rejects source, root and canonical entity ownership contradictions","status":"passed","title":"rejects source, root and canonical entity ownership contradictions","duration":5.195299999999975,"failureMessages":[],"meta":{}}],"startTime":1789303404417,"endTime":1789303404549.1953,"status":"passed","message":"","name":"C:/Users/Winner/student-affairs-multimodal-exp/src/domain/v2/validators/workspaceValidator.test.ts"}]}