{"numTotalTestSuites":279,"numPassedTestSuites":274,"numFailedTestSuites":5,"numPendingTestSuites":0,"numTotalTests":1348,"numPassedTests":1342,"numFailedTests":3,"numPendingTests":3,"numTodoTests":0,"snapshot":{"added":0,"failure":false,"filesAdded":0,"filesRemoved":0,"filesRemovedList":[],"filesUnmatched":0,"filesUpdated":0,"matched":0,"total":0,"unchecked":0,"uncheckedKeysByFile":[],"unmatched":0,"updated":0,"didUpdate":false},"startTime":1789303775351,"success":false,"testResults":[{"assertionResults":[{"ancestorTitles":["mobile application shell"],"fullName":"mobile application shell keeps the four daily destinations in the bottom navigation","status":"passed","title":"keeps the four daily destinations in the bottom navigation","duration":3.27780000000007,"failureMessages":[],"meta":{}},{"ancestorTitles":["mobile application shell"],"fullName":"mobile application shell keeps secondary destinations available from the mobile menu","status":"passed","title":"keeps secondary destinations available from the mobile menu","duration":0.41869999999994434,"failureMessages":[],"meta":{}},{"ancestorTitles":["mobile application shell"],"fullName":"mobile application shell does not duplicate destinations across the mobile navigation layers","status":"passed","title":"does not duplicate destinations across the mobile navigation layers","duration":1.6381999999999834,"failureMessages":[],"meta":{}}],"startTime":1789303784325,"endTime":1789303784330.6382,"status":"passed","message":"","name":"C:/Users/Winner/student-affairs-multimodal-exp/src/mobileLayout.test.ts"},{"assertionResults":[{"ancestorTitles":["RCO-5-009 B9 pure evaluation"],"fullName":"RCO-5-009 B9 pure evaluation passes exact candidate identity, issue, revision, OOV and condition invariants","status":"passed","title":"passes exact candidate identity, issue, revision, OOV and condition invariants","duration":6.375300000000152,"failureMessages":[],"meta":{}},{"ancestorTitles":["RCO-5-009 B9 pure evaluation"],"fullName":"RCO-5-009 B9 pure evaluation fails an altered occurrence span and object ownership without text-based recovery","status":"passed","title":"fails an altered occurrence span and object ownership without text-based recovery","duration":1.9567999999999302,"failureMessages":[],"meta":{}},{"ancestorTitles":["RCO-5-009 B9 pure evaluation"],"fullName":"RCO-5-009 B9 pure evaluation recomputes source identity and the frozen candidate policy instead of trusting self-reported values","status":"passed","title":"recomputes source identity and the frozen candidate policy instead of trusting self-reported values","duration":0.8188000000000102,"failureMessages":[],"meta":{}},{"ancestorTitles":["RCO-5-009 B9 pure evaluation"],"fullName":"RCO-5-009 B9 pure evaluation keeps shared object spans owned by each current candidate","status":"passed","title":"keeps shared object spans owned by each current candidate","duration":0.9546000000000276,"failureMessages":[],"meta":{}},{"ancestorTitles":["RCO-5-009 B9 pure evaluation"],"fullName":"RCO-5-009 B9 pure evaluation scores expected issue codes and the positive revision relation exactly","status":"passed","title":"scores expected issue codes and the positive revision relation exactly","duration":0.6335999999998876,"failureMessages":[],"meta":{}},{"ancestorTitles":["RCO-5-009 B9 pure evaluation"],"fullName":"RCO-5-009 B9 pure evaluation derives the OOV unresolved scope and condition no-match requirements from tags","status":"passed","title":"derives the OOV unresolved scope and condition no-match requirements from tags","duration":0.9632999999998901,"failureMessages":[],"meta":{}},{"ancestorTitles":["RCO-5-009 B9 pure evaluation"],"fullName":"RCO-5-009 B9 pure evaluation rejects an extra default selection even when it is otherwise a valid task","status":"passed","title":"rejects an extra default selection even when it is otherwise a valid task","duration":0.593900000000076,"failureMessages":[],"meta":{}},{"ancestorTitles":["RCO-5-009 B9 pure evaluation"],"fullName":"RCO-5-009 B9 pure evaluation keeps the one-shot runner on the direct candidate path and free of external dispatch hooks","status":"passed","title":"keeps the one-shot runner on the direct candidate path and free of external dispatch hooks","duration":2.9697000000001026,"failureMessages":[],"meta":{}}],"startTime":1789303776982,"endTime":1789303776997.9697,"status":"passed","message":"","name":"C:/Users/Winner/student-affairs-multimodal-exp/scripts/rco-5-009-b9-evaluation.test.ts"},{"assertionResults":[{"ancestorTitles":["RCO-5-009 seen B8 zero-call candidate regression"],"fullName":"RCO-5-009 seen B8 zero-call candidate regression enumerates all twenty expected actions and exactly two explicit non-task decoys","status":"passed","title":"enumerates all twenty expected actions and exactly two explicit non-task decoys","duration":39.96269999999993,"failureMessages":[],"meta":{}},{"ancestorTitles":["RCO-5-009 seen B8 zero-call candidate regression"],"fullName":"RCO-5-009 seen B8 zero-call candidate regression has a perfect Expected-derived local ceiling without exposing Expected to a future request","status":"passed","title":"has a perfect Expected-derived local ceiling without exposing Expected to a future request","duration":59.209499999999935,"failureMessages":[],"meta":{}},{"ancestorTitles":["RCO-5-009 seen B8 zero-call candidate regression"],"fullName":"RCO-5-009 seen B8 zero-call candidate regression salvages legal siblings from frozen legacy raw while reporting rather than hiding model misses","status":"passed","title":"salvages legal siblings from frozen legacy raw while reporting rather than hiding model misses","duration":46.127700000000004,"failureMessages":[],"meta":{}}],"startTime":1789303778798,"endTime":1789303778943.1277,"status":"passed","message":"","name":"C:/Users/Winner/student-affairs-multimodal-exp/src/recognition/actionCandidateB8Regression.test.ts"},{"assertionResults":[{"ancestorTitles":["RCO-5-009-B9 frozen data structure"],"fullName":"RCO-5-009-B9 frozen data structure has the preregistered identity, versions and exact closed structure","status":"passed","title":"has the preregistered identity, versions and exact closed structure","duration":14.601899999999887,"failureMessages":[],"meta":{}},{"ancestorTitles":["RCO-5-009-B9 frozen data structure"],"fullName":"RCO-5-009-B9 frozen data structure freezes all aggregate counts and the tri-state actionability vector","status":"passed","title":"freezes all aggregate counts and the tri-state actionability vector","duration":1.183699999999817,"failureMessages":[],"meta":{}},{"ancestorTitles":["RCO-5-009-B9 frozen data structure"],"fullName":"RCO-5-009-B9 frozen data structure keeps candidate keys, response ownership and task bindings internally closed","status":"passed","title":"keeps candidate keys, response ownership and task bindings internally closed","duration":2.0125000000000455,"failureMessages":[],"meta":{}},{"ancestorTitles":["RCO-5-009-B9 frozen data structure"],"fullName":"RCO-5-009-B9 frozen data structure freezes each decisive expected edge case without running the implementation","status":"passed","title":"freezes each decisive expected edge case without running the implementation","duration":3.462500000000091,"failureMessages":[],"meta":{}},{"ancestorTitles":["RCO-5-009-B9 frozen data structure"],"fullName":"RCO-5-009-B9 frozen data structure does not reuse B0-B8 source text or semantic families and stays below the frozen similarity limit","status":"passed","title":"does not reuse B0-B8 source text or semantic families and stays below the frozen similarity limit","duration":55.1096,"failureMessages":[],"meta":{}},{"ancestorTitles":["RCO-5-009-B9 frozen data structure"],"fullName":"RCO-5-009-B9 frozen data structure contains no obvious personal identifier, credential or API secret","status":"passed","title":"contains no obvious personal identifier, credential or API secret","duration":2.9909999999999854,"failureMessages":[],"meta":{}}],"startTime":1789303777454,"endTime":1789303777533.991,"status":"passed","message":"","name":"C:/Users/Winner/student-affairs-multimodal-exp/src/recognition/actionCandidateB9DataFreeze.test.ts"},{"assertionResults":[{"ancestorTitles":["strict action candidate classification contract"],"fullName":"strict action candidate classification contract accepts an exact full-ledger response and permits no model-authored action or safety fields","status":"passed","title":"accepts an exact full-ledger response and permits no model-authored action or safety fields","duration":15.320800000000077,"failureMessages":[],"meta":{}},{"ancestorTitles":["strict action candidate classification contract"],"fullName":"strict action candidate classification contract uses const empty classifications for a zero-candidate catalog","status":"passed","title":"uses const empty classifications for a zero-candidate catalog","duration":4.535099999999943,"failureMessages":[],"meta":{}},{"ancestorTitles":["strict action candidate classification contract"],"fullName":"strict action candidate classification contract keeps legal siblings usable when one classification is missing or duplicated","status":"passed","title":"keeps legal siblings usable when one classification is missing or duplicated","duration":4.658699999999953,"failureMessages":[],"meta":{}},{"ancestorTitles":["strict action candidate classification contract"],"fullName":"strict action candidate classification contract isolates unknown IDs, cross-candidate objects and injected candidate fields","status":"passed","title":"isolates unknown IDs, cross-candidate objects and injected candidate fields","duration":3.01929999999993,"failureMessages":[],"meta":{}},{"ancestorTitles":["strict action candidate classification contract"],"fullName":"strict action candidate classification contract rejects root replay or tampering globally and never exposes partial classifications","status":"passed","title":"rejects root replay or tampering globally and never exposes partial classifications","duration":1.5819000000000187,"failureMessages":[],"meta":{}},{"ancestorTitles":["strict action candidate classification contract"],"fullName":"strict action candidate classification contract is independent of classification array order","status":"passed","title":"is independent of classification array order","duration":2.3073000000000548,"failureMessages":[],"meta":{}}],"startTime":1789303780350,"endTime":1789303780381.3074,"status":"passed","message":"","name":"C:/Users/Winner/student-affairs-multimodal-exp/src/recognition/actionCandidateClassificationContract.test.ts"},{"assertionResults":[{"ancestorTitles":["candidate-level local composer and quarantine"],"fullName":"candidate-level local composer and quarantine does not let the model delete local propositions or promote local non-tasks","status":"passed","title":"does not let the model delete local propositions or promote local non-tasks","duration":22.445500000000038,"failureMessages":[],"meta":{}},{"ancestorTitles":["candidate-level local composer and quarantine"],"fullName":"candidate-level local composer and quarantine quarantines only a broken needs-model candidate and preserves sibling output byte-for-byte","status":"passed","title":"quarantines only a broken needs-model candidate and preserves sibling output byte-for-byte","duration":9.603500000000054,"failureMessages":[],"meta":{}},{"ancestorTitles":["candidate-level local composer and quarantine"],"fullName":"candidate-level local composer and quarantine blocks cross-candidate object borrowing without collateral loss","status":"passed","title":"blocks cross-candidate object borrowing without collateral loss","duration":8.67879999999991,"failureMessages":[],"meta":{}},{"ancestorTitles":["candidate-level local composer and quarantine"],"fullName":"candidate-level local composer and quarantine keeps unknown injected IDs out while all known siblings survive","status":"passed","title":"keeps unknown injected IDs out while all known siblings survive","duration":5.426900000000046,"failureMessages":[],"meta":{}},{"ancestorTitles":["candidate-level local composer and quarantine"],"fullName":"candidate-level local composer and quarantine reports unknown requiresAction when unresolved coverage remains","status":"passed","title":"reports unknown requiresAction when unresolved coverage remains","duration":5.243100000000027,"failureMessages":[],"meta":{}},{"ancestorTitles":["candidate-level local composer and quarantine"],"fullName":"candidate-level local composer and quarantine keeps revision signals out of the action lane and lets P4 resolve the relation locally","status":"passed","title":"keeps revision signals out of the action lane and lets P4 resolve the relation locally","duration":4.12379999999996,"failureMessages":[],"meta":{}},{"ancestorTitles":["candidate-level local composer and quarantine"],"fullName":"candidate-level local composer and quarantine globally rejects a mismatched source binding or mutated local catalog","status":"passed","title":"globally rejects a mismatched source binding or mutated local catalog","duration":2.8070999999999913,"failureMessages":[],"meta":{}}],"startTime":1789303779599,"endTime":1789303779656.8071,"status":"passed","message":"","name":"C:/Users/Winner/student-affairs-multimodal-exp/src/recognition/actionCandidateComposer.test.ts"},{"assertionResults":[{"ancestorTitles":["candidate-level local composer v2 and quarantine"],"fullName":"candidate-level local composer v2 and quarantine does not let the model delete local propositions or promote local non-tasks","status":"passed","title":"does not let the model delete local propositions or promote local non-tasks","duration":23.08929999999998,"failureMessages":[],"meta":{}},{"ancestorTitles":["candidate-level local composer v2 and quarantine"],"fullName":"candidate-level local composer v2 and quarantine quarantines only a broken needs-model candidate and preserves sibling output byte-for-byte","status":"passed","title":"quarantines only a broken needs-model candidate and preserves sibling output byte-for-byte","duration":13.679300000000012,"failureMessages":[],"meta":{}},{"ancestorTitles":["candidate-level local composer v2 and quarantine"],"fullName":"candidate-level local composer v2 and quarantine blocks cross-candidate object borrowing without collateral loss","status":"passed","title":"blocks cross-candidate object borrowing without collateral loss","duration":3.834600000000023,"failureMessages":[],"meta":{}},{"ancestorTitles":["candidate-level local composer v2 and quarantine"],"fullName":"candidate-level local composer v2 and quarantine keeps unknown injected IDs out while all known siblings survive","status":"passed","title":"keeps unknown injected IDs out while all known siblings survive","duration":4.583399999999983,"failureMessages":[],"meta":{}},{"ancestorTitles":["candidate-level local composer v2 and quarantine"],"fullName":"candidate-level local composer v2 and quarantine reports unknown requiresAction when unresolved coverage remains","status":"passed","title":"reports unknown requiresAction when unresolved coverage remains","duration":11.243700000000104,"failureMessages":[],"meta":{}},{"ancestorTitles":["candidate-level local composer v2 and quarantine"],"fullName":"candidate-level local composer v2 and quarantine keeps revision signals out of the action lane and lets P4 resolve the relation locally","status":"passed","title":"keeps revision signals out of the action lane and lets P4 resolve the relation locally","duration":5.789800000000014,"failureMessages":[],"meta":{}},{"ancestorTitles":["candidate-level local composer v2 and quarantine"],"fullName":"candidate-level local composer v2 and quarantine globally rejects a mismatched source binding or mutated local catalog","status":"passed","title":"globally rejects a mismatched source binding or mutated local catalog","duration":3.814899999999966,"failureMessages":[],"meta":{}}],"startTime":1789303779589,"endTime":1789303779654.815,"status":"passed","message":"","name":"C:/Users/Winner/student-affairs-multimodal-exp/src/recognition/actionCandidateComposerV2.test.ts"},{"assertionResults":[{"ancestorTitles":["RCO-5-009 fresh adversarial candidate boundaries"],"fullName":"RCO-5-009 fresh adversarial candidate boundaries does not let an interface decoy in the same scope erase a real directive","status":"passed","title":"does not let an interface decoy in the same scope erase a real directive","duration":17.73980000000006,"failureMessages":[],"meta":{}},{"ancestorTitles":["RCO-5-009 fresh adversarial candidate boundaries"],"fullName":"RCO-5-009 fresh adversarial candidate boundaries keeps an action inside a relative object clause out of the task lane","status":"passed","title":"keeps an action inside a relative object clause out of the task lane","duration":2.10469999999998,"failureMessages":[],"meta":{}},{"ancestorTitles":["RCO-5-009 fresh adversarial candidate boundaries"],"fullName":"RCO-5-009 fresh adversarial candidate boundaries does not attach a distant condition fact across an unrelated scope","status":"passed","title":"does not attach a distant condition fact across an unrelated scope","duration":1.8442999999999756,"failureMessages":[],"meta":{}},{"ancestorTitles":["RCO-5-009 fresh adversarial candidate boundaries"],"fullName":"RCO-5-009 fresh adversarial candidate boundaries still accepts an explicitly authoritative quotation while rejecting an example quotation","status":"passed","title":"still accepts an explicitly authoritative quotation while rejecting an example quotation","duration":4.78449999999998,"failureMessages":[],"meta":{}},{"ancestorTitles":["RCO-5-009 fresh adversarial candidate boundaries"],"fullName":"RCO-5-009 fresh adversarial candidate boundaries rejects an unquoted example even when the example itself contains a request word","status":"passed","title":"rejects an unquoted example even when the example itself contains a request word","duration":2.442399999999907,"failureMessages":[],"meta":{}},{"ancestorTitles":["RCO-5-009 fresh adversarial candidate boundaries"],"fullName":"RCO-5-009 fresh adversarial candidate boundaries lets an explicit trailing disclaimer override request-looking wording","status":"passed","title":"lets an explicit trailing disclaimer override request-looking wording","duration":1.3316999999999553,"failureMessages":[],"meta":{}},{"ancestorTitles":["RCO-5-009 fresh adversarial candidate boundaries"],"fullName":"RCO-5-009 fresh adversarial candidate boundaries separates a forwarded quotation from a current request","status":"passed","title":"separates a forwarded quotation from a current request","duration":1.638400000000047,"failureMessages":[],"meta":{}},{"ancestorTitles":["RCO-5-009 fresh adversarial candidate boundaries"],"fullName":"RCO-5-009 fresh adversarial candidate boundaries keeps out-of-lexicon actions unresolved and separates cancellation commands from revision state","status":"passed","title":"keeps out-of-lexicon actions unresolved and separates cancellation commands from revision state","duration":4.605099999999993,"failureMessages":[],"meta":{}},{"ancestorTitles":["RCO-5-009 fresh adversarial candidate boundaries"],"fullName":"RCO-5-009 fresh adversarial candidate boundaries propagates one adjacent condition fact to every coordinated action","status":"passed","title":"propagates one adjacent condition fact to every coordinated action","duration":2.947999999999979,"failureMessages":[],"meta":{}},{"ancestorTitles":["RCO-5-009 fresh adversarial candidate boundaries"],"fullName":"RCO-5-009 fresh adversarial candidate boundaries does not delete adjacent verbs without explicit relative-clause evidence","status":"passed","title":"does not delete adjacent verbs without explicit relative-clause evidence","duration":6.4396999999999025,"failureMessages":[],"meta":{}},{"ancestorTitles":["RCO-5-009 fresh adversarial candidate boundaries"],"fullName":"RCO-5-009 fresh adversarial candidate boundaries keeps sequence, time-prefix and cross-scope objects bounded","status":"passed","title":"keeps sequence, time-prefix and cross-scope objects bounded","duration":18.005800000000022,"failureMessages":[],"meta":{}},{"ancestorTitles":["RCO-5-009 fresh adversarial candidate boundaries"],"fullName":"RCO-5-009 fresh adversarial candidate boundaries marks a conditional antecedent as evidence rather than a task candidate","status":"passed","title":"marks a conditional antecedent as evidence rather than a task candidate","duration":3.3944999999999936,"failureMessages":[],"meta":{}},{"ancestorTitles":["RCO-5-009 fresh adversarial candidate boundaries"],"fullName":"RCO-5-009 fresh adversarial candidate boundaries binds a same-scope condition to the immediately adjacent fact","status":"passed","title":"binds a same-scope condition to the immediately adjacent fact","duration":3.3070000000000164,"failureMessages":[],"meta":{}},{"ancestorTitles":["RCO-5-009 fresh adversarial candidate boundaries"],"fullName":"RCO-5-009 fresh adversarial candidate boundaries gives repeated action occurrences separate identities and owned objects","status":"passed","title":"gives repeated action occurrences separate identities and owned objects","duration":2.0166000000000395,"failureMessages":[],"meta":{}}],"startTime":1789303779916,"endTime":1789303779989.0166,"status":"passed","message":"","name":"C:/Users/Winner/student-affairs-multimodal-exp/src/recognition/actionCandidateFreshAdversarial.test.ts"},{"assertionResults":[{"ancestorTitles":["RCO-5-009A V2 seen B8 zero-call candidate regression"],"fullName":"RCO-5-009A V2 seen B8 zero-call candidate regression enumerates all twenty expected actions and exactly two explicit non-task decoys","status":"passed","title":"enumerates all twenty expected actions and exactly two explicit non-task decoys","duration":25.542699999999968,"failureMessages":[],"meta":{}},{"ancestorTitles":["RCO-5-009A V2 seen B8 zero-call candidate regression"],"fullName":"RCO-5-009A V2 seen B8 zero-call candidate regression keeps the frozen B8 structure perfect and isolates the historical-label conflict","status":"passed","title":"keeps the frozen B8 structure perfect and isolates the historical-label conflict","duration":49.71780000000001,"failureMessages":[],"meta":{}},{"ancestorTitles":["RCO-5-009A V2 seen B8 zero-call candidate regression"],"fullName":"RCO-5-009A V2 seen B8 zero-call candidate regression salvages legal siblings from frozen legacy raw while reporting rather than hiding model misses","status":"passed","title":"salvages legal siblings from frozen legacy raw while reporting rather than hiding model misses","duration":26.590400000000045,"failureMessages":[],"meta":{}}],"startTime":1789303778281,"endTime":1789303778383.5903,"status":"passed","message":"","name":"C:/Users/Winner/student-affairs-multimodal-exp/src/recognition/actionCandidateV2B8Regression.test.ts"},{"assertionResults":[{"ancestorTitles":["candidate-bound independent semantic and safety policy"],"fullName":"candidate-bound independent semantic and safety policy does not select a completed fact or a system-owned action as the user task","status":"passed","title":"does not select a completed fact or a system-owned action as the user task","duration":25.90440000000001,"failureMessages":[],"meta":{}},{"ancestorTitles":["candidate-bound independent semantic and safety policy"],"fullName":"candidate-bound independent semantic and safety policy keeps forwarded and cross-scope code examples outside the task lane","status":"passed","title":"keeps forwarded and cross-scope code examples outside the task lane","duration":5.422399999999982,"failureMessages":[],"meta":{}},{"ancestorTitles":["candidate-bound independent semantic and safety policy"],"fullName":"candidate-bound independent semantic and safety policy reports unknown rather than false when an action is outside the controlled vocabulary","status":"passed","title":"reports unknown rather than false when an action is outside the controlled vocabulary","duration":4.503899999999987,"failureMessages":[],"meta":{}},{"ancestorTitles":["candidate-bound independent semantic and safety policy"],"fullName":"candidate-bound independent semantic and safety policy applies a false condition to every coordinated action","status":"passed","title":"applies a false condition to every coordinated action","duration":3.0674000000000206,"failureMessages":[],"meta":{}},{"ancestorTitles":["candidate-bound independent semantic and safety policy"],"fullName":"candidate-bound independent semantic and safety policy still selects a locally safe task when its adjacent condition is proved true","status":"passed","title":"still selects a locally safe task when its adjacent condition is proved true","duration":1.6123000000000047,"failureMessages":[],"meta":{}},{"ancestorTitles":["candidate-bound independent semantic and safety policy"],"fullName":"candidate-bound independent semantic and safety policy never lets candidate quarantine increase revision certainty","status":"passed","title":"never lets candidate quarantine increase revision certainty","duration":4.1095000000000255,"failureMessages":[],"meta":{}},{"ancestorTitles":["candidate-bound independent semantic and safety policy"],"fullName":"candidate-bound independent semantic and safety policy does not let an unresolved historical revision block a later independent current task","status":"passed","title":"does not let an unresolved historical revision block a later independent current task","duration":5.547800000000052,"failureMessages":[],"meta":{}},{"ancestorTitles":["candidate-bound independent semantic and safety policy"],"fullName":"candidate-bound independent semantic and safety policy preserves adjacent real actions for bounded model classification","status":"passed","title":"preserves adjacent real actions for bounded model classification","duration":4.842700000000036,"failureMessages":[],"meta":{}},{"ancestorTitles":["candidate-bound independent semantic and safety policy"],"fullName":"candidate-bound independent semantic and safety policy restores the exact owned object instead of letting downstream normalization rewrite it","status":"passed","title":"restores the exact owned object instead of letting downstream normalization rewrite it","duration":1.8478000000000065,"failureMessages":[],"meta":{}},{"ancestorTitles":["candidate-bound independent semantic and safety policy"],"fullName":"candidate-bound independent semantic and safety policy reports an injected unknown response ID without letting it erase an independent local default","status":"passed","title":"reports an injected unknown response ID without letting it erase an independent local default","duration":5.476099999999974,"failureMessages":[],"meta":{}},{"ancestorTitles":["candidate-bound independent semantic and safety policy"],"fullName":"candidate-bound independent semantic and safety policy quarantines one uncertain candidate without changing an independent safe sibling","status":"passed","title":"quarantines one uncertain candidate without changing an independent safe sibling","duration":2.119299999999953,"failureMessages":[],"meta":{}},{"ancestorTitles":["candidate-bound independent semantic and safety policy"],"fullName":"candidate-bound independent semantic and safety policy fails closed if an accepted ledger entry loses its owned object binding","status":"passed","title":"fails closed if an accepted ledger entry loses its owned object binding","duration":2.2321999999999207,"failureMessages":[],"meta":{}},{"ancestorTitles":["candidate-bound independent semantic and safety policy"],"fullName":"candidate-bound independent semantic and safety policy keeps a historical requirement visible without calling it a current task","status":"passed","title":"keeps a historical requirement visible without calling it a current task","duration":1.4989000000000487,"failureMessages":[],"meta":{}},{"ancestorTitles":["candidate-bound independent semantic and safety policy"],"fullName":"candidate-bound independent semantic and safety policy does not turn the condition antecedent into a task and preserves unknown actionability","status":"passed","title":"does not turn the condition antecedent into a task and preserves unknown actionability","duration":1.3953000000000202,"failureMessages":[],"meta":{}},{"ancestorTitles":["candidate-bound independent semantic and safety policy"],"fullName":"candidate-bound independent semantic and safety policy uses same-scope condition evidence to allow a proved safe task","status":"passed","title":"uses same-scope condition evidence to allow a proved safe task","duration":1.7952999999999975,"failureMessages":[],"meta":{}},{"ancestorTitles":["candidate-bound independent semantic and safety policy"],"fullName":"candidate-bound independent semantic and safety policy materializes repeated actions directly from their own occurrence and object IDs","status":"passed","title":"materializes repeated actions directly from their own occurrence and object IDs","duration":2.8291999999999007,"failureMessages":[],"meta":{}}],"startTime":1789303777593,"endTime":1789303777667.829,"status":"passed","message":"","name":"C:/Users/Winner/student-affairs-multimodal-exp/src/recognition/candidateTaskSafetyPolicy.test.ts"},{"assertionResults":[{"ancestorTitles":["RCO-5-010 full proposition and three-valued actionability"],"fullName":"RCO-5-010 full proposition and three-valued actionability keeps the ambiguous B9-shaped sentence unknown instead of forcing a frozen label","status":"passed","title":"keeps the ambiguous B9-shaped sentence unknown instead of forcing a frozen label","duration":30.089100000000144,"failureMessages":[],"meta":{}},{"ancestorTitles":["RCO-5-010 full proposition and three-valued actionability"],"fullName":"RCO-5-010 full proposition and three-valued actionability can prove a reporting-governed action is embedded content","status":"passed","title":"can prove a reporting-governed action is embedded content","duration":18.108799999999974,"failureMessages":[],"meta":{}},{"ancestorTitles":["RCO-5-010 full proposition and three-valued actionability"],"fullName":"RCO-5-010 full proposition and three-valued actionability keeps explicit uncertainty about whether a duty exists as null","status":"passed","title":"keeps explicit uncertainty about whether a duty exists as null","duration":10.127100000000155,"failureMessages":[],"meta":{}},{"ancestorTitles":["RCO-5-010 full proposition and three-valued actionability"],"fullName":"RCO-5-010 full proposition and three-valued actionability does not turn an action mentioned inside an unresolved duty question into a task: 通知尚未说明是否需要核对名单。","status":"passed","title":"does not turn an action mentioned inside an unresolved duty question into a task: 通知尚未说明是否需要核对名单。","duration":7.611200000000281,"failureMessages":[],"meta":{}},{"ancestorTitles":["RCO-5-010 full proposition and three-valued actionability"],"fullName":"RCO-5-010 full proposition and three-valued actionability does not turn an action mentioned inside an unresolved duty question into a task: 是否必须检查申请表仍未明确。","status":"passed","title":"does not turn an action mentioned inside an unresolved duty question into a task: 是否必须检查申请表仍未明确。","duration":5.699000000000069,"failureMessages":[],"meta":{}},{"ancestorTitles":["RCO-5-010 full proposition and three-valued actionability"],"fullName":"RCO-5-010 full proposition and three-valued actionability does not turn an action mentioned inside an unresolved duty question into a task: 请问是否需要保存值班记录。","status":"passed","title":"does not turn an action mentioned inside an unresolved duty question into a task: 请问是否需要保存值班记录。","duration":7.358099999999922,"failureMessages":[],"meta":{}},{"ancestorTitles":["RCO-5-010 full proposition and three-valued actionability"],"fullName":"RCO-5-010 full proposition and three-valued actionability does not turn an action mentioned inside an unresolved duty question into a task: 是否需要打印回执尚未说明。","status":"passed","title":"does not turn an action mentioned inside an unresolved duty question into a task: 是否需要打印回执尚未说明。","duration":4.052999999999884,"failureMessages":[],"meta":{}},{"ancestorTitles":["RCO-5-010 full proposition and three-valued actionability"],"fullName":"RCO-5-010 full proposition and three-valued actionability does not turn an action mentioned inside an unresolved duty question into a task: 是否需要提交纸质版仍不清楚。","status":"passed","title":"does not turn an action mentioned inside an unresolved duty question into a task: 是否需要提交纸质版仍不清楚。","duration":3.569600000000264,"failureMessages":[],"meta":{}},{"ancestorTitles":["RCO-5-010 full proposition and three-valued actionability"],"fullName":"RCO-5-010 full proposition and three-valued actionability can prove a reported question is not a current duty","status":"passed","title":"can prove a reported question is not a current duty","duration":6.890599999999722,"failureMessages":[],"meta":{}},{"ancestorTitles":["RCO-5-010 full proposition and three-valued actionability"],"fullName":"RCO-5-010 full proposition and three-valued actionability uses the full nominalized proposition instead of treating an internal 请 as a directive: 申请材料核对结果尚未说明。","status":"passed","title":"uses the full nominalized proposition instead of treating an internal 请 as a directive: 申请材料核对结果尚未说明。","duration":4.471700000000055,"failureMessages":[],"meta":{}},{"ancestorTitles":["RCO-5-010 full proposition and three-valued actionability"],"fullName":"RCO-5-010 full proposition and three-valued actionability uses the full nominalized proposition instead of treating an internal 请 as a directive: 邀请记录核对结果仍不明确。","status":"passed","title":"uses the full nominalized proposition instead of treating an internal 请 as a directive: 邀请记录核对结果仍不明确。","duration":4.63799999999992,"failureMessages":[],"meta":{}},{"ancestorTitles":["RCO-5-010 full proposition and three-valued actionability"],"fullName":"RCO-5-010 full proposition and three-valued actionability uses the full nominalized proposition instead of treating an internal 请 as a directive: 请假流程核对结果尚不清楚。","status":"passed","title":"uses the full nominalized proposition instead of treating an internal 请 as a directive: 请假流程核对结果尚不清楚。","duration":6.530899999999747,"failureMessages":[],"meta":{}},{"ancestorTitles":["RCO-5-010 full proposition and three-valued actionability"],"fullName":"RCO-5-010 full proposition and three-valued actionability uses the full nominalized proposition instead of treating an internal 请 as a directive: 请柬核对结果尚未说明。","status":"passed","title":"uses the full nominalized proposition instead of treating an internal 请 as a directive: 请柬核对结果尚未说明。","duration":4.1766999999999825,"failureMessages":[],"meta":{}},{"ancestorTitles":["RCO-5-010 full proposition and three-valued actionability"],"fullName":"RCO-5-010 full proposition and three-valued actionability uses the full nominalized proposition instead of treating an internal 请 as a directive: 请帖核对结果仍不明确。","status":"passed","title":"uses the full nominalized proposition instead of treating an internal 请 as a directive: 请帖核对结果仍不明确。","duration":3.164099999999962,"failureMessages":[],"meta":{}},{"ancestorTitles":["RCO-5-010 full proposition and three-valued actionability"],"fullName":"RCO-5-010 full proposition and three-valued actionability recognizes 请 only when a complete positive grammar proves it governs the action: 请核对材料。","status":"passed","title":"recognizes 请 only when a complete positive grammar proves it governs the action: 请核对材料。","duration":4.879299999999603,"failureMessages":[],"meta":{}},{"ancestorTitles":["RCO-5-010 full proposition and three-valued actionability"],"fullName":"RCO-5-010 full proposition and three-valued actionability recognizes 请 only when a complete positive grammar proves it governs the action: 申请人请核对材料。","status":"passed","title":"recognizes 请 only when a complete positive grammar proves it governs the action: 申请人请核对材料。","duration":5.834100000000035,"failureMessages":[],"meta":{}},{"ancestorTitles":["RCO-5-010 full proposition and three-valued actionability"],"fullName":"RCO-5-010 full proposition and three-valued actionability recognizes 请 only when a complete positive grammar proves it governs the action: 请于周五前核对材料。","status":"passed","title":"recognizes 请 only when a complete positive grammar proves it governs the action: 请于周五前核对材料。","duration":5.016900000000078,"failureMessages":[],"meta":{}},{"ancestorTitles":["RCO-5-010 full proposition and three-valued actionability"],"fullName":"RCO-5-010 full proposition and three-valued actionability recognizes 请 only when a complete positive grammar proves it governs the action: 请各位同学认真核对材料。","status":"passed","title":"recognizes 请 only when a complete positive grammar proves it governs the action: 请各位同学认真核对材料。","duration":7.38799999999992,"failureMessages":[],"meta":{}},{"ancestorTitles":["RCO-5-010 full proposition and three-valued actionability"],"fullName":"RCO-5-010 full proposition and three-valued actionability keeps an unproved 请-to-action relationship unknown and unselected: 请求核对名单。","status":"passed","title":"keeps an unproved 请-to-action relationship unknown and unselected: 请求核对名单。","duration":5.436499999999796,"failureMessages":[],"meta":{}},{"ancestorTitles":["RCO-5-010 full proposition and three-valued actionability"],"fullName":"RCO-5-010 full proposition and three-valued actionability keeps an unproved 请-to-action relationship unknown and unselected: 请柬核对名单。","status":"passed","title":"keeps an unproved 请-to-action relationship unknown and unselected: 请柬核对名单。","duration":10.538000000000011,"failureMessages":[],"meta":{}},{"ancestorTitles":["RCO-5-010 full proposition and three-valued actionability"],"fullName":"RCO-5-010 full proposition and three-valued actionability keeps an unproved 请-to-action relationship unknown and unselected: 聘请人员核对名单。","status":"passed","title":"keeps an unproved 请-to-action relationship unknown and unselected: 聘请人员核对名单。","duration":15.674199999999928,"failureMessages":[],"meta":{}},{"ancestorTitles":["RCO-5-010 full proposition and three-valued actionability"],"fullName":"RCO-5-010 full proposition and three-valued actionability does not let a later word-internal 请 shadow an earlier real command: 请在请假后核对材料。","status":"passed","title":"does not let a later word-internal 请 shadow an earlier real command: 请在请假后核对材料。","duration":17.674399999999878,"failureMessages":[],"meta":{}},{"ancestorTitles":["RCO-5-010 full proposition and three-valued actionability"],"fullName":"RCO-5-010 full proposition and three-valued actionability does not let a later word-internal 请 shadow an earlier real command: 请在申请材料中核对名单。","status":"passed","title":"does not let a later word-internal 请 shadow an earlier real command: 请在申请材料中核对名单。","duration":22.479199999999764,"failureMessages":[],"meta":{}},{"ancestorTitles":["RCO-5-010 full proposition and three-valued actionability"],"fullName":"RCO-5-010 full proposition and three-valued actionability keeps a directive embedded in an outer reported question unknown and unselected","status":"passed","title":"keeps a directive embedded in an outer reported question unknown and unselected","duration":7.668999999999869,"failureMessages":[],"meta":{}},{"ancestorTitles":["RCO-5-010 full proposition and three-valued actionability"],"fullName":"RCO-5-010 full proposition and three-valued actionability does not accept a multi-character governor without a proved left-side grammar","status":"passed","title":"does not accept a multi-character governor without a proved left-side grammar","duration":6.279500000000098,"failureMessages":[],"meta":{}},{"ancestorTitles":["RCO-5-010 full proposition and three-valued actionability"],"fullName":"RCO-5-010 full proposition and three-valued actionability changes with the governing proposition instead of the action word: '保存'","status":"passed","title":"changes with the governing proposition instead of the action word: '保存'","duration":8.274899999999889,"failureMessages":[],"meta":{}},{"ancestorTitles":["RCO-5-010 full proposition and three-valued actionability"],"fullName":"RCO-5-010 full proposition and three-valued actionability changes with the governing proposition instead of the action word: '打印'","status":"passed","title":"changes with the governing proposition instead of the action word: '打印'","duration":11.952800000000025,"failureMessages":[],"meta":{}},{"ancestorTitles":["RCO-5-010 full proposition and three-valued actionability"],"fullName":"RCO-5-010 full proposition and three-valued actionability changes with the governing proposition instead of the action word: '提交'","status":"passed","title":"changes with the governing proposition instead of the action word: '提交'","duration":8.173299999999927,"failureMessages":[],"meta":{}},{"ancestorTitles":["RCO-5-010 full proposition and three-valued actionability"],"fullName":"RCO-5-010 full proposition and three-valued actionability does not let an information word swallow a governed directive: 请核对蓝色门签是否属于该流程。","status":"passed","title":"does not let an information word swallow a governed directive: 请核对蓝色门签是否属于该流程。","duration":4.714399999999841,"failureMessages":[],"meta":{}},{"ancestorTitles":["RCO-5-010 full proposition and three-valued actionability"],"fullName":"RCO-5-010 full proposition and three-valued actionability does not let an information word swallow a governed directive: 通知尚未说明，请核对蓝色门签。","status":"passed","title":"does not let an information word swallow a governed directive: 通知尚未说明，请核对蓝色门签。","duration":5.171100000000024,"failureMessages":[],"meta":{}},{"ancestorTitles":["RCO-5-010 full proposition and three-valued actionability"],"fullName":"RCO-5-010 full proposition and three-valued actionability does not let an information word swallow a governed directive: 必须核对结果，说明尚未补充。","status":"passed","title":"does not let an information word swallow a governed directive: 必须核对结果，说明尚未补充。","duration":5.154700000000048,"failureMessages":[],"meta":{}},{"ancestorTitles":["RCO-5-010 full proposition and three-valued actionability"],"fullName":"RCO-5-010 full proposition and three-valued actionability keeps only the outer directive when another action is embedded under its question","status":"passed","title":"keeps only the outer directive when another action is embedded under its question","duration":6.903600000000097,"failureMessages":[],"meta":{}},{"ancestorTitles":["RCO-5-010 full proposition and three-valued actionability"],"fullName":"RCO-5-010 full proposition and three-valued actionability preserves coordinated matrix actions and their separate objects","status":"passed","title":"preserves coordinated matrix actions and their separate objects","duration":5.827199999999721,"failureMessages":[],"meta":{}},{"ancestorTitles":["RCO-5-010 full proposition and three-valued actionability"],"fullName":"RCO-5-010 full proposition and three-valued actionability keeps an unfinished-action sentence unknown instead of treating 尚未 as a non-task switch","status":"passed","title":"keeps an unfinished-action sentence unknown instead of treating 尚未 as a non-task switch","duration":5.805199999999786,"failureMessages":[],"meta":{}},{"ancestorTitles":["RCO-5-010 full proposition and three-valued actionability"],"fullName":"RCO-5-010 full proposition and three-valued actionability keeps a real external obligation true even though safety leaves it unselected","status":"passed","title":"keeps a real external obligation true even though safety leaves it unselected","duration":4.584700000000339,"failureMessages":[],"meta":{}},{"ancestorTitles":["RCO-5-010 full proposition and three-valued actionability"],"fullName":"RCO-5-010 full proposition and three-valued actionability reduces required plus unknown to true without deleting the unknown sibling","status":"passed","title":"reduces required plus unknown to true without deleting the unknown sibling","duration":6.0516999999999825,"failureMessages":[],"meta":{}},{"ancestorTitles":["RCO-5-010 full proposition and three-valued actionability"],"fullName":"RCO-5-010 full proposition and three-valued actionability returns false only after the candidate is proved non-current or non-required: 旧通知要求保存纸质回执。","status":"passed","title":"returns false only after the candidate is proved non-current or non-required: 旧通知要求保存纸质回执。","duration":14.693300000000363,"failureMessages":[],"meta":{}},{"ancestorTitles":["RCO-5-010 full proposition and three-valued actionability"],"fullName":"RCO-5-010 full proposition and three-valued actionability returns false only after the candidate is proved non-current or non-required: 材料已保存。","status":"passed","title":"returns false only after the candidate is proved non-current or non-required: 材料已保存。","duration":9.570299999999861,"failureMessages":[],"meta":{}},{"ancestorTitles":["RCO-5-010 full proposition and three-valued actionability"],"fullName":"RCO-5-010 full proposition and three-valued actionability returns false only after the candidate is proved non-current or non-required: 系统需要保存审计日志。","status":"passed","title":"returns false only after the candidate is proved non-current or non-required: 系统需要保存审计日志。","duration":8.409400000000005,"failureMessages":[],"meta":{}},{"ancestorTitles":["RCO-5-010 full proposition and three-valued actionability"],"fullName":"RCO-5-010 full proposition and three-valued actionability returns false only after the candidate is proved non-current or non-required: 如果材料缺失，请保存说明。目前材料并未缺失。","status":"passed","title":"returns false only after the candidate is proved non-current or non-required: 如果材料缺失，请保存说明。目前材料并未缺失。","duration":14.110599999999977,"failureMessages":[],"meta":{}},{"ancestorTitles":["RCO-5-010 full proposition and three-valued actionability"],"fullName":"RCO-5-010 full proposition and three-valued actionability returns false only after the candidate is proved non-current or non-required: 可以自行保存练习记录。","status":"passed","title":"returns false only after the candidate is proved non-current or non-required: 可以自行保存练习记录。","duration":5.590200000000095,"failureMessages":[],"meta":{}},{"ancestorTitles":["RCO-5-010 full proposition and three-valued actionability"],"fullName":"RCO-5-010 full proposition and three-valued actionability keeps a condition with no matching fact unknown","status":"passed","title":"keeps a condition with no matching fact unknown","duration":5.64409999999998,"failureMessages":[],"meta":{}},{"ancestorTitles":["RCO-5-010 full proposition and three-valued actionability"],"fullName":"RCO-5-010 full proposition and three-valued actionability derives the same conditional task from condition truth 'true'","status":"passed","title":"derives the same conditional task from condition truth 'true'","duration":5.800600000000031,"failureMessages":[],"meta":{}},{"ancestorTitles":["RCO-5-010 full proposition and three-valued actionability"],"fullName":"RCO-5-010 full proposition and three-valued actionability derives the same conditional task from condition truth 'false'","status":"passed","title":"derives the same conditional task from condition truth 'false'","duration":6.803600000000188,"failureMessages":[],"meta":{}},{"ancestorTitles":["RCO-5-010 full proposition and three-valued actionability"],"fullName":"RCO-5-010 full proposition and three-valued actionability derives the same conditional task from condition truth 'unknown'","status":"passed","title":"derives the same conditional task from condition truth 'unknown'","duration":6.1206999999999425,"failureMessages":[],"meta":{}},{"ancestorTitles":["RCO-5-010 full proposition and three-valued actionability"],"fullName":"RCO-5-010 full proposition and three-valued actionability keeps an invalidated old duty for audit while activating only the replacement","status":"passed","title":"keeps an invalidated old duty for audit while activating only the replacement","duration":10.572999999999865,"failureMessages":[],"meta":{}},{"ancestorTitles":["RCO-5-010 full proposition and three-valued actionability"],"fullName":"RCO-5-010 full proposition and three-valued actionability does not consume selected when deriving actionability","status":"passed","title":"does not consume selected when deriving actionability","duration":3.1843000000003485,"failureMessages":[],"meta":{}},{"ancestorTitles":["RCO-5-010 full proposition and three-valued actionability"],"fullName":"RCO-5-010 full proposition and three-valued actionability detects tampered actionability instead of letting it self-certify","status":"passed","title":"detects tampered actionability instead of letting it self-certify","duration":5.007800000000316,"failureMessages":[],"meta":{}},{"ancestorTitles":["RCO-5-010 full proposition and three-valued actionability"],"fullName":"RCO-5-010 full proposition and three-valued actionability detects a task removed through a sparse array hole","status":"passed","title":"detects a task removed through a sparse array hole","duration":4.056100000000242,"failureMessages":[],"meta":{}},{"ancestorTitles":["RCO-5-010 full proposition and three-valued actionability"],"fullName":"RCO-5-010 full proposition and three-valued actionability detects sparse-array tampering in derived evidence arrays","status":"passed","title":"detects sparse-array tampering in derived evidence arrays","duration":5.492400000000089,"failureMessages":[],"meta":{}}],"startTime":1789303777963,"endTime":1789303778369.4924,"status":"passed","message":"","name":"C:/Users/Winner/student-affairs-multimodal-exp/src/recognition/candidateTaskSafetyPolicyV2.test.ts"},{"assertionResults":[{"ancestorTitles":["fixed-key count-map comparison"],"fullName":"fixed-key count-map comparison treats the frozen B9 ledger maps as equal despite opposite key order","status":"passed","title":"treats the frozen B9 ledger maps as equal despite opposite key order","duration":5.810400000000072,"failureMessages":[],"meta":{}},{"ancestorTitles":["fixed-key count-map comparison"],"fullName":"fixed-key count-map comparison rejects a changed value, even when both maps have every allowed key","status":"passed","title":"rejects a changed value, even when both maps have every allowed key","duration":0.6353000000000293,"failureMessages":[],"meta":{}},{"ancestorTitles":["fixed-key count-map comparison"],"fullName":"fixed-key count-map comparison rejects missing and extra keys instead of accepting symmetric omissions","status":"passed","title":"rejects missing and extra keys instead of accepting symmetric omissions","duration":0.3731999999999971,"failureMessages":[],"meta":{}},{"ancestorTitles":["fixed-key count-map comparison"],"fullName":"fixed-key count-map comparison rejects invalid count -1","status":"passed","title":"rejects invalid count -1","duration":0.32920000000001437,"failureMessages":[],"meta":{}},{"ancestorTitles":["fixed-key count-map comparison"],"fullName":"fixed-key count-map comparison rejects invalid count 1.5","status":"passed","title":"rejects invalid count 1.5","duration":0.3007000000000062,"failureMessages":[],"meta":{}},{"ancestorTitles":["fixed-key count-map comparison"],"fullName":"fixed-key count-map comparison rejects invalid count NaN","status":"passed","title":"rejects invalid count NaN","duration":0.2644000000000233,"failureMessages":[],"meta":{}},{"ancestorTitles":["fixed-key count-map comparison"],"fullName":"fixed-key count-map comparison rejects invalid count Infinity","status":"passed","title":"rejects invalid count Infinity","duration":0.17719999999997071,"failureMessages":[],"meta":{}}],"startTime":1789303782856,"endTime":1789303782865.1772,"status":"passed","message":"","name":"C:/Users/Winner/student-affairs-multimodal-exp/src/recognition/countMapComparison.test.ts"},{"assertionResults":[{"ancestorTitles":["RCO-5-010-E1 positive directive governor proof"],"fullName":"RCO-5-010-E1 positive directive governor proof proves a complete positive grammar before the action: 请","status":"passed","title":"proves a complete positive grammar before the action: 请","duration":2.891999999999939,"failureMessages":[],"meta":{}},{"ancestorTitles":["RCO-5-010-E1 positive directive governor proof"],"fullName":"RCO-5-010-E1 positive directive governor proof proves a complete positive grammar before the action: 申请人请","status":"passed","title":"proves a complete positive grammar before the action: 申请人请","duration":0.8342999999999847,"failureMessages":[],"meta":{}},{"ancestorTitles":["RCO-5-010-E1 positive directive governor proof"],"fullName":"RCO-5-010-E1 positive directive governor proof proves a complete positive grammar before the action: 请于周五前","status":"passed","title":"proves a complete positive grammar before the action: 请于周五前","duration":0.4267000000000962,"failureMessages":[],"meta":{}},{"ancestorTitles":["RCO-5-010-E1 positive directive governor proof"],"fullName":"RCO-5-010-E1 positive directive governor proof proves a complete positive grammar before the action: 请在系统中","status":"passed","title":"proves a complete positive grammar before the action: 请在系统中","duration":0.2074999999999818,"failureMessages":[],"meta":{}},{"ancestorTitles":["RCO-5-010-E1 positive directive governor proof"],"fullName":"RCO-5-010-E1 positive directive governor proof proves a complete positive grammar before the action: 请各位同学认真","status":"passed","title":"proves a complete positive grammar before the action: 请各位同学认真","duration":0.22829999999999018,"failureMessages":[],"meta":{}},{"ancestorTitles":["RCO-5-010-E1 positive directive governor proof"],"fullName":"RCO-5-010-E1 positive directive governor proof proves a complete positive grammar before the action: 请你","status":"passed","title":"proves a complete positive grammar before the action: 请你","duration":0.203899999999976,"failureMessages":[],"meta":{}},{"ancestorTitles":["RCO-5-010-E1 positive directive governor proof"],"fullName":"RCO-5-010-E1 positive directive governor proof proves a complete positive grammar before the action: 请各位同学于周五前认真","status":"passed","title":"proves a complete positive grammar before the action: 请各位同学于周五前认真","duration":0.15600000000006276,"failureMessages":[],"meta":{}},{"ancestorTitles":["RCO-5-010-E1 positive directive governor proof"],"fullName":"RCO-5-010-E1 positive directive governor proof proves a complete positive grammar before the action: 各位同学请先","status":"passed","title":"proves a complete positive grammar before the action: 各位同学请先","duration":0.23039999999991778,"failureMessages":[],"meta":{}},{"ancestorTitles":["RCO-5-010-E1 positive directive governor proof"],"fullName":"RCO-5-010-E1 positive directive governor proof does not prove a single 请 through uncontrolled characters: 申请材料","status":"passed","title":"does not prove a single 请 through uncontrolled characters: 申请材料","duration":0.2279999999999518,"failureMessages":[],"meta":{}},{"ancestorTitles":["RCO-5-010-E1 positive directive governor proof"],"fullName":"RCO-5-010-E1 positive directive governor proof does not prove a single 请 through uncontrolled characters: 邀请记录","status":"passed","title":"does not prove a single 请 through uncontrolled characters: 邀请记录","duration":0.21709999999995944,"failureMessages":[],"meta":{}},{"ancestorTitles":["RCO-5-010-E1 positive directive governor proof"],"fullName":"RCO-5-010-E1 positive directive governor proof does not prove a single 请 through uncontrolled characters: 请假流程","status":"passed","title":"does not prove a single 请 through uncontrolled characters: 请假流程","duration":0.16989999999998417,"failureMessages":[],"meta":{}},{"ancestorTitles":["RCO-5-010-E1 positive directive governor proof"],"fullName":"RCO-5-010-E1 positive directive governor proof does not prove a single 请 through uncontrolled characters: 请求","status":"passed","title":"does not prove a single 请 through uncontrolled characters: 请求","duration":0.13769999999999527,"failureMessages":[],"meta":{}},{"ancestorTitles":["RCO-5-010-E1 positive directive governor proof"],"fullName":"RCO-5-010-E1 positive directive governor proof does not prove a single 请 through uncontrolled characters: 聘请","status":"passed","title":"does not prove a single 请 through uncontrolled characters: 聘请","duration":0.1270999999999276,"failureMessages":[],"meta":{}},{"ancestorTitles":["RCO-5-010-E1 positive directive governor proof"],"fullName":"RCO-5-010-E1 positive directive governor proof does not prove a single 请 through uncontrolled characters: 请柬","status":"passed","title":"does not prove a single 请 through uncontrolled characters: 请柬","duration":0.12339999999994689,"failureMessages":[],"meta":{}},{"ancestorTitles":["RCO-5-010-E1 positive directive governor proof"],"fullName":"RCO-5-010-E1 positive directive governor proof does not prove a single 请 through uncontrolled characters: 请帖","status":"passed","title":"does not prove a single 请 through uncontrolled characters: 请帖","duration":0.11599999999998545,"failureMessages":[],"meta":{}},{"ancestorTitles":["RCO-5-010-E1 positive directive governor proof"],"fullName":"RCO-5-010-E1 positive directive governor proof does not prove a single 请 through uncontrolled characters: 请安","status":"passed","title":"does not prove a single 请 through uncontrolled characters: 请安","duration":0.12849999999991724,"failureMessages":[],"meta":{}},{"ancestorTitles":["RCO-5-010-E1 positive directive governor proof"],"fullName":"RCO-5-010-E1 positive directive governor proof rejects every uncontrolled one-character CJK bridge instead of maintaining a blacklist","status":"passed","title":"rejects every uncontrolled one-character CJK bridge instead of maintaining a blacklist","duration":122.80020000000002,"failureMessages":[],"meta":{}},{"ancestorTitles":["RCO-5-010-E1 positive directive governor proof"],"fullName":"RCO-5-010-E1 positive directive governor proof keeps the explicitly controlled one-character bridge 你","status":"passed","title":"keeps the explicitly controlled one-character bridge 你","duration":0.47450000000003456,"failureMessages":[],"meta":{}},{"ancestorTitles":["RCO-5-010-E1 positive directive governor proof"],"fullName":"RCO-5-010-E1 positive directive governor proof keeps the explicitly controlled one-character bridge 您","status":"passed","title":"keeps the explicitly controlled one-character bridge 您","duration":0.17849999999998545,"failureMessages":[],"meta":{}},{"ancestorTitles":["RCO-5-010-E1 positive directive governor proof"],"fullName":"RCO-5-010-E1 positive directive governor proof keeps the explicitly controlled one-character bridge 先","status":"passed","title":"keeps the explicitly controlled one-character bridge 先","duration":0.1066000000000713,"failureMessages":[],"meta":{}},{"ancestorTitles":["RCO-5-010-E1 positive directive governor proof"],"fullName":"RCO-5-010-E1 positive directive governor proof keeps the explicitly controlled one-character bridge 再","status":"passed","title":"keeps the explicitly controlled one-character bridge 再","duration":0.0946999999999889,"failureMessages":[],"meta":{}},{"ancestorTitles":["RCO-5-010-E1 positive directive governor proof"],"fullName":"RCO-5-010-E1 positive directive governor proof rejects repeated or out-of-order bridge segments: 请你你","status":"passed","title":"rejects repeated or out-of-order bridge segments: 请你你","duration":0.1834999999999809,"failureMessages":[],"meta":{}},{"ancestorTitles":["RCO-5-010-E1 positive directive governor proof"],"fullName":"RCO-5-010-E1 positive directive governor proof rejects repeated or out-of-order bridge segments: 请先先","status":"passed","title":"rejects repeated or out-of-order bridge segments: 请先先","duration":0.094600000000014,"failureMessages":[],"meta":{}},{"ancestorTitles":["RCO-5-010-E1 positive directive governor proof"],"fullName":"RCO-5-010-E1 positive directive governor proof rejects repeated or out-of-order bridge segments: 请认真各位同学","status":"passed","title":"rejects repeated or out-of-order bridge segments: 请认真各位同学","duration":0.12959999999998217,"failureMessages":[],"meta":{}},{"ancestorTitles":["RCO-5-010-E1 positive directive governor proof"],"fullName":"RCO-5-010-E1 positive directive governor proof rejects repeated or out-of-order bridge segments: 请于周五前于周六前","status":"passed","title":"rejects repeated or out-of-order bridge segments: 请于周五前于周六前","duration":0.09450000000003911,"failureMessages":[],"meta":{}},{"ancestorTitles":["RCO-5-010-E1 positive directive governor proof"],"fullName":"RCO-5-010-E1 positive directive governor proof uses the last 请 so a subject containing 请 cannot shadow the real governor","status":"passed","title":"uses the last 请 so a subject containing 请 cannot shadow the real governor","duration":0.2361999999999398,"failureMessages":[],"meta":{}},{"ancestorTitles":["RCO-5-010-E1 positive directive governor proof"],"fullName":"RCO-5-010-E1 positive directive governor proof backtracks past a later word-internal 请 to the earlier proved governor: 请在请假后","status":"passed","title":"backtracks past a later word-internal 请 to the earlier proved governor: 请在请假后","duration":0.23239999999998417,"failureMessages":[],"meta":{}},{"ancestorTitles":["RCO-5-010-E1 positive directive governor proof"],"fullName":"RCO-5-010-E1 positive directive governor proof backtracks past a later word-internal 请 to the earlier proved governor: 请在申请材料中","status":"passed","title":"backtracks past a later word-internal 请 to the earlier proved governor: 请在申请材料中","duration":0.13540000000000418,"failureMessages":[],"meta":{}},{"ancestorTitles":["RCO-5-010-E1 positive directive governor proof"],"fullName":"RCO-5-010-E1 positive directive governor proof requires positive left-side grammar for multi-character governors too","status":"passed","title":"requires positive left-side grammar for multi-character governors too","duration":0.21209999999996398,"failureMessages":[],"meta":{}}],"startTime":1789303782133,"endTime":1789303782266.236,"status":"passed","message":"","name":"C:/Users/Winner/student-affairs-multimodal-exp/src/recognition/directiveGovernorProof.test.ts"},{"assertionResults":[{"ancestorTitles":["60-case recognition evaluation"],"fullName":"60-case recognition evaluation keeps the anonymous dataset complete and reports reproducible metrics","status":"passed","title":"keeps the anonymous dataset complete and reports reproducible metrics","duration":218.58259999999996,"failureMessages":[],"meta":{}},{"ancestorTitles":["60-case recognition evaluation"],"fullName":"60-case recognition evaluation does not turn empty denominators into perfect metrics","status":"passed","title":"does not turn empty denominators into perfect metrics","duration":1.0137999999999465,"failureMessages":[],"meta":{}}],"startTime":1789303783996,"endTime":1789303784216.014,"status":"passed","message":"","name":"C:/Users/Winner/student-affairs-multimodal-exp/src/recognition/evaluation.test.ts"},{"assertionResults":[{"ancestorTitles":["RCO-5 facts-first contract"],"fullName":"RCO-5 facts-first contract composes stable IDs, time AST, references and selected defaults deterministically","status":"passed","title":"composes stable IDs, time AST, references and selected defaults deterministically","duration":39.166999999999916,"failureMessages":[],"meta":{}},{"ancestorTitles":["RCO-5 facts-first contract"],"fullName":"RCO-5 facts-first contract rejects a fabricated task for 纯信息 and keeps the content as a constraint","status":"passed","title":"rejects a fabricated task for 纯信息 and keeps the content as a constraint","duration":1.5124000000000706,"failureMessages":[],"meta":{}},{"ancestorTitles":["RCO-5 facts-first contract"],"fullName":"RCO-5 facts-first contract rejects a fabricated task for 否定句 and keeps the content as a constraint","status":"passed","title":"rejects a fabricated task for 否定句 and keeps the content as a constraint","duration":0.8134999999999764,"failureMessages":[],"meta":{}},{"ancestorTitles":["RCO-5 facts-first contract"],"fullName":"RCO-5 facts-first contract rejects a fabricated task for 更正取消 and keeps the content as a constraint","status":"passed","title":"rejects a fabricated task for 更正取消 and keeps the content as a constraint","duration":0.7350000000001273,"failureMessages":[],"meta":{}},{"ancestorTitles":["RCO-5 facts-first contract"],"fullName":"RCO-5 facts-first contract rejects a fabricated task for 联系人 and keeps the content as a constraint","status":"passed","title":"rejects a fabricated task for 联系人 and keeps the content as a constraint","duration":0.6588000000001557,"failureMessages":[],"meta":{}},{"ancestorTitles":["RCO-5 facts-first contract"],"fullName":"RCO-5 facts-first contract rejects a fabricated task for 地址 and keeps the content as a constraint","status":"passed","title":"rejects a fabricated task for 地址 and keeps the content as a constraint","duration":0.7311000000001968,"failureMessages":[],"meta":{}},{"ancestorTitles":["RCO-5 facts-first contract"],"fullName":"RCO-5 facts-first contract rejects a fabricated task for 政策 and keeps the content as a constraint","status":"passed","title":"rejects a fabricated task for 政策 and keeps the content as a constraint","duration":0.5407999999999902,"failureMessages":[],"meta":{}},{"ancestorTitles":["RCO-5 facts-first contract"],"fullName":"RCO-5 facts-first contract rejects a fabricated task for 格式 and keeps the content as a constraint","status":"passed","title":"rejects a fabricated task for 格式 and keeps the content as a constraint","duration":0.553000000000111,"failureMessages":[],"meta":{}},{"ancestorTitles":["RCO-5 facts-first contract"],"fullName":"RCO-5 facts-first contract rejects a fabricated task for 提示注入 and keeps the content as a constraint","status":"passed","title":"rejects a fabricated task for 提示注入 and keeps the content as a constraint","duration":0.8211999999998625,"failureMessages":[],"meta":{}},{"ancestorTitles":["RCO-5 facts-first contract"],"fullName":"RCO-5 facts-first contract fails closed when requiresAction contradicts actions","status":"passed","title":"fails closed when requiresAction contradicts actions","duration":1.085399999999936,"failureMessages":[],"meta":{}},{"ancestorTitles":["RCO-5 facts-first contract"],"fullName":"RCO-5 facts-first contract rejects explicit visual-only actions and prompt-injection actions","status":"passed","title":"rejects explicit visual-only actions and prompt-injection actions","duration":1.7317000000000462,"failureMessages":[],"meta":{}},{"ancestorTitles":["RCO-5 facts-first contract"],"fullName":"RCO-5 facts-first contract rejects source-external evidence, dangling indexes and unknown fields","status":"passed","title":"rejects source-external evidence, dangling indexes and unknown fields","duration":1.2422999999998865,"failureMessages":[],"meta":{}},{"ancestorTitles":["RCO-5 facts-first contract"],"fullName":"RCO-5 facts-first contract keeps every fact-ledger bound within the shared client schema","status":"passed","title":"keeps every fact-ledger bound within the shared client schema","duration":33.18020000000001,"failureMessages":[],"meta":{}},{"ancestorTitles":["RCO-5 facts-first contract"],"fullName":"RCO-5 facts-first contract validates events and keeps optional suggestions unselected","status":"passed","title":"validates events and keeps optional suggestions unselected","duration":6.7728000000001884,"failureMessages":[],"meta":{}},{"ancestorTitles":["RCO-5 facts-first contract"],"fullName":"RCO-5 facts-first contract requires the raw time to be supported by its referenced textual evidence","status":"passed","title":"requires the raw time to be supported by its referenced textual evidence","duration":0.8114000000000487,"failureMessages":[],"meta":{}},{"ancestorTitles":["RCO-5 facts-first contract"],"fullName":"RCO-5 facts-first contract requires every material field to be supported and accepts an explicit supported quantity","status":"passed","title":"requires every material field to be supported and accepts an explicit supported quantity","duration":3.358600000000024,"failureMessages":[],"meta":{}},{"ancestorTitles":["RCO-5 facts-first contract"],"fullName":"RCO-5 facts-first contract rejects constraints and event locations laundered through unrelated evidence","status":"passed","title":"rejects constraints and event locations laundered through unrelated evidence","duration":1.3677000000000135,"failureMessages":[],"meta":{}},{"ancestorTitles":["RCO-5 facts-first contract"],"fullName":"RCO-5 facts-first contract forbids explicit events when requiresAction is false but keeps optional events unselected","status":"passed","title":"forbids explicit events when requiresAction is false but keeps optional events unselected","duration":1.203899999999976,"failureMessages":[],"meta":{}},{"ancestorTitles":["RCO-5 facts-first contract"],"fullName":"RCO-5 facts-first contract requires a caller-provided sourceId before composition","status":"passed","title":"requires a caller-provided sourceId before composition","duration":0.675499999999829,"failureMessages":[],"meta":{}},{"ancestorTitles":["RCO-5 facts-first contract"],"fullName":"RCO-5 facts-first contract requires sourceContent at runtime before any ledger validation","status":"passed","title":"requires sourceContent at runtime before any ledger validation","duration":0.5817999999999302,"failureMessages":[],"meta":{}},{"ancestorTitles":["RCO-5 facts-first contract"],"fullName":"RCO-5 facts-first contract rejects cross-material attribute evidence pooling","status":"passed","title":"rejects cross-material attribute evidence pooling","duration":1.018000000000029,"failureMessages":[],"meta":{}},{"ancestorTitles":["RCO-5 facts-first contract"],"fullName":"RCO-5 facts-first contract rejects an unrelated time bound to an action","status":"passed","title":"rejects an unrelated time bound to an action","duration":0.3264999999998963,"failureMessages":[],"meta":{}},{"ancestorTitles":["RCO-5 facts-first contract"],"fullName":"RCO-5 facts-first contract rejects an unrelated constraint bound to an action","status":"passed","title":"rejects an unrelated constraint bound to an action","duration":0.5150000000001,"failureMessages":[],"meta":{}},{"ancestorTitles":["RCO-5 facts-first contract"],"fullName":"RCO-5 facts-first contract rejects a location pooled from a different event","status":"passed","title":"rejects a location pooled from a different event","duration":1.8054999999999382,"failureMessages":[],"meta":{}},{"ancestorTitles":["RCO-5 facts-first contract"],"fullName":"RCO-5 facts-first contract rejects optional and inferred actions whose object is absent from textual evidence","status":"passed","title":"rejects optional and inferred actions whose object is absent from textual evidence","duration":0.7364999999999782,"failureMessages":[],"meta":{}},{"ancestorTitles":["RCO-5 facts-first contract"],"fullName":"RCO-5 facts-first contract rejects noun-substring actions and negated or cancelled actions","status":"passed","title":"rejects noun-substring actions and negated or cancelled actions","duration":0.44039999999995416,"failureMessages":[],"meta":{}},{"ancestorTitles":["RCO-5 facts-first contract"],"fullName":"RCO-5 facts-first contract rejects unsupported or unsafe action and event descriptions","status":"passed","title":"rejects unsupported or unsafe action and event descriptions","duration":0.63149999999996,"failureMessages":[],"meta":{}},{"ancestorTitles":["RCO-5 facts-first contract"],"fullName":"RCO-5 facts-first contract does not parse quantity 2 from another material quantity 12","status":"passed","title":"does not parse quantity 2 from another material quantity 12","duration":0.35130000000003747,"failureMessages":[],"meta":{}},{"ancestorTitles":["RCO-5 facts-first contract"],"fullName":"RCO-5 facts-first contract requires the material required flag to have an explicit basis","status":"passed","title":"requires the material required flag to have an explicit basis","duration":0.5031000000001313,"failureMessages":[],"meta":{}},{"ancestorTitles":["RCO-5 facts-first contract"],"fullName":"RCO-5 facts-first contract does not relabel a result announcement date as a submission deadline","status":"passed","title":"does not relabel a result announcement date as a submission deadline","duration":0.2779000000000451,"failureMessages":[],"meta":{}},{"ancestorTitles":["RCO-5 facts-first contract"],"fullName":"RCO-5 facts-first contract rejects distant cancellation in the same clause","status":"passed","title":"rejects distant cancellation in the same clause","duration":0.19440000000008695,"failureMessages":[],"meta":{}},{"ancestorTitles":["RCO-5 facts-first contract"],"fullName":"RCO-5 facts-first contract rejects a result-publication date followed by a different submission action","status":"passed","title":"rejects a result-publication date followed by a different submission action","duration":0.5902000000000953,"failureMessages":[],"meta":{}},{"ancestorTitles":["RCO-5 facts-first contract"],"fullName":"RCO-5 facts-first contract rejects a format attached to a neighboring material in the same clause","status":"passed","title":"rejects a format attached to a neighboring material in the same clause","duration":0.18309999999996762,"failureMessages":[],"meta":{}},{"ancestorTitles":["RCO-5 facts-first contract"],"fullName":"RCO-5 facts-first contract rejects a location explicitly attached to a neighboring event","status":"passed","title":"rejects a location explicitly attached to a neighboring event","duration":0.2119000000000142,"failureMessages":[],"meta":{}},{"ancestorTitles":["RCO-5 facts-first contract"],"fullName":"RCO-5 facts-first contract does not infer required material status from a reading action","status":"passed","title":"does not infer required material status from a reading action","duration":0.29099999999994,"failureMessages":[],"meta":{}},{"ancestorTitles":["RCO-5 facts-first contract"],"fullName":"RCO-5 facts-first contract does not borrow optional status from a neighboring material","status":"passed","title":"does not borrow optional status from a neighboring material","duration":0.39970000000016626,"failureMessages":[],"meta":{}},{"ancestorTitles":["RCO-5 facts-first contract"],"fullName":"RCO-5 facts-first contract requires event start and end references to use event time types","status":"passed","title":"requires event start and end references to use event time types","duration":0.2673000000002048,"failureMessages":[],"meta":{}},{"ancestorTitles":["RCO-5 facts-first contract"],"fullName":"RCO-5 facts-first contract does not select time or material facts attached only to an optional action","status":"passed","title":"does not select time or material facts attached only to an optional action","duration":1.7690000000000055,"failureMessages":[],"meta":{}},{"ancestorTitles":["RCO-5 facts-first contract"],"fullName":"RCO-5 facts-first contract requires a valid reference time and IANA timezone at runtime even without time facts","status":"passed","title":"requires a valid reference time and IANA timezone at runtime even without time facts","duration":0.6381000000001222,"failureMessages":[],"meta":{}},{"ancestorTitles":["RCO-5 facts-first contract"],"fullName":"RCO-5 facts-first contract normalizes the controlled campus action 递交 to 提交","status":"passed","title":"normalizes the controlled campus action 递交 to 提交","duration":0.5914999999999964,"failureMessages":[],"meta":{}},{"ancestorTitles":["RCO-5 facts-first contract"],"fullName":"RCO-5 facts-first contract normalizes the controlled campus action 填报 to 填写","status":"passed","title":"normalizes the controlled campus action 填报 to 填写","duration":0.4596999999998843,"failureMessages":[],"meta":{}},{"ancestorTitles":["RCO-5 facts-first contract"],"fullName":"RCO-5 facts-first contract normalizes the controlled campus action 核验 to 核对","status":"passed","title":"normalizes the controlled campus action 核验 to 核对","duration":0.42429999999990287,"failureMessages":[],"meta":{}},{"ancestorTitles":["RCO-5 facts-first contract"],"fullName":"RCO-5 facts-first contract normalizes the controlled campus action 参会 to 参加","status":"passed","title":"normalizes the controlled campus action 参会 to 参加","duration":0.4360999999998967,"failureMessages":[],"meta":{}},{"ancestorTitles":["RCO-5 facts-first contract"],"fullName":"RCO-5 facts-first contract normalizes the controlled campus action 签署 to 签字","status":"passed","title":"normalizes the controlled campus action 签署 to 签字","duration":0.5663999999999305,"failureMessages":[],"meta":{}},{"ancestorTitles":["RCO-5 facts-first contract"],"fullName":"RCO-5 facts-first contract normalizes the controlled campus action 反馈 to 回复","status":"passed","title":"normalizes the controlled campus action 反馈 to 回复","duration":0.3668999999999869,"failureMessages":[],"meta":{}},{"ancestorTitles":["RCO-5 facts-first contract"],"fullName":"RCO-5 facts-first contract normalizes the controlled campus action 缴纳 to 缴费","status":"passed","title":"normalizes the controlled campus action 缴纳 to 缴费","duration":0.36850000000004,"failureMessages":[],"meta":{}},{"ancestorTitles":["RCO-5 facts-first contract"],"fullName":"RCO-5 facts-first contract normalizes the controlled campus action 打卡 to 签到","status":"passed","title":"normalizes the controlled campus action 打卡 to 签到","duration":0.43780000000015207,"failureMessages":[],"meta":{}},{"ancestorTitles":["RCO-5 facts-first contract"],"fullName":"RCO-5 facts-first contract normalizes the controlled campus action 投票 to 投票","status":"passed","title":"normalizes the controlled campus action 投票 to 投票","duration":0.615099999999984,"failureMessages":[],"meta":{}},{"ancestorTitles":["RCO-5 facts-first contract"],"fullName":"RCO-5 facts-first contract normalizes the controlled campus action 报到 to 报到","status":"passed","title":"normalizes the controlled campus action 报到 to 报到","duration":0.4513000000001739,"failureMessages":[],"meta":{}},{"ancestorTitles":["RCO-5 facts-first contract"],"fullName":"RCO-5 facts-first contract normalizes the controlled campus action 扫码 to 扫码","status":"passed","title":"normalizes the controlled campus action 扫码 to 扫码","duration":0.44820000000004256,"failureMessages":[],"meta":{}},{"ancestorTitles":["RCO-5 facts-first contract"],"fullName":"RCO-5 facts-first contract normalizes the controlled campus action 认证 to 认证","status":"passed","title":"normalizes the controlled campus action 认证 to 认证","duration":0.5986000000000331,"failureMessages":[],"meta":{}},{"ancestorTitles":["RCO-5 facts-first contract"],"fullName":"RCO-5 facts-first contract normalizes the controlled campus action 查收 to 查收","status":"passed","title":"normalizes the controlled campus action 查收 to 查收","duration":0.40949999999998,"failureMessages":[],"meta":{}},{"ancestorTitles":["RCO-5 facts-first contract"],"fullName":"RCO-5 facts-first contract normalizes the controlled campus action 选课 to 选课","status":"passed","title":"normalizes the controlled campus action 选课 to 选课","duration":0.47329999999988104,"failureMessages":[],"meta":{}},{"ancestorTitles":["RCO-5 facts-first contract"],"fullName":"RCO-5 facts-first contract normalizes the controlled campus action 退课 to 退课","status":"passed","title":"normalizes the controlled campus action 退课 to 退课","duration":0.4048999999999978,"failureMessages":[],"meta":{}}],"startTime":1789303777110,"endTime":1789303777226.4734,"status":"passed","message":"","name":"C:/Users/Winner/student-affairs-multimodal-exp/src/recognition/facts.test.ts"},{"assertionResults":[{"ancestorTitles":["RCO-5-003 parser-verified provenance contract"],"fullName":"RCO-5-003 parser-verified provenance contract uses a new isolated schema and never claims a model run","status":"passed","title":"uses a new isolated schema and never claims a model run","duration":1.6767999999999574,"failureMessages":[],"meta":{}},{"ancestorTitles":["RCO-5-003 parser-verified provenance contract"],"fullName":"RCO-5-003 parser-verified provenance contract builds stable parser segments and exact source offsets","status":"passed","title":"builds stable parser segments and exact source offsets","duration":1.4447999999999865,"failureMessages":[],"meta":{}},{"ancestorTitles":["RCO-5-003 par
[...]
t Object.collect (file:///C:/Users/Winner/student-affairs-multimodal-exp/node_modules/@vitest/runner/dist/chunk-hooks.js:738:54)\n    at processTicksAndRejections (node:internal/process/task_queues:104:5)\n    at collectTests (file:///C:/Users/Winner/student-affairs-multimodal-exp/node_modules/@vitest/runner/dist/chunk-hooks.js:1179:25)\n    at startTests (file:///C:/Users/Winner/student-affairs-multimodal-exp/node_modules/@vitest/runner/dist/chunk-hooks.js:1817:17)\n    at file:///C:/Users/Winner/student-affairs-multimodal-exp/node_modules/vitest/dist/chunks/runBaseTests.9Ij9_de-.js:117:26\n    at withEnv (file:///C:/Users/Winner/student-affairs-multimodal-exp/node_modules/vitest/dist/chunks/runBaseTests.9Ij9_de-.js:84:3)\n    at run (file:///C:/Users/Winner/student-affairs-multimodal-exp/node_modules/vitest/dist/chunks/runBaseTests.9Ij9_de-.js:109:2)"],"meta":{}},{"ancestorTitles":["real-input isolated canonical connection, seen responses not model accuracy"],"fullName":"real-input isolated canonical connection, seen responses not model accuracy record corruption/identity substitution rejects before writes; original pending source retained on transaction failure","status":"passed","title":"record corruption/identity substitution rejects before writes; original pending source retained on transaction failure","duration":644.2474999999995,"failureMessages":[],"meta":{}},{"ancestorTitles":["real-input isolated canonical connection, seen responses not model accuracy"],"fullName":"real-input isolated canonical connection, seen responses not model accuracy material edits invalidate their observation; shared confirmed entity cannot be rewritten","status":"passed","title":"material edits invalidate their observation; shared confirmed entity cannot be rewritten","duration":931.5604999999996,"failureMessages":[],"meta":{}},{"ancestorTitles":["real-input isolated canonical connection, seen responses not model accuracy"],"fullName":"real-input isolated canonical connection, seen responses not model accuracy explicit material review separates requirement and availability: ready","status":"passed","title":"explicit material review separates requirement and availability: ready","duration":947.8936000000012,"failureMessages":[],"meta":{}},{"ancestorTitles":["real-input isolated canonical connection, seen responses not model accuracy"],"fullName":"real-input isolated canonical connection, seen responses not model accuracy explicit material review separates requirement and availability: missing","status":"passed","title":"explicit material review separates requirement and availability: missing","duration":884.3083999999999,"failureMessages":[],"meta":{}},{"ancestorTitles":["real-input isolated canonical connection, seen responses not model accuracy"],"fullName":"real-input isolated canonical connection, seen responses not model accuracy explicit material review separates requirement and availability: not_required","status":"passed","title":"explicit material review separates requirement and availability: not_required","duration":838.136199999999,"failureMessages":[],"meta":{}},{"ancestorTitles":["real-input isolated canonical connection, seen responses not model accuracy"],"fullName":"real-input isolated canonical connection, seen responses not model accuracy material review save failure is atomic, stale choices refuse, independent sibling can confirm","status":"passed","title":"material review save failure is atomic, stale choices refuse, independent sibling can confirm","duration":617.5411000000004,"failureMessages":[],"meta":{}},{"ancestorTitles":["real-input isolated canonical connection, seen responses not model accuracy"],"fullName":"real-input isolated canonical connection, seen responses not model accuracy engineering preparation resumes the same persisted request after partial failure without repeat consent or writes","status":"passed","title":"engineering preparation resumes the same persisted request after partial failure without repeat consent or writes","duration":72.46550000000025,"failureMessages":[],"meta":{}},{"ancestorTitles":["real-input isolated canonical connection, seen responses not model accuracy"],"fullName":"real-input isolated canonical connection, seen responses not model accuracy changed saved reading refuses recovery of a prepared request, retaining the original pending evidence","status":"passed","title":"changed saved reading refuses recovery of a prepared request, retaining the original pending evidence","duration":29.936400000000503,"failureMessages":[],"meta":{}},{"ancestorTitles":["real-input isolated canonical connection, seen responses not model accuracy"],"fullName":"real-input isolated canonical connection, seen responses not model accuracy saved source correction immediately expires old suggestions, prior review=false","status":"passed","title":"saved source correction immediately expires old suggestions, prior review=false","duration":102.54099999999926,"failureMessages":[],"meta":{}},{"ancestorTitles":["real-input isolated canonical connection, seen responses not model accuracy"],"fullName":"real-input isolated canonical connection, seen responses not model accuracy saved source correction immediately expires old suggestions, prior review=true","status":"passed","title":"saved source correction immediately expires old suggestions, prior review=true","duration":143.9279000000006,"failureMessages":[],"meta":{}},{"ancestorTitles":["real-input isolated canonical connection, seen responses not model accuracy"],"fullName":"real-input isolated canonical connection, seen responses not model accuracy saved correction preserves a previously confirmed task and independent source confirmation","status":"passed","title":"saved correction preserves a previously confirmed task and independent source confirmation","duration":1202.2741999999998,"failureMessages":[],"meta":{}},{"ancestorTitles":["real-input isolated canonical connection, seen responses not model accuracy"],"fullName":"real-input isolated canonical connection, seen responses not model accuracy object correction keeps the current default title consistent and preserves explicit user title=false","status":"passed","title":"object correction keeps the current default title consistent and preserves explicit user title=false","duration":607.8173000000006,"failureMessages":[],"meta":{}},{"ancestorTitles":["real-input isolated canonical connection, seen responses not model accuracy"],"fullName":"real-input isolated canonical connection, seen responses not model accuracy object correction keeps the current default title consistent and preserves explicit user title=true","status":"passed","title":"object correction keeps the current default title consistent and preserves explicit user title=true","duration":666.2374000000018,"failureMessages":[],"meta":{}},{"ancestorTitles":["real-input isolated canonical connection, seen responses not model accuracy"],"fullName":"real-input isolated canonical connection, seen responses not model accuracy failed reading correction leaves old input usable; saving then restoring still requires a new suggestion","status":"passed","title":"failed reading correction leaves old input usable; saving then restoring still requires a new suggestion","duration":172.96059999999852,"failureMessages":[],"meta":{}},{"ancestorTitles":["real-input isolated canonical connection, seen responses not model accuracy"],"fullName":"real-input isolated canonical connection, seen responses not model accuracy an unsent page correction preserves the explicitly selected page and can confirm normally","status":"passed","title":"an unsent page correction preserves the explicitly selected page and can confirm normally","duration":169.63810000000012,"failureMessages":[],"meta":{}},{"ancestorTitles":["real-input isolated canonical connection, seen responses not model accuracy"],"fullName":"real-input isolated canonical connection, seen responses not model accuracy late response for a corrected in-flight input fails cleanly and preserves the response as failure evidence","status":"passed","title":"late response for a corrected in-flight input fails cleanly and preserves the response as failure evidence","duration":38.26430000000255,"failureMessages":[],"meta":{}},{"ancestorTitles":["real-input isolated canonical connection, seen responses not model accuracy"],"fullName":"real-input isolated canonical connection, seen responses not model accuracy derived long title requires an explicit short user title without truncating the corrected object","status":"passed","title":"derived long title requires an explicit short user title without truncating the corrected object","duration":287.2105999999985,"failureMessages":[],"meta":{}},{"ancestorTitles":["real-input isolated canonical connection, seen responses not model accuracy"],"fullName":"real-input isolated canonical connection, seen responses not model accuracy saves real source and pending run before response; unchanged content does not create a second version","status":"passed","title":"saves real source and pending run before response; unchanged content does not create a second version","duration":37.41649999999936,"failureMessages":[],"meta":{}},{"ancestorTitles":["real-input isolated canonical connection, seen responses not model accuracy"],"fullName":"real-input isolated canonical connection, seen responses not model accuracy no selected flag can skip explicit review; reviewed no-date saves with zero time/reminders and reopens","status":"passed","title":"no selected flag can skip explicit review; reviewed no-date saves with zero time/reminders and reopens","duration":174.43019999999888,"failureMessages":[],"meta":{}},{"ancestorTitles":["real-input isolated canonical connection, seen responses not model accuracy"],"fullName":"real-input isolated canonical connection, seen responses not model accuracy explicit saved date/title invalidate old review and are the confirmed values; rollback is atomic","status":"passed","title":"explicit saved date/title invalidate old review and are the confirmed values; rollback is atomic","duration":316.0681999999979,"failureMessages":[],"meta":{}},{"ancestorTitles":["real-input isolated canonical connection, seen responses not model accuracy"],"fullName":"real-input isolated canonical connection, seen responses not model accuracy truth/status condition-true and nonzero normal confirmations","status":"passed","title":"truth/status condition-true and nonzero normal confirmations","duration":129.34460000000036,"failureMessages":[],"meta":{}},{"ancestorTitles":["real-input isolated canonical connection, seen responses not model accuracy"],"fullName":"real-input isolated canonical connection, seen responses not model accuracy truth/status condition-false and nonzero normal confirmations","status":"passed","title":"truth/status condition-false and nonzero normal confirmations","duration":57.19480000000112,"failureMessages":[],"meta":{}},{"ancestorTitles":["real-input isolated canonical connection, seen responses not model accuracy"],"fullName":"real-input isolated canonical connection, seen responses not model accuracy truth/status condition-unknown and nonzero normal confirmations","status":"passed","title":"truth/status condition-unknown and nonzero normal confirmations","duration":55.32890000000043,"failureMessages":[],"meta":{}},{"ancestorTitles":["real-input isolated canonical connection, seen responses not model accuracy"],"fullName":"real-input isolated canonical connection, seen responses not model accuracy truth/status revision and nonzero normal confirmations","status":"passed","title":"truth/status revision and nonzero normal confirmations","duration":183.20249999999942,"failureMessages":[],"meta":{}},{"ancestorTitles":["real-input isolated canonical connection, seen responses not model accuracy"],"fullName":"real-input isolated canonical connection, seen responses not model accuracy manual material repair persists exact values, keeps originals and independent brother confirmation","status":"passed","title":"manual material repair persists exact values, keeps originals and independent brother confirmation","duration":1031.0885999999991,"failureMessages":[],"meta":{}},{"ancestorTitles":["real-input isolated canonical connection, seen responses not model accuracy"],"fullName":"real-input isolated canonical connection, seen responses not model accuracy whole-source versions remain immutable, old pending draft is stale, confirmed task survives","status":"passed","title":"whole-source versions remain immutable, old pending draft is stale, confirmed task survives","duration":645.7780999999995,"failureMessages":[],"meta":{}},{"ancestorTitles":["real-input isolated canonical connection, seen responses not model accuracy"],"fullName":"real-input isolated canonical connection, seen responses not model accuracy changed source-only reading and duplicate operation cannot silently replace original; failed save rolls back","status":"passed","title":"changed source-only reading and duplicate operation cannot silently replace original; failed save rolls back","duration":14.285800000001473,"failureMessages":[],"meta":{}},{"ancestorTitles":["real-input isolated canonical connection, seen responses not model accuracy"],"fullName":"real-input isolated canonical connection, seen responses not model accuracy tampered first/effective review/raw or canonical is rejected, not repaired","status":"passed","title":"tampered first/effective review/raw or canonical is rejected, not repaired","duration":122.72710000000006,"failureMessages":[],"meta":{}},{"ancestorTitles":["real-input isolated canonical connection, seen responses not model accuracy"],"fullName":"real-input isolated canonical connection, seen responses not model accuracy pure information is explicitly disposed with no fake task; defer does not change unknown truth","status":"passed","title":"pure information is explicitly disposed with no fake task; defer does not change unknown truth","duration":46.117200000000594,"failureMessages":[],"meta":{}}],"startTime":1789303779859,"endTime":1789303796042.1172,"status":"failed","message":"","name":"C:/Users/Winner/student-affairs-multimodal-exp/src/experiments/realInput01/runtime.test.ts"},{"assertionResults":[{"ancestorTitles":["Workspace v8 domain graph validation"],"fullName":"Workspace v8 domain graph validation accepts the canonical complex competition fixture","status":"passed","title":"accepts the canonical complex competition fixture","duration":39.774,"failureMessages":[],"meta":{}},{"ancestorTitles":["Workspace v8 domain graph validation"],"fullName":"Workspace v8 domain graph validation rejects globally duplicated entity IDs and missing references","status":"passed","title":"rejects globally duplicated entity IDs and missing references","duration":7.295999999999935,"failureMessages":[],"meta":{}},{"ancestorTitles":["Workspace v8 domain graph validation"],"fullName":"Workspace v8 domain graph validation enforces a maximum subtask depth of one","status":"passed","title":"enforces a maximum subtask depth of one","duration":4.578200000000038,"failureMessages":[],"meta":{}},{"ancestorTitles":["Workspace v8 domain graph validation"],"fullName":"Workspace v8 domain graph validation detects dependency cycles","status":"passed","title":"detects dependency cycles","duration":4.489800000000059,"failureMessages":[],"meta":{}},{"ancestorTitles":["Workspace v8 domain graph validation"],"fullName":"Workspace v8 domain graph validation rejects sentinel dates and requires vague time to remain null","status":"passed","title":"rejects sentinel dates and requires vague time to remain null","duration":6.733899999999949,"failureMessages":[],"meta":{}},{"ancestorTitles":["Workspace v8 domain graph validation"],"fullName":"Workspace v8 domain graph validation rejects invalid workspace zones and entity timestamps","status":"passed","title":"rejects invalid workspace zones and entity timestamps","duration":4.788499999999999,"failureMessages":[],"meta":{}},{"ancestorTitles":["Workspace v8 domain graph validation"],"fullName":"Workspace v8 domain graph validation returns shape issues instead of throwing on unknown runtime input","status":"passed","title":"returns shape issues instead of throwing on unknown runtime input","duration":1.6621000000000095,"failureMessages":[],"meta":{}},{"ancestorTitles":["Workspace v8 domain graph validation"],"fullName":"Workspace v8 domain graph validation treats explicit undefined review metadata as absent optional fields","status":"passed","title":"treats explicit undefined review metadata as absent optional fields","duration":5.860400000000027,"failureMessages":[],"meta":{}},{"ancestorTitles":["Workspace v8 domain graph validation"],"fullName":"Workspace v8 domain graph validation accepts nested JSON-safe review metadata in legacyData","status":"passed","title":"accepts nested JSON-safe review metadata in legacyData","duration":5.606600000000071,"failureMessages":[],"meta":{}},{"ancestorTitles":["Workspace v8 domain graph validation"],"fullName":"Workspace v8 domain graph validation rejects nested undefined values in legacyData","status":"passed","title":"rejects nested undefined values in legacyData","duration":0.9252999999999929,"failureMessages":[],"meta":{}},{"ancestorTitles":["Workspace v8 domain graph validation"],"fullName":"Workspace v8 domain graph validation rejects nested BigInt values in legacyData","status":"passed","title":"rejects nested BigInt values in legacyData","duration":0.6236999999999853,"failureMessages":[],"meta":{}},{"ancestorTitles":["Workspace v8 domain graph validation"],"fullName":"Workspace v8 domain graph validation rejects nested function values in legacyData","status":"passed","title":"rejects nested function values in legacyData","duration":1.0966999999999416,"failureMessages":[],"meta":{}},{"ancestorTitles":["Workspace v8 domain graph validation"],"fullName":"Workspace v8 domain graph validation rejects nested non-plain object values in legacyData","status":"passed","title":"rejects nested non-plain object values in legacyData","duration":0.5211000000000467,"failureMessages":[],"meta":{}},{"ancestorTitles":["Workspace v8 domain graph validation"],"fullName":"Workspace v8 domain graph validation rejects nested non-finite number values in legacyData","status":"passed","title":"rejects nested non-finite number values in legacyData","duration":0.39829999999994925,"failureMessages":[],"meta":{}},{"ancestorTitles":["Workspace v8 domain graph validation"],"fullName":"Workspace v8 domain graph validation rejects nested sparse array values in legacyData","status":"passed","title":"rejects nested sparse array values in legacyData","duration":0.2818999999999505,"failureMessages":[],"meta":{}},{"ancestorTitles":["Workspace v8 domain graph validation"],"fullName":"Workspace v8 domain graph validation rejects cyclic legacyData without throwing","status":"passed","title":"rejects cyclic legacyData without throwing","duration":0.6376000000000204,"failureMessages":[],"meta":{}},{"ancestorTitles":["Workspace v8 domain graph validation"],"fullName":"Workspace v8 domain graph validation reports stable nested RecognitionResult paths for null elements and invalid enums","status":"passed","title":"reports stable nested RecognitionResult paths for null elements and invalid enums","duration":21.189700000000016,"failureMessages":[],"meta":{}},{"ancestorTitles":["Workspace v8 domain graph validation"],"fullName":"Workspace v8 domain graph validation rejects source, root and canonical entity ownership contradictions","status":"passed","title":"rejects source, root and canonical entity ownership contradictions","duration":5.366399999999999,"failureMessages":[],"meta":{}}],"startTime":1789303779566,"endTime":1789303779679.3665,"status":"passed","message":"","name":"C:/Users/Winner/student-affairs-multimodal-exp/src/domain/v2/validators/workspaceValidator.test.ts"}]}